[ 2017-03-04T15:53:13+08:00 ] 36.5.35.233 /couldbookmarks/
INFO: [ app_init ] --START--
INFO: Run Behavior\BuildLiteBehavior [ RunTime:0.000021s ]
INFO: [ app_init ] --END-- [ RunTime:0.002250s ]
INFO: [ app_begin ] --START--
INFO: Run Behavior\ReadHtmlCacheBehavior [ RunTime:0.002502s ]
INFO: [ app_begin ] --END-- [ RunTime:0.002549s ]
NOTIC: [8192] mysql_connect(): The mysql extension is deprecated and will be removed in the future: use mysqli or PDO instead /alidata/www/phpwind/couldbookmarks/ThinkPHP/Library/Think/Db/Driver/Mysql.class.php 第 52 行.
SQL: SHOW COLUMNS FROM `messages` [ RunTime:0.000661s ]
SQL: SHOW COLUMNS FROM `classify` [ RunTime:0.000318s ]
SQL: SELECT * FROM `classify`  [ RunTime:0.008972s ]
SQL: SELECT * FROM `messages` ORDER BY created_at  [ RunTime:0.002677s ]
INFO: [ view_parse ] --START--
INFO: [ template_filter ] --START--
INFO: Run Behavior\ContentReplaceBehavior [ RunTime:0.000043s ]
INFO: [ template_filter ] --END-- [ RunTime:0.000103s ]
INFO: Run Behavior\ParseTemplateBehavior [ RunTime:0.116335s ]
INFO: [ view_parse ] --END-- [ RunTime:0.116383s ]
INFO: [ view_filter ] --START--
INFO: Run Behavior\WriteHtmlCacheBehavior [ RunTime:0.002079s ]
INFO: [ view_filter ] --END-- [ RunTime:0.002130s ]
NOTIC: [8] Undefined variable: res /alidata/www/phpwind/couldbookmarks/Application/Home/Controller/IndexController.class.php 第 45 行.

[ 2017-03-04T15:53:19+08:00 ] 183.62.115.143 /couldbookmarks/
INFO: [ app_init ] --START--
INFO: Run Behavior\BuildLiteBehavior [ RunTime:0.000014s ]
INFO: [ app_init ] --END-- [ RunTime:0.000276s ]
INFO: [ app_begin ] --START--
INFO: Run Behavior\ReadHtmlCacheBehavior [ RunTime:0.000341s ]
INFO: [ app_begin ] --END-- [ RunTime:0.000384s ]
NOTIC: [8192] mysql_connect(): The mysql extension is deprecated and will be removed in the future: use mysqli or PDO instead /alidata/www/phpwind/couldbookmarks/ThinkPHP/Library/Think/Db/Driver/Mysql.class.php 第 52 行.
SQL: SHOW COLUMNS FROM `messages` [ RunTime:0.000538s ]
SQL: SHOW COLUMNS FROM `classify` [ RunTime:0.000302s ]
SQL: SELECT * FROM `classify`  [ RunTime:0.000116s ]
SQL: SELECT * FROM `messages` ORDER BY created_at  [ RunTime:0.000117s ]
INFO: [ view_parse ] --START--
INFO: [ template_filter ] --START--
INFO: Run Behavior\ContentReplaceBehavior [ RunTime:0.000030s ]
INFO: [ template_filter ] --END-- [ RunTime:0.000071s ]
INFO: Run Behavior\ParseTemplateBehavior [ RunTime:0.006326s ]
INFO: [ view_parse ] --END-- [ RunTime:0.006369s ]
INFO: [ view_filter ] --START--
INFO: Run Behavior\WriteHtmlCacheBehavior [ RunTime:0.000112s ]
INFO: [ view_filter ] --END-- [ RunTime:0.000165s ]
NOTIC: [8] Undefined variable: res /alidata/www/phpwind/couldbookmarks/Application/Home/Controller/IndexController.class.php 第 45 行.

[ 2017-03-04T15:53:23+08:00 ] 101.226.33.203 /couldbookmarks/
INFO: [ app_init ] --START--
INFO: Run Behavior\BuildLiteBehavior [ RunTime:0.000014s ]
INFO: [ app_init ] --END-- [ RunTime:0.000277s ]
INFO: [ app_begin ] --START--
INFO: Run Behavior\ReadHtmlCacheBehavior [ RunTime:0.000367s ]
INFO: [ app_begin ] --END-- [ RunTime:0.000410s ]
NOTIC: [8192] mysql_connect(): The mysql extension is deprecated and will be removed in the future: use mysqli or PDO instead /alidata/www/phpwind/couldbookmarks/ThinkPHP/Library/Think/Db/Driver/Mysql.class.php 第 52 行.
SQL: SHOW COLUMNS FROM `messages` [ RunTime:0.000521s ]
SQL: SHOW COLUMNS FROM `classify` [ RunTime:0.000300s ]
SQL: SELECT * FROM `classify`  [ RunTime:0.000117s ]
SQL: SELECT * FROM `messages` ORDER BY created_at  [ RunTime:0.000116s ]
INFO: [ view_parse ] --START--
INFO: [ template_filter ] --START--
INFO: Run Behavior\ContentReplaceBehavior [ RunTime:0.000031s ]
INFO: [ template_filter ] --END-- [ RunTime:0.000115s ]
INFO: Run Behavior\ParseTemplateBehavior [ RunTime:0.006420s ]
INFO: [ view_parse ] --END-- [ RunTime:0.006464s ]
INFO: [ view_filter ] --START--
INFO: Run Behavior\WriteHtmlCacheBehavior [ RunTime:0.000113s ]
INFO: [ view_filter ] --END-- [ RunTime:0.000149s ]
NOTIC: [8] Undefined variable: res /alidata/www/phpwind/couldbookmarks/Application/Home/Controller/IndexController.class.php 第 45 行.

[ 2017-03-04T15:53:29+08:00 ] 180.153.201.79 /couldbookmarks/
INFO: [ app_init ] --START--
INFO: Run Behavior\BuildLiteBehavior [ RunTime:0.000014s ]
INFO: [ app_init ] --END-- [ RunTime:0.000284s ]
INFO: [ app_begin ] --START--
INFO: Run Behavior\ReadHtmlCacheBehavior [ RunTime:0.000423s ]
INFO: [ app_begin ] --END-- [ RunTime:0.000470s ]
NOTIC: [8192] mysql_connect(): The mysql extension is deprecated and will be removed in the future: use mysqli or PDO instead /alidata/www/phpwind/couldbookmarks/ThinkPHP/Library/Think/Db/Driver/Mysql.class.php 第 52 行.
SQL: SHOW COLUMNS FROM `messages` [ RunTime:0.000520s ]
SQL: SHOW COLUMNS FROM `classify` [ RunTime:0.000311s ]
SQL: SELECT * FROM `classify`  [ RunTime:0.000114s ]
SQL: SELECT * FROM `messages` ORDER BY created_at  [ RunTime:0.000115s ]
INFO: [ view_parse ] --START--
INFO: [ template_filter ] --START--
INFO: Run Behavior\ContentReplaceBehavior [ RunTime:0.000046s ]
INFO: [ template_filter ] --END-- [ RunTime:0.000113s ]
INFO: Run Behavior\ParseTemplateBehavior [ RunTime:0.019535s ]
INFO: [ view_parse ] --END-- [ RunTime:0.019584s ]
INFO: [ view_filter ] --START--
INFO: Run Behavior\WriteHtmlCacheBehavior [ RunTime:0.000126s ]
INFO: [ view_filter ] --END-- [ RunTime:0.000163s ]
NOTIC: [8] Undefined variable: res /alidata/www/phpwind/couldbookmarks/Application/Home/Controller/IndexController.class.php 第 45 行.

[ 2017-03-04T15:53:29+08:00 ] 180.153.205.254 /couldbookmarks/
INFO: [ app_init ] --START--
INFO: Run Behavior\BuildLiteBehavior [ RunTime:0.000013s ]
INFO: [ app_init ] --END-- [ RunTime:0.000342s ]
INFO: [ app_begin ] --START--
INFO: Run Behavior\ReadHtmlCacheBehavior [ RunTime:0.000350s ]
INFO: [ app_begin ] --END-- [ RunTime:0.000411s ]
NOTIC: [8192] mysql_connect(): The mysql extension is deprecated and will be removed in the future: use mysqli or PDO instead /alidata/www/phpwind/couldbookmarks/ThinkPHP/Library/Think/Db/Driver/Mysql.class.php 第 52 行.
SQL: SHOW COLUMNS FROM `messages` [ RunTime:0.012573s ]
SQL: SHOW COLUMNS FROM `classify` [ RunTime:0.000303s ]
SQL: SELECT * FROM `classify`  [ RunTime:0.000134s ]
SQL: SELECT * FROM `messages` ORDER BY created_at  [ RunTime:0.000113s ]
INFO: [ view_parse ] --START--
INFO: [ template_filter ] --START--
INFO: Run Behavior\ContentReplaceBehavior [ RunTime:0.000034s ]
INFO: [ template_filter ] --END-- [ RunTime:0.000078s ]
INFO: Run Behavior\ParseTemplateBehavior [ RunTime:0.009414s ]
INFO: [ view_parse ] --END-- [ RunTime:0.009457s ]
INFO: [ view_filter ] --START--
INFO: Run Behavior\WriteHtmlCacheBehavior [ RunTime:0.000127s ]
INFO: [ view_filter ] --END-- [ RunTime:0.000163s ]
NOTIC: [8] Undefined variable: res /alidata/www/phpwind/couldbookmarks/Application/Home/Controller/IndexController.class.php 第 45 行.

[ 2017-03-04T15:53:29+08:00 ] 180.153.214.191 /couldbookmarks/
INFO: [ app_init ] --START--
INFO: Run Behavior\BuildLiteBehavior [ RunTime:0.000017s ]
INFO: [ app_init ] --END-- [ RunTime:0.000342s ]
INFO: [ app_begin ] --START--
INFO: Run Behavior\ReadHtmlCacheBehavior [ RunTime:0.000481s ]
INFO: [ app_begin ] --END-- [ RunTime:0.000536s ]
NOTIC: [8192] mysql_connect(): The mysql extension is deprecated and will be removed in the future: use mysqli or PDO instead /alidata/www/phpwind/couldbookmarks/ThinkPHP/Library/Think/Db/Driver/Mysql.class.php 第 52 行.
SQL: SHOW COLUMNS FROM `messages` [ RunTime:0.000377s ]
SQL: SHOW COLUMNS FROM `classify` [ RunTime:0.000307s ]
SQL: SELECT * FROM `classify`  [ RunTime:0.000104s ]
SQL: SELECT * FROM `messages` ORDER BY created_at  [ RunTime:0.000111s ]
INFO: [ view_parse ] --START--
INFO: [ template_filter ] --START--
INFO: Run Behavior\ContentReplaceBehavior [ RunTime:0.000035s ]
INFO: [ template_filter ] --END-- [ RunTime:0.000084s ]
INFO: Run Behavior\ParseTemplateBehavior [ RunTime:0.006660s ]
INFO: [ view_parse ] --END-- [ RunTime:0.006758s ]
INFO: [ view_filter ] --START--
INFO: Run Behavior\WriteHtmlCacheBehavior [ RunTime:0.000115s ]
INFO: [ view_filter ] --END-- [ RunTime:0.000151s ]
NOTIC: [8] Undefined variable: res /alidata/www/phpwind/couldbookmarks/Application/Home/Controller/IndexController.class.php 第 45 行.

[ 2017-03-04T15:53:29+08:00 ] 101.226.66.191 /couldbookmarks/
INFO: [ app_init ] --START--
INFO: Run Behavior\BuildLiteBehavior [ RunTime:0.000012s ]
INFO: [ app_init ] --END-- [ RunTime:0.000271s ]
INFO: [ app_begin ] --START--
INFO: Run Behavior\ReadHtmlCacheBehavior [ RunTime:0.000353s ]
INFO: [ app_begin ] --END-- [ RunTime:0.000397s ]
NOTIC: [8192] mysql_connect(): The mysql extension is deprecated and will be removed in the future: use mysqli or PDO instead /alidata/www/phpwind/couldbookmarks/ThinkPHP/Library/Think/Db/Driver/Mysql.class.php 第 52 行.
SQL: SHOW COLUMNS FROM `messages` [ RunTime:0.000442s ]
SQL: SHOW COLUMNS FROM `classify` [ RunTime:0.000299s ]
SQL: SELECT * FROM `classify`  [ RunTime:0.000122s ]
SQL: SELECT * FROM `messages` ORDER BY created_at  [ RunTime:0.000112s ]
INFO: [ view_parse ] --START--
INFO: [ template_filter ] --START--
INFO: Run Behavior\ContentReplaceBehavior [ RunTime:0.000032s ]
INFO: [ template_filter ] --END-- [ RunTime:0.000074s ]
INFO: Run Behavior\ParseTemplateBehavior [ RunTime:0.006436s ]
INFO: [ view_parse ] --END-- [ RunTime:0.006478s ]
INFO: [ view_filter ] --START--
INFO: Run Behavior\WriteHtmlCacheBehavior [ RunTime:0.000112s ]
INFO: [ view_filter ] --END-- [ RunTime:0.000172s ]
NOTIC: [8] Undefined variable: res /alidata/www/phpwind/couldbookmarks/Application/Home/Controller/IndexController.class.php 第 45 行.

[ 2017-03-04T15:53:46+08:00 ] 36.5.35.233 /couldbookmarks/index.php?m=home&c=index&a=check
INFO: [ app_init ] --START--
INFO: Run Behavior\BuildLiteBehavior [ RunTime:0.000029s ]
INFO: [ app_init ] --END-- [ RunTime:0.000335s ]
INFO: [ app_begin ] --START--
INFO: Run Behavior\ReadHtmlCacheBehavior [ RunTime:0.000352s ]
INFO: [ app_begin ] --END-- [ RunTime:0.000397s ]
NOTIC: [8192] mysql_connect(): The mysql extension is deprecated and will be removed in the future: use mysqli or PDO instead /alidata/www/phpwind/couldbookmarks/ThinkPHP/Library/Think/Db/Driver/Mysql.class.php 第 52 行.
SQL: SHOW COLUMNS FROM `addclassify` [ RunTime:0.041714s ]
ERR: 1146:Table 'couldbookmarks.addclassify' doesn't exist
 [ SQL语句 ] : SHOW COLUMNS FROM `addclassify`
SQL: SHOW COLUMNS FROM `classify` [ RunTime:0.000383s ]
SQL: INSERT INTO `classify` (`cname`) VALUES ('aswe') [ RunTime:0.041498s ]

[ 2017-03-04T15:53:47+08:00 ] 36.5.35.233 /couldbookmarks/index.php?m=home&c=index&a=index
INFO: [ app_init ] --START--
INFO: Run Behavior\BuildLiteBehavior [ RunTime:0.000014s ]
INFO: [ app_init ] --END-- [ RunTime:0.000275s ]
INFO: [ app_begin ] --START--
INFO: Run Behavior\ReadHtmlCacheBehavior [ RunTime:0.000343s ]
INFO: [ app_begin ] --END-- [ RunTime:0.000386s ]
NOTIC: [8192] mysql_connect(): The mysql extension is deprecated and will be removed in the future: use mysqli or PDO instead /alidata/www/phpwind/couldbookmarks/ThinkPHP/Library/Think/Db/Driver/Mysql.class.php 第 52 行.
SQL: SHOW COLUMNS FROM `messages` [ RunTime:0.000549s ]
SQL: SHOW COLUMNS FROM `classify` [ RunTime:0.000314s ]
SQL: SELECT * FROM `classify`  [ RunTime:0.000137s ]
SQL: SELECT * FROM `messages` ORDER BY created_at  [ RunTime:0.000119s ]
INFO: [ view_parse ] --START--
INFO: [ template_filter ] --START--
INFO: Run Behavior\ContentReplaceBehavior [ RunTime:0.000041s ]
INFO: [ template_filter ] --END-- [ RunTime:0.000108s ]
INFO: Run Behavior\ParseTemplateBehavior [ RunTime:0.021362s ]
INFO: [ view_parse ] --END-- [ RunTime:0.021409s ]
INFO: [ view_filter ] --START--
INFO: Run Behavior\WriteHtmlCacheBehavior [ RunTime:0.000137s ]
INFO: [ view_filter ] --END-- [ RunTime:0.000174s ]
NOTIC: [8] Undefined variable: res /alidata/www/phpwind/couldbookmarks/Application/Home/Controller/IndexController.class.php 第 45 行.

[ 2017-03-04T15:53:51+08:00 ] 36.5.35.233 /couldbookmarks/index.php?m=home&c=index&a=index
INFO: [ app_init ] --START--
INFO: Run Behavior\BuildLiteBehavior [ RunTime:0.000014s ]
INFO: [ app_init ] --END-- [ RunTime:0.000274s ]
INFO: [ app_begin ] --START--
INFO: Run Behavior\ReadHtmlCacheBehavior [ RunTime:0.000340s ]
INFO: [ app_begin ] --END-- [ RunTime:0.000384s ]
NOTIC: [8192] mysql_connect(): The mysql extension is deprecated and will be removed in the future: use mysqli or PDO instead /alidata/www/phpwind/couldbookmarks/ThinkPHP/Library/Think/Db/Driver/Mysql.class.php 第 52 行.
SQL: SHOW COLUMNS FROM `messages` [ RunTime:0.015487s ]
SQL: SHOW COLUMNS FROM `classify` [ RunTime:0.000317s ]
SQL: SELECT * FROM `classify`  [ RunTime:0.000133s ]
SQL: INSERT INTO `messages` (`name`,`content`,`classify`,`created_at`) VALUES ('213','213','aswe','2017-03-04 15:53:51') [ RunTime:0.003422s ]
INFO: [ view_parse ] --START--
INFO: [ template_filter ] --START--
INFO: Run Behavior\ContentReplaceBehavior [ RunTime:0.000029s ]
INFO: [ template_filter ] --END-- [ RunTime:0.000072s ]
INFO: Run Behavior\ParseTemplateBehavior [ RunTime:0.023158s ]
INFO: [ view_parse ] --END-- [ RunTime:0.023201s ]
INFO: [ view_filter ] --START--
INFO: Run Behavior\WriteHtmlCacheBehavior [ RunTime:0.000113s ]
INFO: [ view_filter ] --END-- [ RunTime:0.000148s ]

[ 2017-03-04T15:53:52+08:00 ] 36.5.35.233 /couldbookmarks/index.php?m=home&c=index&a=index
INFO: [ app_init ] --START--
INFO: Run Behavior\BuildLiteBehavior [ RunTime:0.000021s ]
INFO: [ app_init ] --END-- [ RunTime:0.000294s ]
INFO: [ app_begin ] --START--
INFO: Run Behavior\ReadHtmlCacheBehavior [ RunTime:0.000339s ]
INFO: [ app_begin ] --END-- [ RunTime:0.000400s ]
NOTIC: [8192] mysql_connect(): The mysql extension is deprecated and will be removed in the future: use mysqli or PDO instead /alidata/www/phpwind/couldbookmarks/ThinkPHP/Library/Think/Db/Driver/Mysql.class.php 第 52 行.
SQL: SHOW COLUMNS FROM `messages` [ RunTime:0.000573s ]
SQL: SHOW COLUMNS FROM `classify` [ RunTime:0.000298s ]
SQL: SELECT * FROM `classify`  [ RunTime:0.000145s ]
SQL: SELECT * FROM `messages` ORDER BY created_at  [ RunTime:0.000140s ]
INFO: [ view_parse ] --START--
INFO: [ template_filter ] --START--
INFO: Run Behavior\ContentReplaceBehavior [ RunTime:0.000042s ]
INFO: [ template_filter ] --END-- [ RunTime:0.000105s ]
INFO: Run Behavior\ParseTemplateBehavior [ RunTime:0.006681s ]
INFO: [ view_parse ] --END-- [ RunTime:0.006725s ]
INFO: [ view_filter ] --START--
INFO: Run Behavior\WriteHtmlCacheBehavior [ RunTime:0.000132s ]
INFO: [ view_filter ] --END-- [ RunTime:0.000169s ]
NOTIC: [8] Undefined variable: res /alidata/www/phpwind/couldbookmarks/Application/Home/Controller/IndexController.class.php 第 45 行.

[ 2017-03-04T15:53:57+08:00 ] 180.153.206.21 /couldbookmarks/index.php?m=home&c=index&a=index
INFO: [ app_init ] --START--
INFO: Run Behavior\BuildLiteBehavior [ RunTime:0.000015s ]
INFO: [ app_init ] --END-- [ RunTime:0.000314s ]
INFO: [ app_begin ] --START--
INFO: Run Behavior\ReadHtmlCacheBehavior [ RunTime:0.000339s ]
INFO: [ app_begin ] --END-- [ RunTime:0.000383s ]
NOTIC: [8192] mysql_connect(): The mysql extension is deprecated and will be removed in the future: use mysqli or PDO instead /alidata/www/phpwind/couldbookmarks/ThinkPHP/Library/Think/Db/Driver/Mysql.class.php 第 52 行.
SQL: SHOW COLUMNS FROM `messages` [ RunTime:0.004749s ]
SQL: SHOW COLUMNS FROM `classify` [ RunTime:0.000299s ]
SQL: SELECT * FROM `classify`  [ RunTime:0.000131s ]
SQL: SELECT * FROM `messages` ORDER BY created_at  [ RunTime:0.000134s ]
INFO: [ view_parse ] --START--
INFO: [ template_filter ] --START--
INFO: Run Behavior\ContentReplaceBehavior [ RunTime:0.000031s ]
INFO: [ template_filter ] --END-- [ RunTime:0.000072s ]
INFO: Run Behavior\ParseTemplateBehavior [ RunTime:0.006388s ]
INFO: [ view_parse ] --END-- [ RunTime:0.006430s ]
INFO: [ view_filter ] --START--
INFO: Run Behavior\WriteHtmlCacheBehavior [ RunTime:0.000127s ]
INFO: [ view_filter ] --END-- [ RunTime:0.000163s ]
NOTIC: [8] Undefined variable: res /alidata/www/phpwind/couldbookmarks/Application/Home/Controller/IndexController.class.php 第 45 行.

[ 2017-03-04T15:54:30+08:00 ] 220.178.20.90 /couldbookmarks/
INFO: [ app_init ] --START--
INFO: Run Behavior\BuildLiteBehavior [ RunTime:0.000014s ]
INFO: [ app_init ] --END-- [ RunTime:0.000277s ]
INFO: [ app_begin ] --START--
INFO: Run Behavior\ReadHtmlCacheBehavior [ RunTime:0.000363s ]
INFO: [ app_begin ] --END-- [ RunTime:0.000407s ]
NOTIC: [8192] mysql_connect(): The mysql extension is deprecated and will be removed in the future: use mysqli or PDO instead /alidata/www/phpwind/couldbookmarks/ThinkPHP/Library/Think/Db/Driver/Mysql.class.php 第 52 行.
SQL: SHOW COLUMNS FROM `messages` [ RunTime:0.000538s ]
SQL: SHOW COLUMNS FROM `classify` [ RunTime:0.000301s ]
SQL: SELECT * FROM `classify`  [ RunTime:0.000131s ]
SQL: SELECT * FROM `messages` ORDER BY created_at  [ RunTime:0.000136s ]
INFO: [ view_parse ] --START--
INFO: [ template_filter ] --START--
INFO: Run Behavior\ContentReplaceBehavior [ RunTime:0.000031s ]
INFO: [ template_filter ] --END-- [ RunTime:0.000073s ]
INFO: Run Behavior\ParseTemplateBehavior [ RunTime:0.006660s ]
INFO: [ view_parse ] --END-- [ RunTime:0.006703s ]
INFO: [ view_filter ] --START--
INFO: Run Behavior\WriteHtmlCacheBehavior [ RunTime:0.000112s ]
INFO: [ view_filter ] --END-- [ RunTime:0.000147s ]
NOTIC: [8] Undefined variable: res /alidata/www/phpwind/couldbookmarks/Application/Home/Controller/IndexController.class.php 第 45 行.

[ 2017-03-04T15:55:54+08:00 ] 220.178.20.94 /couldbookmarks/index.php?m=home&c=index&a=del
INFO: [ app_init ] --START--
INFO: Run Behavior\BuildLiteBehavior [ RunTime:0.000014s ]
INFO: [ app_init ] --END-- [ RunTime:0.000283s ]
INFO: [ app_begin ] --START--
INFO: Run Behavior\ReadHtmlCacheBehavior [ RunTime:0.000435s ]
INFO: [ app_begin ] --END-- [ RunTime:0.000477s ]
NOTIC: [2048] Declaration of Common\Model\DeleteMessageModel::delete() should be compatible with Think\Model::delete($options = Array) /alidata/www/phpwind/couldbookmarks/Application/Common/Model/DeleteMessageModel.class.php 第 9 行.
NOTIC: [8192] mysql_connect(): The mysql extension is deprecated and will be removed in the future: use mysqli or PDO instead /alidata/www/phpwind/couldbookmarks/ThinkPHP/Library/Think/Db/Driver/Mysql.class.php 第 52 行.
SQL: SHOW COLUMNS FROM `delete_message` [ RunTime:0.000426s ]
ERR: 1146:Table 'couldbookmarks.delete_message' doesn't exist
 [ SQL语句 ] : SHOW COLUMNS FROM `delete_message`
SQL: SHOW COLUMNS FROM `messages` [ RunTime:0.000393s ]
SQL: DELETE FROM `messages` WHERE `id` = 29 [ RunTime:0.005420s ]

[ 2017-03-04T15:55:56+08:00 ] 220.178.20.94 /couldbookmarks/index.php?m=home&c=index&a=index
INFO: [ app_init ] --START--
INFO: Run Behavior\BuildLiteBehavior [ RunTime:0.000013s ]
INFO: [ app_init ] --END-- [ RunTime:0.000278s ]
INFO: [ app_begin ] --START--
INFO: Run Behavior\ReadHtmlCacheBehavior [ RunTime:0.000364s ]
INFO: [ app_begin ] --END-- [ RunTime:0.000407s ]
NOTIC: [8192] mysql_connect(): The mysql extension is deprecated and will be removed in the future: use mysqli or PDO instead /alidata/www/phpwind/couldbookmarks/ThinkPHP/Library/Think/Db/Driver/Mysql.class.php 第 52 行.
SQL: SHOW COLUMNS FROM `messages` [ RunTime:0.000561s ]
SQL: SHOW COLUMNS FROM `classify` [ RunTime:0.000296s ]
SQL: SELECT * FROM `classify`  [ RunTime:0.000132s ]
SQL: SELECT * FROM `messages` ORDER BY created_at  [ RunTime:0.000122s ]
INFO: [ view_parse ] --START--
INFO: [ template_filter ] --START--
INFO: Run Behavior\ContentReplaceBehavior [ RunTime:0.000031s ]
INFO: [ template_filter ] --END-- [ RunTime:0.000072s ]
INFO: Run Behavior\ParseTemplateBehavior [ RunTime:0.006378s ]
INFO: [ view_parse ] --END-- [ RunTime:0.006420s ]
INFO: [ view_filter ] --START--
INFO: Run Behavior\WriteHtmlCacheBehavior [ RunTime:0.000129s ]
INFO: [ view_filter ] --END-- [ RunTime:0.000165s ]
NOTIC: [8] Undefined variable: res /alidata/www/phpwind/couldbookmarks/Application/Home/Controller/IndexController.class.php 第 45 行.

[ 2017-03-04T15:55:58+08:00 ] 220.178.20.94 /couldbookmarks/index.php?m=home&c=index&a=check
INFO: [ app_init ] --START--
INFO: Run Behavior\BuildLiteBehavior [ RunTime:0.000013s ]
INFO: [ app_init ] --END-- [ RunTime:0.000298s ]
INFO: [ app_begin ] --START--
INFO: Run Behavior\ReadHtmlCacheBehavior [ RunTime:0.000337s ]
INFO: [ app_begin ] --END-- [ RunTime:0.000381s ]

[ 2017-03-04T15:56:04+08:00 ] 220.178.20.94 /couldbookmarks/index.php?m=home&c=index&a=check
INFO: [ app_init ] --START--
INFO: Run Behavior\BuildLiteBehavior [ RunTime:0.000020s ]
INFO: [ app_init ] --END-- [ RunTime:0.000309s ]
INFO: [ app_begin ] --START--
INFO: Run Behavior\ReadHtmlCacheBehavior [ RunTime:0.000352s ]
INFO: [ app_begin ] --END-- [ RunTime:0.000392s ]
NOTIC: [8192] mysql_connect(): The mysql extension is deprecated and will be removed in the future: use mysqli or PDO instead /alidata/www/phpwind/couldbookmarks/ThinkPHP/Library/Think/Db/Driver/Mysql.class.php 第 52 行.
SQL: SHOW COLUMNS FROM `addclassify` [ RunTime:0.000448s ]
ERR: 1146:Table 'couldbookmarks.addclassify' doesn't exist
 [ SQL语句 ] : SHOW COLUMNS FROM `addclassify`
SQL: SHOW COLUMNS FROM `classify` [ RunTime:0.000334s ]
SQL: INSERT INTO `classify` (`cname`) VALUES ('嘿嘿') [ RunTime:0.000193s ]

[ 2017-03-04T15:56:06+08:00 ] 220.178.20.94 /couldbookmarks/index.php?m=home&c=index&a=index
INFO: [ app_init ] --START--
INFO: Run Behavior\BuildLiteBehavior [ RunTime:0.000014s ]
INFO: [ app_init ] --END-- [ RunTime:0.000313s ]
INFO: [ app_begin ] --START--
INFO: Run Behavior\ReadHtmlCacheBehavior [ RunTime:0.000339s ]
INFO: [ app_begin ] --END-- [ RunTime:0.000383s ]
NOTIC: [8192] mysql_connect(): The mysql extension is deprecated and will be removed in the future: use mysqli or PDO instead /alidata/www/phpwind/couldbookmarks/ThinkPHP/Library/Think/Db/Driver/Mysql.class.php 第 52 行.
SQL: SHOW COLUMNS FROM `messages` [ RunTime:0.000622s ]
SQL: SHOW COLUMNS FROM `classify` [ RunTime:0.000307s ]
SQL: SELECT * FROM `classify`  [ RunTime:0.000144s ]
SQL: SELECT * FROM `messages` ORDER BY created_at  [ RunTime:0.000120s ]
INFO: [ view_parse ] --START--
INFO: [ template_filter ] --START--
INFO: Run Behavior\ContentReplaceBehavior [ RunTime:0.000030s ]
INFO: [ template_filter ] --END-- [ RunTime:0.000071s ]
INFO: Run Behavior\ParseTemplateBehavior [ RunTime:0.006466s ]
INFO: [ view_parse ] --END-- [ RunTime:0.006524s ]
INFO: [ view_filter ] --START--
INFO: Run Behavior\WriteHtmlCacheBehavior [ RunTime:0.000111s ]
INFO: [ view_filter ] --END-- [ RunTime:0.000147s ]
NOTIC: [8] Undefined variable: res /alidata/www/phpwind/couldbookmarks/Application/Home/Controller/IndexController.class.php 第 45 行.

[ 2017-03-04T15:56:37+08:00 ] 220.178.20.95 /couldbookmarks/index.php?m=home&c=index&a=check
INFO: [ app_init ] --START--
INFO: Run Behavior\BuildLiteBehavior [ RunTime:0.000014s ]
INFO: [ app_init ] --END-- [ RunTime:0.000306s ]
INFO: [ app_begin ] --START--
INFO: Run Behavior\ReadHtmlCacheBehavior [ RunTime:0.000343s ]
INFO: [ app_begin ] --END-- [ RunTime:0.000385s ]
NOTIC: [8192] mysql_connect(): The mysql extension is deprecated and will be removed in the future: use mysqli or PDO instead /alidata/www/phpwind/couldbookmarks/ThinkPHP/Library/Think/Db/Driver/Mysql.class.php 第 52 行.
SQL: SHOW COLUMNS FROM `addclassify` [ RunTime:0.000571s ]
ERR: 1146:Table 'couldbookmarks.addclassify' doesn't exist
 [ SQL语句 ] : SHOW COLUMNS FROM `addclassify`
SQL: SHOW COLUMNS FROM `classify` [ RunTime:0.000346s ]
SQL: INSERT INTO `classify` (`cname`) VALUES ('嘿嘿') [ RunTime:0.000172s ]

[ 2017-03-04T15:56:39+08:00 ] 220.178.20.95 /couldbookmarks/index.php?m=home&c=index&a=index
INFO: [ app_init ] --START--
INFO: Run Behavior\BuildLiteBehavior [ RunTime:0.000014s ]
INFO: [ app_init ] --END-- [ RunTime:0.000279s ]
INFO: [ app_begin ] --START--
INFO: Run Behavior\ReadHtmlCacheBehavior [ RunTime:0.000363s ]
INFO: [ app_begin ] --END-- [ RunTime:0.000406s ]
NOTIC: [8192] mysql_connect(): The mysql extension is deprecated and will be removed in the future: use mysqli or PDO instead /alidata/www/phpwind/couldbookmarks/ThinkPHP/Library/Think/Db/Driver/Mysql.class.php 第 52 行.
SQL: SHOW COLUMNS FROM `messages` [ RunTime:0.000562s ]
SQL: SHOW COLUMNS FROM `classify` [ RunTime:0.000299s ]
SQL: SELECT * FROM `classify`  [ RunTime:0.000137s ]
SQL: SELECT * FROM `messages` ORDER BY created_at  [ RunTime:0.000118s ]
INFO: [ view_parse ] --START--
INFO: [ template_filter ] --START--
INFO: Run Behavior\ContentReplaceBehavior [ RunTime:0.000035s ]
INFO: [ template_filter ] --END-- [ RunTime:0.000088s ]
INFO: Run Behavior\ParseTemplateBehavior [ RunTime:0.006409s ]
INFO: [ view_parse ] --END-- [ RunTime:0.006449s ]
INFO: [ view_filter ] --START--
INFO: Run Behavior\WriteHtmlCacheBehavior [ RunTime:0.000114s ]
INFO: [ view_filter ] --END-- [ RunTime:0.000167s ]
NOTIC: [8] Undefined variable: res /alidata/www/phpwind/couldbookmarks/Application/Home/Controller/IndexController.class.php 第 45 行.

[ 2017-03-04T15:56:55+08:00 ] 220.178.20.95 /couldbookmarks/index.php?m=home&c=index&a=check
INFO: [ app_init ] --START--
INFO: Run Behavior\BuildLiteBehavior [ RunTime:0.000014s ]
INFO: [ app_init ] --END-- [ RunTime:0.000301s ]
INFO: [ app_begin ] --START--
INFO: Run Behavior\ReadHtmlCacheBehavior [ RunTime:0.000345s ]
INFO: [ app_begin ] --END-- [ RunTime:0.000385s ]
NOTIC: [8192] mysql_connect(): The mysql extension is deprecated and will be removed in the future: use mysqli or PDO instead /alidata/www/phpwind/couldbookmarks/ThinkPHP/Library/Think/Db/Driver/Mysql.class.php 第 52 行.
SQL: SHOW COLUMNS FROM `addclassify` [ RunTime:0.000415s ]
ERR: 1146:Table 'couldbookmarks.addclassify' doesn't exist
 [ SQL语句 ] : SHOW COLUMNS FROM `addclassify`
SQL: SHOW COLUMNS FROM `classify` [ RunTime:0.000355s ]
SQL: INSERT INTO `classify` (`cname`) VALUES ('嘿嘿') [ RunTime:0.000166s ]

[ 2017-03-04T15:57:06+08:00 ] 220.178.20.130 /couldbookmarks/index.php?m=home&c=index&a=index
INFO: [ app_init ] --START--
INFO: Run Behavior\BuildLiteBehavior [ RunTime:0.000015s ]
INFO: [ app_init ] --END-- [ RunTime:0.000289s ]
INFO: [ app_begin ] --START--
INFO: Run Behavior\ReadHtmlCacheBehavior [ RunTime:0.000340s ]
INFO: [ app_begin ] --END-- [ RunTime:0.000383s ]
NOTIC: [8192] mysql_connect(): The mysql extension is deprecated and will be removed in the future: use mysqli or PDO instead /alidata/www/phpwind/couldbookmarks/ThinkPHP/Library/Think/Db/Driver/Mysql.class.php 第 52 行.
SQL: SHOW COLUMNS FROM `messages` [ RunTime:0.008345s ]
SQL: SHOW COLUMNS FROM `classify` [ RunTime:0.000304s ]
SQL: SELECT * FROM `classify`  [ RunTime:0.000136s ]
SQL: SELECT * FROM `messages` ORDER BY created_at  [ RunTime:0.000133s ]
INFO: [ view_parse ] --START--
INFO: [ template_filter ] --START--
INFO: Run Behavior\ContentReplaceBehavior [ RunTime:0.000037s ]
INFO: [ template_filter ] --END-- [ RunTime:0.000094s ]
INFO: Run Behavior\ParseTemplateBehavior [ RunTime:0.006466s ]
INFO: [ view_parse ] --END-- [ RunTime:0.006508s ]
INFO: [ view_filter ] --START--
INFO: Run Behavior\WriteHtmlCacheBehavior [ RunTime:0.000114s ]
INFO: [ view_filter ] --END-- [ RunTime:0.000150s ]
NOTIC: [8] Undefined variable: res /alidata/www/phpwind/couldbookmarks/Application/Home/Controller/IndexController.class.php 第 45 行.

[ 2017-03-04T16:00:12+08:00 ] 119.147.146.60 /couldbookmarks/
INFO: [ app_init ] --START--
INFO: Run Behavior\BuildLiteBehavior [ RunTime:0.000015s ]
INFO: [ app_init ] --END-- [ RunTime:0.000291s ]
INFO: [ app_begin ] --START--
INFO: Run Behavior\ReadHtmlCacheBehavior [ RunTime:0.000352s ]
INFO: [ app_begin ] --END-- [ RunTime:0.000395s ]
NOTIC: [8192] mysql_connect(): The mysql extension is deprecated and will be removed in the future: use mysqli or PDO instead /alidata/www/phpwind/couldbookmarks/ThinkPHP/Library/Think/Db/Driver/Mysql.class.php 第 52 行.
SQL: SHOW COLUMNS FROM `messages` [ RunTime:0.000570s ]
SQL: SHOW COLUMNS FROM `classify` [ RunTime:0.000332s ]
SQL: SELECT * FROM `classify`  [ RunTime:0.000191s ]
SQL: SELECT * FROM `messages` ORDER BY created_at  [ RunTime:0.000117s ]
INFO: [ view_parse ] --START--
INFO: [ template_filter ] --START--
INFO: Run Behavior\ContentReplaceBehavior [ RunTime:0.000036s ]
INFO: [ template_filter ] --END-- [ RunTime:0.000081s ]
INFO: Run Behavior\ParseTemplateBehavior [ RunTime:0.007066s ]
INFO: [ view_parse ] --END-- [ RunTime:0.007126s ]
INFO: [ view_filter ] --START--
INFO: Run Behavior\WriteHtmlCacheBehavior [ RunTime:0.000117s ]
INFO: [ view_filter ] --END-- [ RunTime:0.000153s ]
NOTIC: [8] Undefined variable: res /alidata/www/phpwind/couldbookmarks/Application/Home/Controller/IndexController.class.php 第 45 行.

[ 2017-03-04T16:18:49+08:00 ] 223.104.18.20 /couldbookmarks/
INFO: [ app_init ] --START--
INFO: Run Behavior\BuildLiteBehavior [ RunTime:0.000014s ]
INFO: [ app_init ] --END-- [ RunTime:0.000301s ]
INFO: [ app_begin ] --START--
INFO: Run Behavior\ReadHtmlCacheBehavior [ RunTime:0.000412s ]
INFO: [ app_begin ] --END-- [ RunTime:0.000456s ]
NOTIC: [8192] mysql_connect(): The mysql extension is deprecated and will be removed in the future: use mysqli or PDO instead /alidata/www/phpwind/couldbookmarks/ThinkPHP/Library/Think/Db/Driver/Mysql.class.php 第 52 行.
SQL: SHOW COLUMNS FROM `messages` [ RunTime:0.000644s ]
SQL: SHOW COLUMNS FROM `classify` [ RunTime:0.000528s ]
SQL: SELECT * FROM `classify`  [ RunTime:0.000171s ]
SQL: SELECT * FROM `messages` ORDER BY created_at  [ RunTime:0.000151s ]
INFO: [ view_parse ] --START--
INFO: [ template_filter ] --START--
INFO: Run Behavior\ContentReplaceBehavior [ RunTime:0.000036s ]
INFO: [ template_filter ] --END-- [ RunTime:0.000079s ]
INFO: Run Behavior\ParseTemplateBehavior [ RunTime:0.006990s ]
INFO: [ view_parse ] --END-- [ RunTime:0.007046s ]
INFO: [ view_filter ] --START--
INFO: Run Behavior\WriteHtmlCacheBehavior [ RunTime:0.000116s ]
INFO: [ view_filter ] --END-- [ RunTime:0.000152s ]
NOTIC: [8] Undefined variable: res /alidata/www/phpwind/couldbookmarks/Application/Home/Controller/IndexController.class.php 第 45 行.

[ 2017-03-04T16:18:54+08:00 ] 223.104.18.20 /couldbookmarks/index.php?m=home&c=index&a=check
INFO: [ app_init ] --START--
INFO: Run Behavior\BuildLiteBehavior [ RunTime:0.000014s ]
INFO: [ app_init ] --END-- [ RunTime:0.000276s ]
INFO: [ app_begin ] --START--
INFO: Run Behavior\ReadHtmlCacheBehavior [ RunTime:0.000338s ]
INFO: [ app_begin ] --END-- [ RunTime:0.000379s ]

[ 2017-03-04T16:42:37+08:00 ] 120.209.206.168 /couldbookmarks/
INFO: [ app_init ] --START--
INFO: Run Behavior\BuildLiteBehavior [ RunTime:0.000014s ]
INFO: [ app_init ] --END-- [ RunTime:0.000281s ]
INFO: [ app_begin ] --START--
INFO: Run Behavior\ReadHtmlCacheBehavior [ RunTime:0.000346s ]
INFO: [ app_begin ] --END-- [ RunTime:0.000389s ]
NOTIC: [8192] mysql_connect(): The mysql extension is deprecated and will be removed in the future: use mysqli or PDO instead /alidata/www/phpwind/couldbookmarks/ThinkPHP/Library/Think/Db/Driver/Mysql.class.php 第 52 行.
SQL: SHOW COLUMNS FROM `messages` [ RunTime:0.000570s ]
SQL: SHOW COLUMNS FROM `classify` [ RunTime:0.000298s ]
SQL: SELECT * FROM `classify`  [ RunTime:0.000166s ]
SQL: SELECT * FROM `messages` ORDER BY created_at  [ RunTime:0.000117s ]
INFO: [ view_parse ] --START--
INFO: [ template_filter ] --START--
INFO: Run Behavior\ContentReplaceBehavior [ RunTime:0.000030s ]
INFO: [ template_filter ] --END-- [ RunTime:0.000086s ]
INFO: Run Behavior\ParseTemplateBehavior [ RunTime:0.006452s ]
INFO: [ view_parse ] --END-- [ RunTime:0.006494s ]
INFO: [ view_filter ] --START--
INFO: Run Behavior\WriteHtmlCacheBehavior [ RunTime:0.000111s ]
INFO: [ view_filter ] --END-- [ RunTime:0.000147s ]
NOTIC: [8] Undefined variable: res /alidata/www/phpwind/couldbookmarks/Application/Home/Controller/IndexController.class.php 第 45 行.

[ 2017-03-04T20:23:37+08:00 ] 36.5.35.233 /couldbookmarks/
INFO: [ app_init ] --START--
INFO: Run Behavior\BuildLiteBehavior [ RunTime:0.000023s ]
INFO: [ app_init ] --END-- [ RunTime:0.026160s ]
INFO: [ app_begin ] --START--
INFO: Run Behavior\ReadHtmlCacheBehavior [ RunTime:0.003581s ]
INFO: [ app_begin ] --END-- [ RunTime:0.003631s ]
NOTIC: [8192] mysql_connect(): The mysql extension is deprecated and will be removed in the future: use mysqli or PDO instead /alidata/www/phpwind/couldbookmarks/ThinkPHP/Library/Think/Db/Driver/Mysql.class.php 第 52 行.
NOTIC: [2] mysql_connect(): No such file or directory /alidata/www/phpwind/couldbookmarks/ThinkPHP/Library/Think/Db/Driver/Mysql.class.php 第 52 行.
ERR: No such file or directory

