[ 2017-09-15T09:35:36+08:00 ] ::1 /couldbookmarks/index.php?m=home&c=index&a=getAllMsg
INFO: [ app_init ] --START--
INFO: Run Behavior\BuildLiteBehavior [ RunTime:0.000038s ]
INFO: [ app_init ] --END-- [ RunTime:0.003481s ]
INFO: [ app_begin ] --START--
INFO: Run Behavior\ReadHtmlCacheBehavior [ RunTime:0.001142s ]
INFO: [ app_begin ] --END-- [ RunTime:0.001215s ]
SQL: SHOW COLUMNS FROM `messages` [ RunTime:0.010733s ]
NOTIC: [8] Undefined index: classify E:\Program Files\phpstudy\WWW\Couldbookmarks\Application\Home\Controller\IndexController.class.php 第 81 行.

[ 2017-09-15T09:35:38+08:00 ] ::1 /couldbookmarks/index.php?m=home&c=index&a=getAllMsg
INFO: [ app_init ] --START--
INFO: Run Behavior\BuildLiteBehavior [ RunTime:0.000022s ]
INFO: [ app_init ] --END-- [ RunTime:0.000543s ]
INFO: [ app_begin ] --START--
INFO: Run Behavior\ReadHtmlCacheBehavior [ RunTime:0.000766s ]
INFO: [ app_begin ] --END-- [ RunTime:0.000846s ]
SQL: SHOW COLUMNS FROM `messages` [ RunTime:0.005350s ]
SQL: SELECT * FROM `messages` ORDER BY created_at  [ RunTime:0.000864s ]

[ 2017-09-15T09:36:29+08:00 ] ::1 /couldbookmarks/index.php?m=home&c=index&a=getClassify
INFO: [ app_init ] --START--
INFO: Run Behavior\BuildLiteBehavior [ RunTime:0.000020s ]
INFO: [ app_init ] --END-- [ RunTime:0.000476s ]
INFO: [ app_begin ] --START--
INFO: Run Behavior\ReadHtmlCacheBehavior [ RunTime:0.000627s ]
INFO: [ app_begin ] --END-- [ RunTime:0.000686s ]
NOTIC: [8] Undefined index: classify E:\Program Files\phpstudy\WWW\Couldbookmarks\Application\Home\Controller\IndexController.class.php 第 91 行.
SQL: SHOW COLUMNS FROM `classify` [ RunTime:0.008354s ]
SQL: SELECT * FROM `classify`  [ RunTime:0.000673s ]

[ 2017-09-15T09:37:37+08:00 ] ::1 /couldbookmarks/index.php?m=home&c=index&a=getClassify
INFO: [ app_init ] --START--
INFO: Run Behavior\BuildLiteBehavior [ RunTime:0.000021s ]
INFO: [ app_init ] --END-- [ RunTime:0.000594s ]
INFO: [ app_begin ] --START--
INFO: Run Behavior\ReadHtmlCacheBehavior [ RunTime:0.000977s ]
INFO: [ app_begin ] --END-- [ RunTime:0.001092s ]
NOTIC: [8] Undefined index: classify E:\Program Files\phpstudy\WWW\Couldbookmarks\Application\Home\Controller\IndexController.class.php 第 91 行.
SQL: SHOW COLUMNS FROM `classify` [ RunTime:0.004249s ]
SQL: SELECT * FROM `classify`  [ RunTime:0.000353s ]

[ 2017-09-15T09:38:48+08:00 ] ::1 /couldbookmarks/index.php?m=home&c=index&a=getAllMsg
INFO: [ app_init ] --START--
INFO: Run Behavior\BuildLiteBehavior [ RunTime:0.000016s ]
INFO: [ app_init ] --END-- [ RunTime:0.000369s ]
INFO: [ app_begin ] --START--
INFO: Run Behavior\ReadHtmlCacheBehavior [ RunTime:0.000532s ]
INFO: [ app_begin ] --END-- [ RunTime:0.000578s ]
SQL: SHOW COLUMNS FROM `messages` [ RunTime:0.005103s ]
SQL: SELECT * FROM `messages` ORDER BY created_at  [ RunTime:0.000448s ]

[ 2017-09-15T09:38:56+08:00 ] ::1 /couldbookmarks/index.php?m=home&c=index&a=getAllMsg
INFO: [ app_init ] --START--
INFO: Run Behavior\BuildLiteBehavior [ RunTime:0.000021s ]
INFO: [ app_init ] --END-- [ RunTime:0.000581s ]
INFO: [ app_begin ] --START--
INFO: Run Behavior\ReadHtmlCacheBehavior [ RunTime:0.000748s ]
INFO: [ app_begin ] --END-- [ RunTime:0.000823s ]
SQL: SHOW COLUMNS FROM `messages` [ RunTime:0.005668s ]
SQL: SELECT * FROM `messages` ORDER BY created_at  [ RunTime:0.000609s ]

[ 2017-09-15T09:39:35+08:00 ] ::1 /couldbookmarks/index.php?m=home&c=index&a=getAllMsg
INFO: [ app_init ] --START--
INFO: Run Behavior\BuildLiteBehavior [ RunTime:0.000023s ]
INFO: [ app_init ] --END-- [ RunTime:0.000573s ]
INFO: [ app_begin ] --START--
INFO: Run Behavior\ReadHtmlCacheBehavior [ RunTime:0.000815s ]
INFO: [ app_begin ] --END-- [ RunTime:0.000903s ]
SQL: SHOW COLUMNS FROM `messages` [ RunTime:0.006732s ]
SQL: SELECT * FROM `messages` ORDER BY created_at  [ RunTime:0.000596s ]

[ 2017-09-15T09:39:39+08:00 ] ::1 /couldbookmarks/index.php?m=home&c=index&a=getAllMsg
INFO: [ app_init ] --START--
INFO: Run Behavior\BuildLiteBehavior [ RunTime:0.000021s ]
INFO: [ app_init ] --END-- [ RunTime:0.000607s ]
INFO: [ app_begin ] --START--
INFO: Run Behavior\ReadHtmlCacheBehavior [ RunTime:0.000920s ]
INFO: [ app_begin ] --END-- [ RunTime:0.001001s ]
SQL: SHOW COLUMNS FROM `messages` [ RunTime:0.005119s ]
SQL: SELECT * FROM `messages` ORDER BY created_at  [ RunTime:0.000440s ]

[ 2017-09-15T09:40:00+08:00 ] ::1 /couldbookmarks/index.php?m=home&c=index&a=getAllMsg
INFO: [ app_init ] --START--
INFO: Run Behavior\BuildLiteBehavior [ RunTime:0.000027s ]
INFO: [ app_init ] --END-- [ RunTime:0.000494s ]
INFO: [ app_begin ] --START--
INFO: Run Behavior\ReadHtmlCacheBehavior [ RunTime:0.000792s ]
INFO: [ app_begin ] --END-- [ RunTime:0.000876s ]
SQL: SHOW COLUMNS FROM `messages` [ RunTime:0.005423s ]
SQL: SELECT * FROM `messages` ORDER BY created_at  [ RunTime:0.000388s ]

[ 2017-09-15T09:40:18+08:00 ] ::1 /couldbookmarks/index.php?m=home&c=index&a=getAllMsg
INFO: [ app_init ] --START--
INFO: Run Behavior\BuildLiteBehavior [ RunTime:0.000021s ]
INFO: [ app_init ] --END-- [ RunTime:0.000509s ]
INFO: [ app_begin ] --START--
INFO: Run Behavior\ReadHtmlCacheBehavior [ RunTime:0.000754s ]
INFO: [ app_begin ] --END-- [ RunTime:0.000829s ]
SQL: SHOW COLUMNS FROM `messages` [ RunTime:0.005375s ]
SQL: SELECT * FROM `messages` ORDER BY created_at  [ RunTime:0.000362s ]

[ 2017-09-15T09:40:30+08:00 ] ::1 /couldbookmarks/index.php?m=home&c=index&a=getAllMsg
INFO: [ app_init ] --START--
INFO: Run Behavior\BuildLiteBehavior [ RunTime:0.000023s ]
INFO: [ app_init ] --END-- [ RunTime:0.000922s ]
INFO: [ app_begin ] --START--
INFO: Run Behavior\ReadHtmlCacheBehavior [ RunTime:0.001032s ]
INFO: [ app_begin ] --END-- [ RunTime:0.001125s ]
SQL: SHOW COLUMNS FROM `messages` [ RunTime:0.004894s ]
SQL: SELECT * FROM `messages` ORDER BY created_at  [ RunTime:0.000474s ]

[ 2017-09-15T09:41:33+08:00 ] ::1 /couldbookmarks/index.php?m=home&c=index&a=getClassify
INFO: [ app_init ] --START--
INFO: Run Behavior\BuildLiteBehavior [ RunTime:0.000018s ]
INFO: [ app_init ] --END-- [ RunTime:0.000431s ]
INFO: [ app_begin ] --START--
INFO: Run Behavior\ReadHtmlCacheBehavior [ RunTime:0.000959s ]
INFO: [ app_begin ] --END-- [ RunTime:0.001052s ]
NOTIC: [8] Undefined index: classify E:\Program Files\phpstudy\WWW\Couldbookmarks\Application\Home\Controller\IndexController.class.php 第 91 行.
SQL: SHOW COLUMNS FROM `classify` [ RunTime:0.005088s ]
SQL: SELECT * FROM `classify`  [ RunTime:0.000512s ]

[ 2017-09-15T09:42:37+08:00 ] ::1 /couldbookmarks/index.php?m=home&c=index&a=getClassify
INFO: [ app_init ] --START--
INFO: Run Behavior\BuildLiteBehavior [ RunTime:0.000025s ]
INFO: [ app_init ] --END-- [ RunTime:0.000749s ]
INFO: [ app_begin ] --START--
INFO: Run Behavior\ReadHtmlCacheBehavior [ RunTime:0.001641s ]
INFO: [ app_begin ] --END-- [ RunTime:0.001747s ]
NOTIC: [8] Undefined index: classify E:\Program Files\phpstudy\WWW\Couldbookmarks\Application\Home\Controller\IndexController.class.php 第 91 行.
SQL: SHOW COLUMNS FROM `classify` [ RunTime:0.004825s ]
SQL: SELECT * FROM `classify`  [ RunTime:0.000347s ]

[ 2017-09-15T09:42:39+08:00 ] ::1 /couldbookmarks/index.php?m=home&c=index&a=getClassify
INFO: [ app_init ] --START--
INFO: Run Behavior\BuildLiteBehavior [ RunTime:0.000016s ]
INFO: [ app_init ] --END-- [ RunTime:0.000374s ]
INFO: [ app_begin ] --START--
INFO: Run Behavior\ReadHtmlCacheBehavior [ RunTime:0.000538s ]
INFO: [ app_begin ] --END-- [ RunTime:0.000584s ]
NOTIC: [8] Undefined index: classify E:\Program Files\phpstudy\WWW\Couldbookmarks\Application\Home\Controller\IndexController.class.php 第 91 行.
SQL: SHOW COLUMNS FROM `classify` [ RunTime:0.004875s ]
SQL: SELECT * FROM `classify`  [ RunTime:0.000382s ]

[ 2017-09-15T09:42:55+08:00 ] ::1 /couldbookmarks/index.php?m=home&c=index&a=getClassify
INFO: [ app_init ] --START--
INFO: Run Behavior\BuildLiteBehavior [ RunTime:0.000022s ]
INFO: [ app_init ] --END-- [ RunTime:0.000498s ]
INFO: [ app_begin ] --START--
INFO: Run Behavior\ReadHtmlCacheBehavior [ RunTime:0.000763s ]
INFO: [ app_begin ] --END-- [ RunTime:0.000828s ]
NOTIC: [8] Undefined index: classify E:\Program Files\phpstudy\WWW\Couldbookmarks\Application\Home\Controller\IndexController.class.php 第 91 行.
SQL: SHOW COLUMNS FROM `classify` [ RunTime:0.004964s ]
SQL: SELECT * FROM `classify`  [ RunTime:0.000345s ]

[ 2017-09-15T09:44:09+08:00 ] ::1 /couldbookmarks/index.php?m=home&c=index&a=getAllMsg
INFO: [ app_init ] --START--
INFO: Run Behavior\BuildLiteBehavior [ RunTime:0.000020s ]
INFO: [ app_init ] --END-- [ RunTime:0.000436s ]
INFO: [ app_begin ] --START--
INFO: Run Behavior\ReadHtmlCacheBehavior [ RunTime:0.001029s ]
INFO: [ app_begin ] --END-- [ RunTime:0.001129s ]
SQL: SHOW COLUMNS FROM `messages` [ RunTime:0.004099s ]
SQL: SELECT * FROM `messages` ORDER BY created_at  [ RunTime:0.000327s ]

[ 2017-09-15T09:46:36+08:00 ] ::1 /couldbookmarks/index.php?m=home&c=index&a=getAllMsg
INFO: [ app_init ] --START--
INFO: Run Behavior\BuildLiteBehavior [ RunTime:0.000016s ]
INFO: [ app_init ] --END-- [ RunTime:0.000475s ]
INFO: [ app_begin ] --START--
INFO: Run Behavior\ReadHtmlCacheBehavior [ RunTime:0.000773s ]
INFO: [ app_begin ] --END-- [ RunTime:0.000823s ]
SQL: SHOW COLUMNS FROM `messages` [ RunTime:0.004389s ]
SQL: SELECT * FROM `messages` ORDER BY created_at  [ RunTime:0.000362s ]

[ 2017-09-15T09:55:17+08:00 ] ::1 /couldbookmarks/index.php?m=home&c=index&a=getAllMsg
INFO: [ app_init ] --START--
INFO: Run Behavior\BuildLiteBehavior [ RunTime:0.000021s ]
INFO: [ app_init ] --END-- [ RunTime:0.000568s ]
INFO: [ app_begin ] --START--
INFO: Run Behavior\ReadHtmlCacheBehavior [ RunTime:0.000898s ]
INFO: [ app_begin ] --END-- [ RunTime:0.000981s ]
SQL: SHOW COLUMNS FROM `messages` [ RunTime:0.005189s ]
SQL: SELECT * FROM `messages` ORDER BY created_at  [ RunTime:0.000531s ]

[ 2017-09-15T09:57:24+08:00 ] ::1 /couldbookmarks/index.php?m=home&c=index&a=getAllMsg
INFO: [ app_init ] --START--
INFO: Run Behavior\BuildLiteBehavior [ RunTime:0.000033s ]
INFO: [ app_init ] --END-- [ RunTime:0.001090s ]
INFO: [ app_begin ] --START--
INFO: Run Behavior\ReadHtmlCacheBehavior [ RunTime:0.001250s ]
INFO: [ app_begin ] --END-- [ RunTime:0.001355s ]
SQL: SHOW COLUMNS FROM `messages` [ RunTime:0.004262s ]
SQL: SELECT * FROM `messages` ORDER BY created_at  [ RunTime:0.000514s ]

[ 2017-09-15T09:58:25+08:00 ] ::1 /couldbookmarks/index.php
INFO: [ app_init ] --START--
INFO: Run Behavior\BuildLiteBehavior [ RunTime:0.000014s ]
INFO: [ app_init ] --END-- [ RunTime:0.000460s ]
INFO: [ app_begin ] --START--
INFO: Run Behavior\ReadHtmlCacheBehavior [ RunTime:0.000692s ]
INFO: [ app_begin ] --END-- [ RunTime:0.000739s ]
SQL: SHOW COLUMNS FROM `messages` [ RunTime:0.007312s ]
SQL: SHOW COLUMNS FROM `classify` [ RunTime:0.003967s ]
SQL: SELECT * FROM `classify`  [ RunTime:0.000344s ]
SQL: SELECT * FROM `messages` ORDER BY created_at  [ RunTime:0.000243s ]
INFO: [ view_parse ] --START--
INFO: [ template_filter ] --START--
INFO: Run Behavior\ContentReplaceBehavior [ RunTime:0.000053s ]
INFO: [ template_filter ] --END-- [ RunTime:0.000116s ]
INFO: Run Behavior\ParseTemplateBehavior [ RunTime:0.015160s ]
INFO: [ view_parse ] --END-- [ RunTime:0.015226s ]
INFO: [ view_filter ] --START--
INFO: Run Behavior\WriteHtmlCacheBehavior [ RunTime:0.000631s ]
INFO: [ view_filter ] --END-- [ RunTime:0.000670s ]
NOTIC: [8] Undefined variable: res E:\Program Files\phpstudy\WWW\Couldbookmarks\Application\Home\Controller\IndexController.class.php 第 45 行.

[ 2017-09-15T09:59:23+08:00 ] ::1 /couldbookmarks/index.php?m=home&c=index&a=getAllMsg
INFO: [ app_init ] --START--
INFO: Run Behavior\BuildLiteBehavior [ RunTime:0.000020s ]
INFO: [ app_init ] --END-- [ RunTime:0.000513s ]
INFO: [ app_begin ] --START--
INFO: Run Behavior\ReadHtmlCacheBehavior [ RunTime:0.000784s ]
INFO: [ app_begin ] --END-- [ RunTime:0.000880s ]
SQL: SHOW COLUMNS FROM `messages` [ RunTime:0.005469s ]
SQL: SELECT * FROM `messages` ORDER BY created_at  [ RunTime:0.000371s ]

[ 2017-09-15T10:01:41+08:00 ] ::1 /couldbookmarks/index.php?m=home&c=index&a=getAllMsg
INFO: [ app_init ] --START--
INFO: Run Behavior\BuildLiteBehavior [ RunTime:0.000022s ]
INFO: [ app_init ] --END-- [ RunTime:0.000640s ]
INFO: [ app_begin ] --START--
INFO: Run Behavior\ReadHtmlCacheBehavior [ RunTime:0.001326s ]
INFO: [ app_begin ] --END-- [ RunTime:0.001429s ]
SQL: SHOW COLUMNS FROM `messages` [ RunTime:0.004827s ]
SQL: SELECT * FROM `messages` ORDER BY created_at  [ RunTime:0.000427s ]

[ 2017-09-15T10:02:08+08:00 ] ::1 /couldbookmarks/index.php?m=home&c=index&a=getAllMsg
INFO: [ app_init ] --START--
INFO: Run Behavior\BuildLiteBehavior [ RunTime:0.000023s ]
INFO: [ app_init ] --END-- [ RunTime:0.000500s ]
INFO: [ app_begin ] --START--
INFO: Run Behavior\ReadHtmlCacheBehavior [ RunTime:0.000665s ]
INFO: [ app_begin ] --END-- [ RunTime:0.000726s ]
SQL: SHOW COLUMNS FROM `messages` [ RunTime:0.006419s ]
SQL: SELECT * FROM `messages` ORDER BY created_at  [ RunTime:0.000522s ]

[ 2017-09-15T10:03:50+08:00 ] ::1 /couldbookmarks/index.php?m=home&c=index&a=getAllMsg
INFO: [ app_init ] --START--
INFO: Run Behavior\BuildLiteBehavior [ RunTime:0.000026s ]
INFO: [ app_init ] --END-- [ RunTime:0.004198s ]
INFO: [ app_begin ] --START--
INFO: Run Behavior\ReadHtmlCacheBehavior [ RunTime:0.000893s ]
INFO: [ app_begin ] --END-- [ RunTime:0.000966s ]
SQL: SHOW COLUMNS FROM `messages` [ RunTime:0.007080s ]
SQL: SELECT * FROM `messages` ORDER BY created_at  [ RunTime:0.000604s ]

[ 2017-09-15T10:03:53+08:00 ] ::1 /couldbookmarks/index.php?m=home&c=index&a=getAllMsg
INFO: [ app_init ] --START--
INFO: Run Behavior\BuildLiteBehavior [ RunTime:0.000017s ]
INFO: [ app_init ] --END-- [ RunTime:0.000460s ]
INFO: [ app_begin ] --START--
INFO: Run Behavior\ReadHtmlCacheBehavior [ RunTime:0.000650s ]
INFO: [ app_begin ] --END-- [ RunTime:0.000719s ]
SQL: SHOW COLUMNS FROM `messages` [ RunTime:0.005909s ]
SQL: SELECT * FROM `messages` ORDER BY created_at  [ RunTime:0.000545s ]

[ 2017-09-15T10:04:26+08:00 ] ::1 /couldbookmarks/index.php?m=home&c=index&a=getAllMsg
INFO: [ app_init ] --START--
INFO: Run Behavior\BuildLiteBehavior [ RunTime:0.000022s ]
INFO: [ app_init ] --END-- [ RunTime:0.000694s ]
INFO: [ app_begin ] --START--
INFO: Run Behavior\ReadHtmlCacheBehavior [ RunTime:0.000964s ]
INFO: [ app_begin ] --END-- [ RunTime:0.001059s ]
SQL: SHOW COLUMNS FROM `messages` [ RunTime:0.006553s ]
SQL: SELECT * FROM `messages` ORDER BY created_at  [ RunTime:0.000509s ]

[ 2017-09-15T10:05:11+08:00 ] ::1 /couldbookmarks/index.php?m=home&c=index&a=getAllMsg
INFO: [ app_init ] --START--
INFO: Run Behavior\BuildLiteBehavior [ RunTime:0.000017s ]
INFO: [ app_init ] --END-- [ RunTime:0.000407s ]
INFO: [ app_begin ] --START--
INFO: Run Behavior\ReadHtmlCacheBehavior [ RunTime:0.000510s ]
INFO: [ app_begin ] --END-- [ RunTime:0.000552s ]
SQL: SHOW COLUMNS FROM `messages` [ RunTime:0.005817s ]
SQL: SELECT * FROM `messages` ORDER BY created_at  [ RunTime:0.000702s ]

[ 2017-09-15T10:05:47+08:00 ] ::1 /couldbookmarks/index.php?m=home&c=index&a=getAllMsg
INFO: [ app_init ] --START--
INFO: Run Behavior\BuildLiteBehavior [ RunTime:0.000017s ]
INFO: [ app_init ] --END-- [ RunTime:0.000476s ]
INFO: [ app_begin ] --START--
INFO: Run Behavior\ReadHtmlCacheBehavior [ RunTime:0.000757s ]
INFO: [ app_begin ] --END-- [ RunTime:0.000827s ]
SQL: SHOW COLUMNS FROM `messages` [ RunTime:0.004718s ]
SQL: SELECT * FROM `messages` ORDER BY created_at  [ RunTime:0.000448s ]

[ 2017-09-15T10:08:07+08:00 ] ::1 /couldbookmarks/index.php?m=home&c=index&a=getAllMsg
INFO: [ app_init ] --START--
INFO: Run Behavior\BuildLiteBehavior [ RunTime:0.000026s ]
INFO: [ app_init ] --END-- [ RunTime:0.001884s ]
INFO: [ app_begin ] --START--
INFO: Run Behavior\ReadHtmlCacheBehavior [ RunTime:0.002342s ]
INFO: [ app_begin ] --END-- [ RunTime:0.002511s ]
SQL: SHOW COLUMNS FROM `messages` [ RunTime:0.008036s ]
SQL: SELECT * FROM `messages` ORDER BY created_at  [ RunTime:0.000820s ]

[ 2017-09-15T10:12:01+08:00 ] ::1 /couldbookmarks/index.php?m=home&c=index&a=getAllMsg
INFO: [ app_init ] --START--
INFO: Run Behavior\BuildLiteBehavior [ RunTime:0.000207s ]
INFO: [ app_init ] --END-- [ RunTime:0.000972s ]
INFO: [ app_begin ] --START--
INFO: Run Behavior\ReadHtmlCacheBehavior [ RunTime:0.001114s ]
INFO: [ app_begin ] --END-- [ RunTime:0.001254s ]
SQL: SHOW COLUMNS FROM `messages` [ RunTime:0.005741s ]
SQL: SELECT * FROM `messages` ORDER BY created_at  [ RunTime:0.000412s ]

[ 2017-09-15T10:12:40+08:00 ] ::1 /couldbookmarks/index.php?m=home&c=index&a=getAllMsg
INFO: [ app_init ] --START--
INFO: Run Behavior\BuildLiteBehavior [ RunTime:0.000017s ]
INFO: [ app_init ] --END-- [ RunTime:0.000478s ]
INFO: [ app_begin ] --START--
INFO: Run Behavior\ReadHtmlCacheBehavior [ RunTime:0.001020s ]
INFO: [ app_begin ] --END-- [ RunTime:0.001105s ]
SQL: SHOW COLUMNS FROM `messages` [ RunTime:0.004926s ]
SQL: SELECT * FROM `messages` ORDER BY created_at  [ RunTime:0.000411s ]

[ 2017-09-15T10:22:33+08:00 ] ::1 /couldbookmarks/index.php?m=home&c=index&a=getAllMsg
INFO: [ app_init ] --START--
INFO: Run Behavior\BuildLiteBehavior [ RunTime:0.000019s ]
INFO: [ app_init ] --END-- [ RunTime:0.000576s ]
INFO: [ app_begin ] --START--
INFO: Run Behavior\ReadHtmlCacheBehavior [ RunTime:0.000951s ]
INFO: [ app_begin ] --END-- [ RunTime:0.001020s ]
SQL: SHOW COLUMNS FROM `messages` [ RunTime:0.005772s ]
SQL: SELECT * FROM `messages` ORDER BY created_at  [ RunTime:0.000477s ]

[ 2017-09-15T10:24:53+08:00 ] ::1 /couldbookmarks/index.php?m=home&c=index&a=getAllMsg
INFO: [ app_init ] --START--
INFO: Run Behavior\BuildLiteBehavior [ RunTime:0.000019s ]
INFO: [ app_init ] --END-- [ RunTime:0.000657s ]
INFO: [ app_begin ] --START--
INFO: Run Behavior\ReadHtmlCacheBehavior [ RunTime:0.001119s ]
INFO: [ app_begin ] --END-- [ RunTime:0.001215s ]
SQL: SHOW COLUMNS FROM `messages` [ RunTime:0.005777s ]
SQL: SELECT * FROM `messages` ORDER BY created_at  [ RunTime:0.000367s ]

[ 2017-09-15T10:31:29+08:00 ] ::1 /couldbookmarks/index.php?m=home&c=index&a=getAllMsg
INFO: [ app_init ] --START--
INFO: Run Behavior\BuildLiteBehavior [ RunTime:0.000025s ]
INFO: [ app_init ] --END-- [ RunTime:0.001007s ]
INFO: [ app_begin ] --START--
INFO: Run Behavior\ReadHtmlCacheBehavior [ RunTime:0.000960s ]
INFO: [ app_begin ] --END-- [ RunTime:0.001034s ]
SQL: SHOW COLUMNS FROM `messages` [ RunTime:0.005833s ]
SQL: SELECT * FROM `messages` ORDER BY created_at  [ RunTime:0.000469s ]

[ 2017-09-15T10:33:58+08:00 ] ::1 /couldbookmarks/index.php?m=home&c=index&a=getAllMsg
INFO: [ app_init ] --START--
INFO: Run Behavior\BuildLiteBehavior [ RunTime:0.000019s ]
INFO: [ app_init ] --END-- [ RunTime:0.000539s ]
INFO: [ app_begin ] --START--
INFO: Run Behavior\ReadHtmlCacheBehavior [ RunTime:0.000874s ]
INFO: [ app_begin ] --END-- [ RunTime:0.000942s ]
SQL: SHOW COLUMNS FROM `messages` [ RunTime:0.005307s ]
SQL: SELECT * FROM `messages` ORDER BY created_at  [ RunTime:0.000488s ]

[ 2017-09-15T10:43:55+08:00 ] ::1 /couldbookmarks/index.php?m=home&c=index&a=getAllMsg
INFO: [ app_init ] --START--
INFO: Run Behavior\BuildLiteBehavior [ RunTime:0.000028s ]
INFO: [ app_init ] --END-- [ RunTime:0.001825s ]
INFO: [ app_begin ] --START--
INFO: Run Behavior\ReadHtmlCacheBehavior [ RunTime:0.001268s ]
INFO: [ app_begin ] --END-- [ RunTime:0.001371s ]
SQL: SHOW COLUMNS FROM `messages` [ RunTime:0.005505s ]
SQL: SELECT * FROM `messages` ORDER BY created_at  [ RunTime:0.000389s ]

[ 2017-09-15T10:44:38+08:00 ] ::1 /couldbookmarks/index.php?m=home&c=index&a=getAllMsg
INFO: [ app_init ] --START--
INFO: Run Behavior\BuildLiteBehavior [ RunTime:0.000018s ]
INFO: [ app_init ] --END-- [ RunTime:0.000451s ]
INFO: [ app_begin ] --START--
INFO: Run Behavior\ReadHtmlCacheBehavior [ RunTime:0.000597s ]
INFO: [ app_begin ] --END-- [ RunTime:0.000654s ]
SQL: SHOW COLUMNS FROM `messages` [ RunTime:0.005735s ]
SQL: SELECT * FROM `messages` ORDER BY created_at  [ RunTime:0.000462s ]

[ 2017-09-15T10:45:46+08:00 ] ::1 /couldbookmarks/index.php?m=home&c=index&a=getClassify
INFO: [ app_init ] --START--
INFO: Run Behavior\BuildLiteBehavior [ RunTime:0.000016s ]
INFO: [ app_init ] --END-- [ RunTime:0.000365s ]
INFO: [ app_begin ] --START--
INFO: Run Behavior\ReadHtmlCacheBehavior [ RunTime:0.000790s ]
INFO: [ app_begin ] --END-- [ RunTime:0.000872s ]
NOTIC: [8] Undefined index: classify E:\Program Files\phpstudy\WWW\Couldbookmarks\Application\Home\Controller\IndexController.class.php 第 91 行.
SQL: SHOW COLUMNS FROM `classify` [ RunTime:0.004617s ]
SQL: SELECT * FROM `classify`  [ RunTime:0.000388s ]

[ 2017-09-15T10:46:00+08:00 ] ::1 /couldbookmarks/index.php?m=home&c=index&a=getClassify
INFO: [ app_init ] --START--
INFO: Run Behavior\BuildLiteBehavior [ RunTime:0.000022s ]
INFO: [ app_init ] --END-- [ RunTime:0.000876s ]
INFO: [ app_begin ] --START--
INFO: Run Behavior\ReadHtmlCacheBehavior [ RunTime:0.001011s ]
INFO: [ app_begin ] --END-- [ RunTime:0.001085s ]
NOTIC: [8] Undefined index: classify E:\Program Files\phpstudy\WWW\Couldbookmarks\Application\Home\Controller\IndexController.class.php 第 91 行.
SQL: SHOW COLUMNS FROM `classify` [ RunTime:0.005926s ]
SQL: SELECT * FROM `classify`  [ RunTime:0.000437s ]

[ 2017-09-15T10:46:29+08:00 ] ::1 /couldbookmarks/index.php?m=home&c=index&a=getClassify
INFO: [ app_init ] --START--
INFO: Run Behavior\BuildLiteBehavior [ RunTime:0.000019s ]
INFO: [ app_init ] --END-- [ RunTime:0.000589s ]
INFO: [ app_begin ] --START--
INFO: Run Behavior\ReadHtmlCacheBehavior [ RunTime:0.001043s ]
INFO: [ app_begin ] --END-- [ RunTime:0.001137s ]
NOTIC: [8] Undefined index: classify E:\Program Files\phpstudy\WWW\Couldbookmarks\Application\Home\Controller\IndexController.class.php 第 91 行.
SQL: SHOW COLUMNS FROM `classify` [ RunTime:0.004215s ]
SQL: SELECT * FROM `classify`  [ RunTime:0.000449s ]

[ 2017-09-15T10:46:43+08:00 ] ::1 /couldbookmarks/index.php?m=home&c=index&a=getClassify
INFO: [ app_init ] --START--
INFO: Run Behavior\BuildLiteBehavior [ RunTime:0.000015s ]
INFO: [ app_init ] --END-- [ RunTime:0.000452s ]
INFO: [ app_begin ] --START--
INFO: Run Behavior\ReadHtmlCacheBehavior [ RunTime:0.000797s ]
INFO: [ app_begin ] --END-- [ RunTime:0.000854s ]
NOTIC: [8] Undefined index: classify E:\Program Files\phpstudy\WWW\Couldbookmarks\Application\Home\Controller\IndexController.class.php 第 91 行.
SQL: SHOW COLUMNS FROM `classify` [ RunTime:0.005464s ]
SQL: SELECT * FROM `classify`  [ RunTime:0.000611s ]

[ 2017-09-15T10:48:55+08:00 ] ::1 /couldbookmarks/index.php?m=home&c=index&a=getClassify
INFO: [ app_init ] --START--
INFO: Run Behavior\BuildLiteBehavior [ RunTime:0.000015s ]
INFO: [ app_init ] --END-- [ RunTime:0.000431s ]
INFO: [ app_begin ] --START--
INFO: Run Behavior\ReadHtmlCacheBehavior [ RunTime:0.000758s ]
INFO: [ app_begin ] --END-- [ RunTime:0.000805s ]
NOTIC: [8] Undefined index: classify E:\Program Files\phpstudy\WWW\Couldbookmarks\Application\Home\Controller\IndexController.class.php 第 91 行.
SQL: SHOW COLUMNS FROM `classify` [ RunTime:0.005330s ]
SQL: SELECT * FROM `classify`  [ RunTime:0.000354s ]

[ 2017-09-15T10:49:01+08:00 ] ::1 /couldbookmarks/index.php?m=home&c=index&a=getAllMsg
INFO: [ app_init ] --START--
INFO: Run Behavior\BuildLiteBehavior [ RunTime:0.000021s ]
INFO: [ app_init ] --END-- [ RunTime:0.000469s ]
INFO: [ app_begin ] --START--
INFO: Run Behavior\ReadHtmlCacheBehavior [ RunTime:0.000666s ]
INFO: [ app_begin ] --END-- [ RunTime:0.000726s ]
SQL: SHOW COLUMNS FROM `messages` [ RunTime:0.005284s ]
SQL: SELECT * FROM `messages` ORDER BY created_at  [ RunTime:0.000429s ]

[ 2017-09-15T10:50:11+08:00 ] ::1 /couldbookmarks/index.php?m=home&c=index&a=getAllMsg
INFO: [ app_init ] --START--
INFO: Run Behavior\BuildLiteBehavior [ RunTime:0.000017s ]
INFO: [ app_init ] --END-- [ RunTime:0.000430s ]
INFO: [ app_begin ] --START--
INFO: Run Behavior\ReadHtmlCacheBehavior [ RunTime:0.000702s ]
INFO: [ app_begin ] --END-- [ RunTime:0.000782s ]
SQL: SHOW COLUMNS FROM `messages` [ RunTime:0.006405s ]
SQL: SELECT * FROM `messages` ORDER BY created_at  [ RunTime:0.000730s ]

[ 2017-09-15T10:52:20+08:00 ] ::1 /couldbookmarks/index.php?m=home&c=index&a=getClassify
INFO: [ app_init ] --START--
INFO: Run Behavior\BuildLiteBehavior [ RunTime:0.000019s ]
INFO: [ app_init ] --END-- [ RunTime:0.000560s ]
INFO: [ app_begin ] --START--
INFO: Run Behavior\ReadHtmlCacheBehavior [ RunTime:0.000909s ]
INFO: [ app_begin ] --END-- [ RunTime:0.000997s ]
NOTIC: [8] Undefined index: classify E:\Program Files\phpstudy\WWW\Couldbookmarks\Application\Home\Controller\IndexController.class.php 第 91 行.
SQL: SHOW COLUMNS FROM `classify` [ RunTime:0.004892s ]
SQL: SELECT * FROM `classify`  [ RunTime:0.000374s ]

[ 2017-09-15T10:52:58+08:00 ] ::1 /couldbookmarks/index.php?m=home&c=index&a=getAllMsg
INFO: [ app_init ] --START--
INFO: Run Behavior\BuildLiteBehavior [ RunTime:0.000018s ]
INFO: [ app_init ] --END-- [ RunTime:0.000427s ]
INFO: [ app_begin ] --START--
INFO: Run Behavior\ReadHtmlCacheBehavior [ RunTime:0.000645s ]
INFO: [ app_begin ] --END-- [ RunTime:0.000709s ]
SQL: SHOW COLUMNS FROM `messages` [ RunTime:0.006592s ]
SQL: SELECT * FROM `messages` ORDER BY created_at  [ RunTime:0.000581s ]

[ 2017-09-15T10:53:18+08:00 ] ::1 /couldbookmarks/index.php?m=home&c=index&a=getClassify
INFO: [ app_init ] --START--
INFO: Run Behavior\BuildLiteBehavior [ RunTime:0.000019s ]
INFO: [ app_init ] --END-- [ RunTime:0.000522s ]
INFO: [ app_begin ] --START--
INFO: Run Behavior\ReadHtmlCacheBehavior [ RunTime:0.000731s ]
INFO: [ app_begin ] --END-- [ RunTime:0.000813s ]
NOTIC: [8] Undefined index: classify E:\Program Files\phpstudy\WWW\Couldbookmarks\Application\Home\Controller\IndexController.class.php 第 91 行.
SQL: SHOW COLUMNS FROM `classify` [ RunTime:0.005209s ]
SQL: SELECT * FROM `classify`  [ RunTime:0.000523s ]

[ 2017-09-15T10:53:23+08:00 ] ::1 /couldbookmarks/index.php?m=home&c=index&a=getClassify
INFO: [ app_init ] --START--
INFO: Run Behavior\BuildLiteBehavior [ RunTime:0.000019s ]
INFO: [ app_init ] --END-- [ RunTime:0.000453s ]
INFO: [ app_begin ] --START--
INFO: Run Behavior\ReadHtmlCacheBehavior [ RunTime:0.000698s ]
INFO: [ app_begin ] --END-- [ RunTime:0.000769s ]
NOTIC: [8] Undefined index: classify E:\Program Files\phpstudy\WWW\Couldbookmarks\Application\Home\Controller\IndexController.class.php 第 91 行.
SQL: SHOW COLUMNS FROM `classify` [ RunTime:0.004530s ]
SQL: SELECT * FROM `classify`  [ RunTime:0.000410s ]

[ 2017-09-15T10:53:31+08:00 ] ::1 /couldbookmarks/index.php?m=home&c=index&a=getClassify
INFO: [ app_init ] --START--
INFO: Run Behavior\BuildLiteBehavior [ RunTime:0.000019s ]
INFO: [ app_init ] --END-- [ RunTime:0.000471s ]
INFO: [ app_begin ] --START--
INFO: Run Behavior\ReadHtmlCacheBehavior [ RunTime:0.000723s ]
INFO: [ app_begin ] --END-- [ RunTime:0.000795s ]
NOTIC: [8] Undefined index: classify E:\Program Files\phpstudy\WWW\Couldbookmarks\Application\Home\Controller\IndexController.class.php 第 91 行.
SQL: SHOW COLUMNS FROM `classify` [ RunTime:0.004971s ]
SQL: SELECT * FROM `classify`  [ RunTime:0.000482s ]

[ 2017-09-15T10:55:08+08:00 ] ::1 /couldbookmarks/index.php?m=home&c=index&a=getClassify
INFO: [ app_init ] --START--
INFO: Run Behavior\BuildLiteBehavior [ RunTime:0.000017s ]
INFO: [ app_init ] --END-- [ RunTime:0.000460s ]
INFO: [ app_begin ] --START--
INFO: Run Behavior\ReadHtmlCacheBehavior [ RunTime:0.000996s ]
INFO: [ app_begin ] --END-- [ RunTime:0.001320s ]
NOTIC: [8] Undefined index: classify E:\Program Files\phpstudy\WWW\Couldbookmarks\Application\Home\Controller\IndexController.class.php 第 91 行.
SQL: SHOW COLUMNS FROM `classify` [ RunTime:0.005481s ]
SQL: SELECT * FROM `classify`  [ RunTime:0.000476s ]

[ 2017-09-15T10:55:10+08:00 ] ::1 /couldbookmarks/index.php?m=home&c=index&a=getClassify
INFO: [ app_init ] --START--
INFO: Run Behavior\BuildLiteBehavior [ RunTime:0.000016s ]
INFO: [ app_init ] --END-- [ RunTime:0.000367s ]
INFO: [ app_begin ] --START--
INFO: Run Behavior\ReadHtmlCacheBehavior [ RunTime:0.001103s ]
INFO: [ app_begin ] --END-- [ RunTime:0.001184s ]
NOTIC: [8] Undefined index: classify E:\Program Files\phpstudy\WWW\Couldbookmarks\Application\Home\Controller\IndexController.class.php 第 91 行.
SQL: SHOW COLUMNS FROM `classify` [ RunTime:0.005010s ]
SQL: SELECT * FROM `classify`  [ RunTime:0.000609s ]

[ 2017-09-15T10:55:11+08:00 ] ::1 /couldbookmarks/index.php?m=home&c=index&a=getClassify
INFO: [ app_init ] --START--
INFO: Run Behavior\BuildLiteBehavior [ RunTime:0.000021s ]
INFO: [ app_init ] --END-- [ RunTime:0.000490s ]
INFO: [ app_begin ] --START--
INFO: Run Behavior\ReadHtmlCacheBehavior [ RunTime:0.000661s ]
INFO: [ app_begin ] --END-- [ RunTime:0.000721s ]
NOTIC: [8] Undefined index: classify E:\Program Files\phpstudy\WWW\Couldbookmarks\Application\Home\Controller\IndexController.class.php 第 91 行.
SQL: SHOW COLUMNS FROM `classify` [ RunTime:0.005952s ]
SQL: SELECT * FROM `classify`  [ RunTime:0.000387s ]

[ 2017-09-15T10:55:12+08:00 ] ::1 /couldbookmarks/index.php?m=home&c=index&a=getAllMsg
INFO: [ app_init ] --START--
INFO: Run Behavior\BuildLiteBehavior [ RunTime:0.000022s ]
INFO: [ app_init ] --END-- [ RunTime:0.000637s ]
INFO: [ app_begin ] --START--
INFO: Run Behavior\ReadHtmlCacheBehavior [ RunTime:0.001142s ]
INFO: [ app_begin ] --END-- [ RunTime:0.001253s ]
SQL: SHOW COLUMNS FROM `messages` [ RunTime:0.005604s ]
SQL: SELECT * FROM `messages` ORDER BY created_at  [ RunTime:0.000375s ]

[ 2017-09-15T10:55:13+08:00 ] ::1 /couldbookmarks/index.php?m=home&c=index&a=getClassify
INFO: [ app_init ] --START--
INFO: Run Behavior\BuildLiteBehavior [ RunTime:0.000020s ]
INFO: [ app_init ] --END-- [ RunTime:0.000478s ]
INFO: [ app_begin ] --START--
INFO: Run Behavior\ReadHtmlCacheBehavior [ RunTime:0.000718s ]
INFO: [ app_begin ] --END-- [ RunTime:0.000794s ]
NOTIC: [8] Undefined index: classify E:\Program Files\phpstudy\WWW\Couldbookmarks\Application\Home\Controller\IndexController.class.php 第 91 行.
SQL: SHOW COLUMNS FROM `classify` [ RunTime:0.005398s ]
SQL: SELECT * FROM `classify`  [ RunTime:0.000506s ]

[ 2017-09-15T11:12:09+08:00 ] ::1 /couldbookmarks/index.php?m=home&c=index&a=getClassify
INFO: [ app_init ] --START--
INFO: Run Behavior\BuildLiteBehavior [ RunTime:0.000023s ]
INFO: [ app_init ] --END-- [ RunTime:0.000890s ]
INFO: [ app_begin ] --START--
INFO: Run Behavior\ReadHtmlCacheBehavior [ RunTime:0.002077s ]
INFO: [ app_begin ] --END-- [ RunTime:0.002172s ]

[ 2017-09-15T11:12:11+08:00 ] ::1 /couldbookmarks/index.php?m=home&c=index&a=getClassify
INFO: [ app_init ] --START--
INFO: Run Behavior\BuildLiteBehavior [ RunTime:0.000017s ]
INFO: [ app_init ] --END-- [ RunTime:0.000522s ]
INFO: [ app_begin ] --START--
INFO: Run Behavior\ReadHtmlCacheBehavior [ RunTime:0.001171s ]
INFO: [ app_begin ] --END-- [ RunTime:0.001243s ]

[ 2017-09-15T11:12:22+08:00 ] ::1 /couldbookmarks/index.php?m=home&c=index&a=getClassify
INFO: [ app_init ] --START--
INFO: Run Behavior\BuildLiteBehavior [ RunTime:0.000023s ]
INFO: [ app_init ] --END-- [ RunTime:0.000728s ]
INFO: [ app_begin ] --START--
INFO: Run Behavior\ReadHtmlCacheBehavior [ RunTime:0.001791s ]
INFO: [ app_begin ] --END-- [ RunTime:0.001899s ]

[ 2017-09-15T11:13:00+08:00 ] ::1 /couldbookmarks/index.php?m=home&c=index&a=getClassify
INFO: [ app_init ] --START--
INFO: Run Behavior\BuildLiteBehavior [ RunTime:0.000022s ]
INFO: [ app_init ] --END-- [ RunTime:0.000817s ]
INFO: [ app_begin ] --START--
INFO: Run Behavior\ReadHtmlCacheBehavior [ RunTime:0.001487s ]
INFO: [ app_begin ] --END-- [ RunTime:0.001559s ]

[ 2017-09-15T11:13:43+08:00 ] ::1 /couldbookmarks/index.php?m=home&c=index&a=getClassify
INFO: [ app_init ] --START--
INFO: Run Behavior\BuildLiteBehavior [ RunTime:0.000029s ]
INFO: [ app_init ] --END-- [ RunTime:0.001097s ]
INFO: [ app_begin ] --START--
INFO: Run Behavior\ReadHtmlCacheBehavior [ RunTime:0.001669s ]
INFO: [ app_begin ] --END-- [ RunTime:0.001771s ]
NOTIC: [8] Undefined index: classify E:\Program Files\phpstudy\WWW\Couldbookmarks\Application\Home\Controller\IndexController.class.php 第 91 行.
SQL: SHOW COLUMNS FROM `classify` [ RunTime:0.005388s ]
SQL: SELECT * FROM `classify`  [ RunTime:0.000368s ]

[ 2017-09-15T11:18:39+08:00 ] ::1 /couldbookmarks/index.php?m=home&c=index&a=register
INFO: [ app_init ] --START--
INFO: Run Behavior\BuildLiteBehavior [ RunTime:0.000031s ]
INFO: [ app_init ] --END-- [ RunTime:0.000804s ]
INFO: [ app_begin ] --START--
INFO: Run Behavior\ReadHtmlCacheBehavior [ RunTime:0.002409s ]
INFO: [ app_begin ] --END-- [ RunTime:0.002513s ]
SQL: SHOW COLUMNS FROM `users` [ RunTime:0.005405s ]
NOTIC: [8] Undefined variable: _POSt E:\Program Files\phpstudy\WWW\Couldbookmarks\Application\Home\Controller\IndexController.class.php 第 118 行.
NOTIC: [8] Undefined variable: _POSt E:\Program Files\phpstudy\WWW\Couldbookmarks\Application\Home\Controller\IndexController.class.php 第 120 行.

[ 2017-09-15T11:19:20+08:00 ] ::1 /couldbookmarks/index.php?m=home&c=index&a=register
INFO: [ app_init ] --START--
INFO: Run Behavior\BuildLiteBehavior [ RunTime:0.000021s ]
INFO: [ app_init ] --END-- [ RunTime:0.000665s ]
INFO: [ app_begin ] --START--
INFO: Run Behavior\ReadHtmlCacheBehavior [ RunTime:0.001288s ]
INFO: [ app_begin ] --END-- [ RunTime:0.001377s ]
SQL: SHOW COLUMNS FROM `users` [ RunTime:0.005520s ]
NOTIC: [8] Undefined variable: _POSt E:\Program Files\phpstudy\WWW\Couldbookmarks\Application\Home\Controller\IndexController.class.php 第 118 行.
NOTIC: [8] Undefined index: password E:\Program Files\phpstudy\WWW\Couldbookmarks\Application\Home\Controller\IndexController.class.php 第 119 行.
NOTIC: [8] Undefined variable: _POSt E:\Program Files\phpstudy\WWW\Couldbookmarks\Application\Home\Controller\IndexController.class.php 第 120 行.

[ 2017-09-15T11:20:21+08:00 ] ::1 /couldbookmarks/index.php
INFO: [ app_init ] --START--
INFO: Run Behavior\BuildLiteBehavior [ RunTime:0.000015s ]
INFO: [ app_init ] --END-- [ RunTime:0.000602s ]
INFO: [ app_begin ] --START--
INFO: Run Behavior\ReadHtmlCacheBehavior [ RunTime:0.001155s ]
INFO: [ app_begin ] --END-- [ RunTime:0.001199s ]
SQL: SHOW COLUMNS FROM `messages` [ RunTime:0.005647s ]
SQL: SHOW COLUMNS FROM `classify` [ RunTime:0.004009s ]
SQL: SELECT * FROM `classify`  [ RunTime:0.000469s ]
SQL: SELECT * FROM `messages` ORDER BY created_at  [ RunTime:0.000504s ]
INFO: [ view_parse ] --START--
INFO: [ template_filter ] --START--
INFO: Run Behavior\ContentReplaceBehavior [ RunTime:0.000054s ]
INFO: [ template_filter ] --END-- [ RunTime:0.000112s ]
INFO: Run Behavior\ParseTemplateBehavior [ RunTime:0.012187s ]
INFO: [ view_parse ] --END-- [ RunTime:0.012254s ]
INFO: [ view_filter ] --START--
INFO: Run Behavior\WriteHtmlCacheBehavior [ RunTime:0.000757s ]
INFO: [ view_filter ] --END-- [ RunTime:0.000795s ]
NOTIC: [8] Undefined variable: res E:\Program Files\phpstudy\WWW\Couldbookmarks\Application\Home\Controller\IndexController.class.php 第 45 行.

[ 2017-09-15T11:20:27+08:00 ] ::1 /couldbookmarks/index.php?m=home&c=index&a=register
INFO: [ app_init ] --START--
INFO: Run Behavior\BuildLiteBehavior [ RunTime:0.000015s ]
INFO: [ app_init ] --END-- [ RunTime:0.000409s ]
INFO: [ app_begin ] --START--
INFO: Run Behavior\ReadHtmlCacheBehavior [ RunTime:0.001254s ]
INFO: [ app_begin ] --END-- [ RunTime:0.001327s ]
SQL: SHOW COLUMNS FROM `users` [ RunTime:0.005893s ]
NOTIC: [8] Undefined variable: _POSt E:\Program Files\phpstudy\WWW\Couldbookmarks\Application\Home\Controller\IndexController.class.php 第 118 行.
NOTIC: [8] Undefined variable: _POSt E:\Program Files\phpstudy\WWW\Couldbookmarks\Application\Home\Controller\IndexController.class.php 第 120 行.

[ 2017-09-15T11:23:19+08:00 ] ::1 /couldbookmarks/index.php?m=home&c=index&a=register
INFO: [ app_init ] --START--
INFO: Run Behavior\BuildLiteBehavior [ RunTime:0.000016s ]
INFO: [ app_init ] --END-- [ RunTime:0.000442s ]
INFO: [ app_begin ] --START--
INFO: Run Behavior\ReadHtmlCacheBehavior [ RunTime:0.001279s ]
INFO: [ app_begin ] --END-- [ RunTime:0.001377s ]
SQL: SHOW COLUMNS FROM `users` [ RunTime:0.005423s ]
NOTIC: [8] Undefined variable: _POSt E:\Program Files\phpstudy\WWW\Couldbookmarks\Application\Home\Controller\IndexController.class.php 第 118 行.
NOTIC: [8] Undefined variable: _POSt E:\Program Files\phpstudy\WWW\Couldbookmarks\Application\Home\Controller\IndexController.class.php 第 120 行.

[ 2017-09-15T11:24:25+08:00 ] ::1 /couldbookmarks/index.php?m=home&c=index&a=register
INFO: [ app_init ] --START--
INFO: Run Behavior\BuildLiteBehavior [ RunTime:0.000015s ]
INFO: [ app_init ] --END-- [ RunTime:0.000448s ]
INFO: [ app_begin ] --START--
INFO: Run Behavior\ReadHtmlCacheBehavior [ RunTime:0.001221s ]
INFO: [ app_begin ] --END-- [ RunTime:0.001296s ]
SQL: SHOW COLUMNS FROM `users` [ RunTime:0.004875s ]
NOTIC: [8] Undefined variable: _POSt E:\Program Files\phpstudy\WWW\Couldbookmarks\Application\Home\Controller\IndexController.class.php 第 118 行.
NOTIC: [8] Undefined index: password E:\Program Files\phpstudy\WWW\Couldbookmarks\Application\Home\Controller\IndexController.class.php 第 119 行.
NOTIC: [8] Undefined variable: _POSt E:\Program Files\phpstudy\WWW\Couldbookmarks\Application\Home\Controller\IndexController.class.php 第 120 行.

[ 2017-09-15T11:24:59+08:00 ] ::1 /couldbookmarks/index.php?m=home&c=index&a=register
INFO: [ app_init ] --START--
INFO: Run Behavior\BuildLiteBehavior [ RunTime:0.000037s ]
INFO: [ app_init ] --END-- [ RunTime:0.000991s ]
INFO: [ app_begin ] --START--
INFO: Run Behavior\ReadHtmlCacheBehavior [ RunTime:0.001540s ]
INFO: [ app_begin ] --END-- [ RunTime:0.001612s ]
SQL: SHOW COLUMNS FROM `users` [ RunTime:0.004816s ]
NOTIC: [8] Undefined variable: _POSt E:\Program Files\phpstudy\WWW\Couldbookmarks\Application\Home\Controller\IndexController.class.php 第 118 行.
NOTIC: [8] Undefined index: password E:\Program Files\phpstudy\WWW\Couldbookmarks\Application\Home\Controller\IndexController.class.php 第 119 行.
NOTIC: [8] Undefined variable: _POSt E:\Program Files\phpstudy\WWW\Couldbookmarks\Application\Home\Controller\IndexController.class.php 第 120 行.

[ 2017-09-15T11:27:23+08:00 ] ::1 /couldbookmarks/index.php?m=home&c=index&a=register
INFO: [ app_init ] --START--
INFO: Run Behavior\BuildLiteBehavior [ RunTime:0.000016s ]
INFO: [ app_init ] --END-- [ RunTime:0.000504s ]
INFO: [ app_begin ] --START--
INFO: Run Behavior\ReadHtmlCacheBehavior [ RunTime:0.001006s ]
INFO: [ app_begin ] --END-- [ RunTime:0.001052s ]
SQL: SHOW COLUMNS FROM `users` [ RunTime:0.005420s ]
NOTIC: [8] Undefined variable: _POSt E:\Program Files\phpstudy\WWW\Couldbookmarks\Application\Home\Controller\IndexController.class.php 第 118 行.
NOTIC: [8] Undefined variable: _POSt E:\Program Files\phpstudy\WWW\Couldbookmarks\Application\Home\Controller\IndexController.class.php 第 120 行.

[ 2017-09-15T11:27:56+08:00 ] ::1 /couldbookmarks/index.php?m=home&c=index&a=register
INFO: [ app_init ] --START--
INFO: Run Behavior\BuildLiteBehavior [ RunTime:0.000022s ]
INFO: [ app_init ] --END-- [ RunTime:0.000681s ]
INFO: [ app_begin ] --START--
INFO: Run Behavior\ReadHtmlCacheBehavior [ RunTime:0.001484s ]
INFO: [ app_begin ] --END-- [ RunTime:0.001575s ]
SQL: SHOW COLUMNS FROM `users` [ RunTime:0.005604s ]
ERR: 非法数据对象！:[name=>13246]

[ 2017-09-15T11:31:43+08:00 ] ::1 /couldbookmarks/index.php?m=home&c=index&a=register
INFO: [ app_init ] --START--
INFO: Run Behavior\BuildLiteBehavior [ RunTime:0.000017s ]
INFO: [ app_init ] --END-- [ RunTime:0.000519s ]
INFO: [ app_begin ] --START--
INFO: Run Behavior\ReadHtmlCacheBehavior [ RunTime:0.001043s ]
INFO: [ app_begin ] --END-- [ RunTime:0.001099s ]
SQL: SHOW COLUMNS FROM `users` [ RunTime:0.005381s ]
SQL: INSERT INTO `users` (`username`,`password`,`email`) VALUES ('13246','124578','123@qq.com') [ RunTime:0.000596s ]

[ 2017-09-15T13:34:57+08:00 ] ::1 /couldbookmarks/index.php?m=home&c=index&a=login
INFO: [ app_init ] --START--
INFO: Run Behavior\BuildLiteBehavior [ RunTime:0.000016s ]
INFO: [ app_init ] --END-- [ RunTime:0.000562s ]
INFO: [ app_begin ] --START--
INFO: Run Behavior\ReadHtmlCacheBehavior [ RunTime:0.001405s ]
INFO: [ app_begin ] --END-- [ RunTime:0.001495s ]

[ 2017-09-15T13:35:22+08:00 ] ::1 /couldbookmarks/index.php?m=home&c=index&a=login
INFO: [ app_init ] --START--
INFO: Run Behavior\BuildLiteBehavior [ RunTime:0.000021s ]
INFO: [ app_init ] --END-- [ RunTime:0.000684s ]
INFO: [ app_begin ] --START--
INFO: Run Behavior\ReadHtmlCacheBehavior [ RunTime:0.001446s ]
INFO: [ app_begin ] --END-- [ RunTime:0.001551s ]
SQL: SHOW COLUMNS FROM `users` [ RunTime:0.006037s ]
NOTIC: [8] Undefined index: name E:\Program Files\phpstudy\WWW\Couldbookmarks\Application\Home\Controller\IndexController.class.php 第 136 行.
SQL: SELECT `password` FROM `users` WHERE ( username = $name  ) LIMIT 1   [ RunTime:0.000298s ]
ERR: 1054:Unknown column '$name' in 'where clause'
 [ SQL语句 ] : SELECT `password` FROM `users` WHERE ( username = $name  ) LIMIT 1  

[ 2017-09-15T13:35:40+08:00 ] ::1 /couldbookmarks/index.php?m=home&c=index&a=login
INFO: [ app_init ] --START--
INFO: Run Behavior\BuildLiteBehavior [ RunTime:0.000017s ]
INFO: [ app_init ] --END-- [ RunTime:0.000431s ]
INFO: [ app_begin ] --START--
INFO: Run Behavior\ReadHtmlCacheBehavior [ RunTime:0.001126s ]
INFO: [ app_begin ] --END-- [ RunTime:0.001200s ]
SQL: SHOW COLUMNS FROM `users` [ RunTime:0.007015s ]
NOTIC: [8] Undefined index: name E:\Program Files\phpstudy\WWW\Couldbookmarks\Application\Home\Controller\IndexController.class.php 第 136 行.
SQL: SELECT `password` FROM `users` WHERE ( username = $name  ) LIMIT 1   [ RunTime:0.000375s ]
ERR: 1054:Unknown column '$name' in 'where clause'
 [ SQL语句 ] : SELECT `password` FROM `users` WHERE ( username = $name  ) LIMIT 1  

[ 2017-09-15T13:36:32+08:00 ] ::1 /couldbookmarks/index.php?m=home&c=index&a=register
INFO: [ app_init ] --START--
INFO: Run Behavior\BuildLiteBehavior [ RunTime:0.000016s ]
INFO: [ app_init ] --END-- [ RunTime:0.000457s ]
INFO: [ app_begin ] --START--
INFO: Run Behavior\ReadHtmlCacheBehavior [ RunTime:0.001301s ]
INFO: [ app_begin ] --END-- [ RunTime:0.001371s ]
SQL: SHOW COLUMNS FROM `users` [ RunTime:0.005325s ]
SQL: INSERT INTO `users` (`username`,`password`,`email`) VALUES ('admin','123456','admin@qq.com') [ RunTime:0.000501s ]

[ 2017-09-15T13:36:41+08:00 ] ::1 /couldbookmarks/index.php?m=home&c=index&a=login
INFO: [ app_init ] --START--
INFO: Run Behavior\BuildLiteBehavior [ RunTime:0.000023s ]
INFO: [ app_init ] --END-- [ RunTime:0.000912s ]
INFO: [ app_begin ] --START--
INFO: Run Behavior\ReadHtmlCacheBehavior [ RunTime:0.001029s ]
INFO: [ app_begin ] --END-- [ RunTime:0.001088s ]
SQL: SHOW COLUMNS FROM `users` [ RunTime:0.005856s ]
NOTIC: [8] Undefined index: name E:\Program Files\phpstudy\WWW\Couldbookmarks\Application\Home\Controller\IndexController.class.php 第 136 行.
SQL: SELECT `password` FROM `users` WHERE ( username = $name  ) LIMIT 1   [ RunTime:0.000343s ]
ERR: 1054:Unknown column '$name' in 'where clause'
 [ SQL语句 ] : SELECT `password` FROM `users` WHERE ( username = $name  ) LIMIT 1  

[ 2017-09-15T13:37:23+08:00 ] ::1 /couldbookmarks/index.php?m=home&c=index&a=login
INFO: [ app_init ] --START--
INFO: Run Behavior\BuildLiteBehavior [ RunTime:0.000019s ]
INFO: [ app_init ] --END-- [ RunTime:0.000588s ]
INFO: [ app_begin ] --START--
INFO: Run Behavior\ReadHtmlCacheBehavior [ RunTime:0.001237s ]
INFO: [ app_begin ] --END-- [ RunTime:0.001315s ]

[ 2017-09-15T13:37:39+08:00 ] ::1 /couldbookmarks/index.php?m=home&c=index&a=login
INFO: [ app_init ] --START--
INFO: Run Behavior\BuildLiteBehavior [ RunTime:0.000020s ]
INFO: [ app_init ] --END-- [ RunTime:0.000606s ]
INFO: [ app_begin ] --START--
INFO: Run Behavior\ReadHtmlCacheBehavior [ RunTime:0.000995s ]
INFO: [ app_begin ] --END-- [ RunTime:0.001055s ]

[ 2017-09-15T13:37:47+08:00 ] ::1 /couldbookmarks/index.php?m=home&c=index&a=login
INFO: [ app_init ] --START--
INFO: Run Behavior\BuildLiteBehavior [ RunTime:0.000023s ]
INFO: [ app_init ] --END-- [ RunTime:0.000675s ]
INFO: [ app_begin ] --START--
INFO: Run Behavior\ReadHtmlCacheBehavior [ RunTime:0.001104s ]
INFO: [ app_begin ] --END-- [ RunTime:0.001171s ]
SQL: SHOW COLUMNS FROM `users` [ RunTime:0.006825s ]
NOTIC: [8] Undefined index: name E:\Program Files\phpstudy\WWW\Couldbookmarks\Application\Home\Controller\IndexController.class.php 第 136 行.
SQL: SELECT `password` FROM `users` LIMIT 1   [ RunTime:0.000418s ]

[ 2017-09-15T13:38:57+08:00 ] ::1 /couldbookmarks/index.php?m=home&c=index&a=login
INFO: [ app_init ] --START--
INFO: Run Behavior\BuildLiteBehavior [ RunTime:0.000018s ]
INFO: [ app_init ] --END-- [ RunTime:0.000576s ]
INFO: [ app_begin ] --START--
INFO: Run Behavior\ReadHtmlCacheBehavior [ RunTime:0.001126s ]
INFO: [ app_begin ] --END-- [ RunTime:0.001199s ]
SQL: SHOW COLUMNS FROM `users` [ RunTime:0.005845s ]
NOTIC: [8] Undefined index: name E:\Program Files\phpstudy\WWW\Couldbookmarks\Application\Home\Controller\IndexController.class.php 第 136 行.
SQL: SELECT `password` FROM `users` LIMIT 1   [ RunTime:0.000576s ]

[ 2017-09-15T13:39:43+08:00 ] ::1 /couldbookmarks/index.php?m=home&c=index&a=login
INFO: [ app_init ] --START--
INFO: Run Behavior\BuildLiteBehavior [ RunTime:0.000015s ]
INFO: [ app_init ] --END-- [ RunTime:0.000435s ]
INFO: [ app_begin ] --START--
INFO: Run Behavior\ReadHtmlCacheBehavior [ RunTime:0.001057s ]
INFO: [ app_begin ] --END-- [ RunTime:0.001112s ]
SQL: SHOW COLUMNS FROM `users` [ RunTime:0.005862s ]
NOTIC: [8] Undefined index: name E:\Program Files\phpstudy\WWW\Couldbookmarks\Application\Home\Controller\IndexController.class.php 第 136 行.
SQL: SELECT `password` FROM `users` LIMIT 1   [ RunTime:0.000573s ]

[ 2017-09-15T13:40:36+08:00 ] ::1 /couldbookmarks/index.php?m=home&c=index&a=login
INFO: [ app_init ] --START--
INFO: Run Behavior\BuildLiteBehavior [ RunTime:0.000021s ]
INFO: [ app_init ] --END-- [ RunTime:0.000781s ]
INFO: [ app_begin ] --START--
INFO: Run Behavior\ReadHtmlCacheBehavior [ RunTime:0.001656s ]
INFO: [ app_begin ] --END-- [ RunTime:0.001761s ]
SQL: SHOW COLUMNS FROM `users` [ RunTime:0.005691s ]
SQL: SELECT `password` FROM `users` LIMIT 1   [ RunTime:0.000591s ]

[ 2017-09-15T13:40:54+08:00 ] ::1 /couldbookmarks/index.php?m=home&c=index&a=login
INFO: [ app_init ] --START--
INFO: Run Behavior\BuildLiteBehavior [ RunTime:0.000017s ]
INFO: [ app_init ] --END-- [ RunTime:0.000594s ]
INFO: [ app_begin ] --START--
INFO: Run Behavior\ReadHtmlCacheBehavior [ RunTime:0.001381s ]
INFO: [ app_begin ] --END-- [ RunTime:0.001461s ]
SQL: SHOW COLUMNS FROM `users` [ RunTime:0.006379s ]
SQL: SELECT `password` FROM `users` LIMIT 1   [ RunTime:0.000525s ]

[ 2017-09-15T13:41:32+08:00 ] ::1 /couldbookmarks/index.php?m=home&c=index&a=login
INFO: [ app_init ] --START--
INFO: Run Behavior\BuildLiteBehavior [ RunTime:0.000016s ]
INFO: [ app_init ] --END-- [ RunTime:0.000578s ]
INFO: [ app_begin ] --START--
INFO: Run Behavior\ReadHtmlCacheBehavior [ RunTime:0.001239s ]
INFO: [ app_begin ] --END-- [ RunTime:0.001288s ]
SQL: SHOW COLUMNS FROM `users` [ RunTime:0.005717s ]
SQL: SELECT `password` FROM `users` WHERE ( username = admin ) LIMIT 1   [ RunTime:0.000341s ]
ERR: 1054:Unknown column 'admin' in 'where clause'
 [ SQL语句 ] : SELECT `password` FROM `users` WHERE ( username = admin ) LIMIT 1  

[ 2017-09-15T13:41:44+08:00 ] ::1 /couldbookmarks/index.php?m=home&c=index&a=login
INFO: [ app_init ] --START--
INFO: Run Behavior\BuildLiteBehavior [ RunTime:0.000016s ]
INFO: [ app_init ] --END-- [ RunTime:0.000611s ]
INFO: [ app_begin ] --START--
INFO: Run Behavior\ReadHtmlCacheBehavior [ RunTime:0.001317s ]
INFO: [ app_begin ] --END-- [ RunTime:0.001383s ]

[ 2017-09-15T13:45:35+08:00 ] ::1 /couldbookmarks/index.php?m=home&c=index&a=login
INFO: [ app_init ] --START--
INFO: Run Behavior\BuildLiteBehavior [ RunTime:0.000018s ]
INFO: [ app_init ] --END-- [ RunTime:0.000598s ]
INFO: [ app_begin ] --START--
INFO: Run Behavior\ReadHtmlCacheBehavior [ RunTime:0.001292s ]
INFO: [ app_begin ] --END-- [ RunTime:0.001352s ]
SQL: SHOW COLUMNS FROM `users` [ RunTime:0.005749s ]
SQL: SELECT `password` FROM `users` WHERE `username` = 'admin' LIMIT 1   [ RunTime:0.000433s ]

[ 2017-09-15T14:07:28+08:00 ] ::1 /couldbookmarks/index.php?m=home&c=index&a=login
INFO: [ app_init ] --START--
INFO: Run Behavior\BuildLiteBehavior [ RunTime:0.000016s ]
INFO: [ app_init ] --END-- [ RunTime:0.000545s ]
INFO: [ app_begin ] --START--
INFO: Run Behavior\ReadHtmlCacheBehavior [ RunTime:0.001191s ]
INFO: [ app_begin ] --END-- [ RunTime:0.001240s ]
SQL: SHOW COLUMNS FROM `users` [ RunTime:0.006715s ]
SQL: SELECT `password` FROM `users` WHERE `username` = 'admin' LIMIT 1   [ RunTime:0.000571s ]

[ 2017-09-15T14:07:34+08:00 ] ::1 /couldbookmarks/index.php?m=home&c=index&a=login
INFO: [ app_init ] --START--
INFO: Run Behavior\BuildLiteBehavior [ RunTime:0.000030s ]
INFO: [ app_init ] --END-- [ RunTime:0.000922s ]
INFO: [ app_begin ] --START--
INFO: Run Behavior\ReadHtmlCacheBehavior [ RunTime:0.001558s ]
INFO: [ app_begin ] --END-- [ RunTime:0.001650s ]
SQL: SHOW COLUMNS FROM `users` [ RunTime:0.006036s ]
SQL: SELECT `password` FROM `users` WHERE `username` = 'admin' LIMIT 1   [ RunTime:0.000358s ]

[ 2017-09-15T14:07:50+08:00 ] ::1 /couldbookmarks/index.php?m=home&c=index&a=login
INFO: [ app_init ] --START--
INFO: Run Behavior\BuildLiteBehavior [ RunTime:0.000027s ]
INFO: [ app_init ] --END-- [ RunTime:0.001880s ]
INFO: [ app_begin ] --START--
INFO: Run Behavior\ReadHtmlCacheBehavior [ RunTime:0.001944s ]
INFO: [ app_begin ] --END-- [ RunTime:0.002049s ]
SQL: SHOW COLUMNS FROM `users` [ RunTime:0.005911s ]
SQL: SELECT `password` FROM `users` WHERE `username` = 'admin' LIMIT 1   [ RunTime:0.000582s ]

[ 2017-09-15T14:08:06+08:00 ] ::1 /couldbookmarks/index.php?m=home&c=index&a=login
INFO: [ app_init ] --START--
INFO: Run Behavior\BuildLiteBehavior [ RunTime:0.000022s ]
INFO: [ app_init ] --END-- [ RunTime:0.000834s ]
INFO: [ app_begin ] --START--
INFO: Run Behavior\ReadHtmlCacheBehavior [ RunTime:0.001761s ]
INFO: [ app_begin ] --END-- [ RunTime:0.001871s ]
SQL: SHOW COLUMNS FROM `users` [ RunTime:0.004290s ]
SQL: SELECT `password` FROM `users` WHERE `username` = 'admin' LIMIT 1   [ RunTime:0.000403s ]

[ 2017-09-15T14:09:53+08:00 ] ::1 /couldbookmarks/index.php?m=home&c=index&a=login
INFO: [ app_init ] --START--
INFO: Run Behavior\BuildLiteBehavior [ RunTime:0.000024s ]
INFO: [ app_init ] --END-- [ RunTime:0.000874s ]
INFO: [ app_begin ] --START--
INFO: Run Behavior\ReadHtmlCacheBehavior [ RunTime:0.001796s ]
INFO: [ app_begin ] --END-- [ RunTime:0.001890s ]
SQL: SHOW COLUMNS FROM `users` [ RunTime:0.005004s ]
SQL: SELECT `password` FROM `users` WHERE `username` = 'admin' LIMIT 1   [ RunTime:0.000384s ]

[ 2017-09-15T14:09:57+08:00 ] ::1 /couldbookmarks/index.php?m=home&c=index&a=login
INFO: [ app_init ] --START--
INFO: Run Behavior\BuildLiteBehavior [ RunTime:0.000018s ]
INFO: [ app_init ] --END-- [ RunTime:0.000609s ]
INFO: [ app_begin ] --START--
INFO: Run Behavior\ReadHtmlCacheBehavior [ RunTime:0.001639s ]
INFO: [ app_begin ] --END-- [ RunTime:0.001742s ]
SQL: SHOW COLUMNS FROM `users` [ RunTime:0.005640s ]
SQL: SELECT `password` FROM `users` WHERE `username` = 'admin' LIMIT 1   [ RunTime:0.000411s ]

[ 2017-09-15T14:10:45+08:00 ] ::1 /couldbookmarks/index.php?m=home&c=index&a=getAllMsg
INFO: [ app_init ] --START--
INFO: Run Behavior\BuildLiteBehavior [ RunTime:0.000015s ]
INFO: [ app_init ] --END-- [ RunTime:0.000578s ]
INFO: [ app_begin ] --START--
INFO: Run Behavior\ReadHtmlCacheBehavior [ RunTime:0.001228s ]
INFO: [ app_begin ] --END-- [ RunTime:0.001278s ]
SQL: SHOW COLUMNS FROM `messages` [ RunTime:0.005185s ]
SQL: SELECT * FROM `messages` ORDER BY created_at  [ RunTime:0.000494s ]

[ 2017-09-15T14:12:23+08:00 ] ::1 /couldbookmarks/index.php?m=home&c=index&a=getAllMsg
INFO: [ app_init ] --START--
INFO: Run Behavior\BuildLiteBehavior [ RunTime:0.000025s ]
INFO: [ app_init ] --END-- [ RunTime:0.001070s ]
INFO: [ app_begin ] --START--
INFO: Run Behavior\ReadHtmlCacheBehavior [ RunTime:0.001613s ]
INFO: [ app_begin ] --END-- [ RunTime:0.001709s ]
SQL: SHOW COLUMNS FROM `messages` [ RunTime:0.007169s ]
NOTIC: [8] Undefined index: classify E:\Program Files\phpstudy\WWW\Couldbookmarks\Application\Home\Controller\IndexController.class.php 第 81 行.

[ 2017-09-15T14:12:27+08:00 ] ::1 /couldbookmarks/index.php?m=home&c=index&a=getAllMsg
INFO: [ app_init ] --START--
INFO: Run Behavior\BuildLiteBehavior [ RunTime:0.000025s ]
INFO: [ app_init ] --END-- [ RunTime:0.000951s ]
INFO: [ app_begin ] --START--
INFO: Run Behavior\ReadHtmlCacheBehavior [ RunTime:0.001775s ]
INFO: [ app_begin ] --END-- [ RunTime:0.001885s ]
SQL: SHOW COLUMNS FROM `messages` [ RunTime:0.005188s ]
SQL: SELECT * FROM `messages` ORDER BY created_at  [ RunTime:0.000411s ]

[ 2017-09-15T14:13:48+08:00 ] ::1 /couldbookmarks/index.php?m=home&c=index&a=login
INFO: [ app_init ] --START--
INFO: Run Behavior\BuildLiteBehavior [ RunTime:0.000018s ]
INFO: [ app_init ] --END-- [ RunTime:0.000606s ]
INFO: [ app_begin ] --START--
INFO: Run Behavior\ReadHtmlCacheBehavior [ RunTime:0.001581s ]
INFO: [ app_begin ] --END-- [ RunTime:0.001668s ]
SQL: SHOW COLUMNS FROM `users` [ RunTime:0.005076s ]
SQL: SELECT `password` FROM `users` WHERE `username` = '123' LIMIT 1   [ RunTime:0.000340s ]

[ 2017-09-15T14:14:04+08:00 ] ::1 /couldbookmarks/index.php?m=home&c=index&a=login
INFO: [ app_init ] --START--
INFO: Run Behavior\BuildLiteBehavior [ RunTime:0.000018s ]
INFO: [ app_init ] --END-- [ RunTime:0.000713s ]
INFO: [ app_begin ] --START--
INFO: Run Behavior\ReadHtmlCacheBehavior [ RunTime:0.001284s ]
INFO: [ app_begin ] --END-- [ RunTime:0.001351s ]
SQL: SHOW COLUMNS FROM `users` [ RunTime:0.005236s ]
SQL: SELECT `password` FROM `users` WHERE `username` = '123' LIMIT 1   [ RunTime:0.000364s ]

[ 2017-09-15T14:14:24+08:00 ] ::1 /couldbookmarks/index.php?m=home&c=index&a=login
INFO: [ app_init ] --START--
INFO: Run Behavior\BuildLiteBehavior [ RunTime:0.000021s ]
INFO: [ app_init ] --END-- [ RunTime:0.000766s ]
INFO: [ app_begin ] --START--
INFO: Run Behavior\ReadHtmlCacheBehavior [ RunTime:0.001700s ]
INFO: [ app_begin ] --END-- [ RunTime:0.001803s ]
SQL: SHOW COLUMNS FROM `users` [ RunTime:0.005476s ]
SQL: SELECT `password` FROM `users` WHERE `username` = '123' LIMIT 1   [ RunTime:0.000468s ]

[ 2017-09-15T14:14:39+08:00 ] ::1 /couldbookmarks/index.php?m=home&c=index&a=login
INFO: [ app_init ] --START--
INFO: Run Behavior\BuildLiteBehavior [ RunTime:0.000023s ]
INFO: [ app_init ] --END-- [ RunTime:0.000791s ]
INFO: [ app_begin ] --START--
INFO: Run Behavior\ReadHtmlCacheBehavior [ RunTime:0.001610s ]
INFO: [ app_begin ] --END-- [ RunTime:0.001703s ]
SQL: SHOW COLUMNS FROM `users` [ RunTime:0.005725s ]
SQL: SELECT `password` FROM `users` WHERE `username` = '123' LIMIT 1   [ RunTime:0.000446s ]

[ 2017-09-15T14:15:04+08:00 ] ::1 /couldbookmarks/index.php?m=home&c=index&a=login
INFO: [ app_init ] --START--
INFO: Run Behavior\BuildLiteBehavior [ RunTime:0.000016s ]
INFO: [ app_init ] --END-- [ RunTime:0.000627s ]
INFO: [ app_begin ] --START--
INFO: Run Behavior\ReadHtmlCacheBehavior [ RunTime:0.001939s ]
INFO: [ app_begin ] --END-- [ RunTime:0.002031s ]
SQL: SHOW COLUMNS FROM `users` [ RunTime:0.005939s ]
SQL: SELECT `password` FROM `users` WHERE `username` = '123' LIMIT 1   [ RunTime:0.000347s ]

[ 2017-09-15T14:16:04+08:00 ] ::1 /couldbookmarks/index.php?m=home&c=index&a=login
INFO: [ app_init ] --START--
INFO: Run Behavior\BuildLiteBehavior [ RunTime:0.000016s ]
INFO: [ app_init ] --END-- [ RunTime:0.000575s ]
INFO: [ app_begin ] --START--
INFO: Run Behavior\ReadHtmlCacheBehavior [ RunTime:0.001737s ]
INFO: [ app_begin ] --END-- [ RunTime:0.001823s ]
SQL: SHOW COLUMNS FROM `users` [ RunTime:0.005194s ]
NOTIC: [8] Undefined index: name E:\Program Files\phpstudy\WWW\Couldbookmarks\Application\Home\Controller\IndexController.class.php 第 136 行.
NOTIC: [8] Undefined index: password E:\Program Files\phpstudy\WWW\Couldbookmarks\Application\Home\Controller\IndexController.class.php 第 137 行.
SQL: SELECT `password` FROM `users` WHERE `username` = null LIMIT 1   [ RunTime:0.000360s ]

[ 2017-09-15T14:16:43+08:00 ] ::1 /couldbookmarks/index.php?m=home&c=index&a=login
INFO: [ app_init ] --START--
INFO: Run Behavior\BuildLiteBehavior [ RunTime:0.000021s ]
INFO: [ app_init ] --END-- [ RunTime:0.000728s ]
INFO: [ app_begin ] --START--
INFO: Run Behavior\ReadHtmlCacheBehavior [ RunTime:0.001471s ]
INFO: [ app_begin ] --END-- [ RunTime:0.001556s ]
SQL: SHOW COLUMNS FROM `users` [ RunTime:0.005351s ]
NOTIC: [8] Undefined index: name E:\Program Files\phpstudy\WWW\Couldbookmarks\Application\Home\Controller\IndexController.class.php 第 136 行.
NOTIC: [8] Undefined index: password E:\Program Files\phpstudy\WWW\Couldbookmarks\Application\Home\Controller\IndexController.class.php 第 137 行.
SQL: SELECT `password` FROM `users` WHERE `username` = null LIMIT 1   [ RunTime:0.000355s ]

[ 2017-09-15T14:17:16+08:00 ] ::1 /couldbookmarks/index.php?m=home&c=index&a=login
INFO: [ app_init ] --START--
INFO: Run Behavior\BuildLiteBehavior [ RunTime:0.000017s ]
INFO: [ app_init ] --END-- [ RunTime:0.000646s ]
INFO: [ app_begin ] --START--
INFO: Run Behavior\ReadHtmlCacheBehavior [ RunTime:0.001397s ]
INFO: [ app_begin ] --END-- [ RunTime:0.001469s ]
SQL: SHOW COLUMNS FROM `users` [ RunTime:0.005403s ]
SQL: SELECT `password` FROM `users` WHERE `username` = 'admin' LIMIT 1   [ RunTime:0.000409s ]

[ 2017-09-15T14:18:01+08:00 ] ::1 /couldbookmarks/index.php?m=home&c=index&a=login
INFO: [ app_init ] --START--
INFO: Run Behavior\BuildLiteBehavior [ RunTime:0.000017s ]
INFO: [ app_init ] --END-- [ RunTime:0.000580s ]
INFO: [ app_begin ] --START--
INFO: Run Behavior\ReadHtmlCacheBehavior [ RunTime:0.001715s ]
INFO: [ app_begin ] --END-- [ RunTime:0.001800s ]
SQL: SHOW COLUMNS FROM `users` [ RunTime:0.005433s ]
SQL: SELECT `password` FROM `users` WHERE `username` = 'admin' LIMIT 1   [ RunTime:0.000408s ]

[ 2017-09-15T14:18:16+08:00 ] ::1 /couldbookmarks/index.php?m=home&c=index&a=getClassify
INFO: [ app_init ] --START--
INFO: Run Behavior\BuildLiteBehavior [ RunTime:0.000023s ]
INFO: [ app_init ] --END-- [ RunTime:0.000753s ]
INFO: [ app_begin ] --START--
INFO: Run Behavior\ReadHtmlCacheBehavior [ RunTime:0.002288s ]
INFO: [ app_begin ] --END-- [ RunTime:0.002436s ]
NOTIC: [8] Undefined index: classify E:\Program Files\phpstudy\WWW\Couldbookmarks\Application\Home\Controller\IndexController.class.php 第 91 行.
SQL: SHOW COLUMNS FROM `classify` [ RunTime:0.005616s ]
SQL: SELECT * FROM `classify`  [ RunTime:0.000361s ]

[ 2017-09-15T14:18:22+08:00 ] ::1 /couldbookmarks/index.php?m=home&c=index&a=getAllMsg
INFO: [ app_init ] --START--
INFO: Run Behavior\BuildLiteBehavior [ RunTime:0.000023s ]
INFO: [ app_init ] --END-- [ RunTime:0.000816s ]
INFO: [ app_begin ] --START--
INFO: Run Behavior\ReadHtmlCacheBehavior [ RunTime:0.001599s ]
INFO: [ app_begin ] --END-- [ RunTime:0.001699s ]
SQL: SHOW COLUMNS FROM `messages` [ RunTime:0.008800s ]
SQL: SELECT * FROM `messages` ORDER BY created_at  [ RunTime:0.000385s ]

[ 2017-09-15T14:20:12+08:00 ] ::1 /couldbookmarks/index.php?m=home&c=index&a=getAllMsg
INFO: [ app_init ] --START--
INFO: Run Behavior\BuildLiteBehavior [ RunTime:0.000018s ]
INFO: [ app_init ] --END-- [ RunTime:0.000685s ]
INFO: [ app_begin ] --START--
INFO: Run Behavior\ReadHtmlCacheBehavior [ RunTime:0.002119s ]
INFO: [ app_begin ] --END-- [ RunTime:0.002347s ]
SQL: SHOW COLUMNS FROM `messages` [ RunTime:0.006949s ]
NOTIC: [8] Undefined index: classify E:\Program Files\phpstudy\WWW\Couldbookmarks\Application\Home\Controller\IndexController.class.php 第 81 行.

[ 2017-09-15T14:20:14+08:00 ] ::1 /couldbookmarks/index.php?m=home&c=index&a=getAllMsg
INFO: [ app_init ] --START--
INFO: Run Behavior\BuildLiteBehavior [ RunTime:0.000024s ]
INFO: [ app_init ] --END-- [ RunTime:0.000879s ]
INFO: [ app_begin ] --START--
INFO: Run Behavior\ReadHtmlCacheBehavior [ RunTime:0.002531s ]
INFO: [ app_begin ] --END-- [ RunTime:0.002699s ]
SQL: SHOW COLUMNS FROM `messages` [ RunTime:0.004762s ]
SQL: SELECT * FROM `messages` ORDER BY created_at  [ RunTime:0.000537s ]

[ 2017-09-15T14:21:24+08:00 ] ::1 /couldbookmarks/index.php?m=home&c=index&a=getAllMsg
INFO: [ app_init ] --START--
INFO: Run Behavior\BuildLiteBehavior [ RunTime:0.000023s ]
INFO: [ app_init ] --END-- [ RunTime:0.000828s ]
INFO: [ app_begin ] --START--
INFO: Run Behavior\ReadHtmlCacheBehavior [ RunTime:0.002318s ]
INFO: [ app_begin ] --END-- [ RunTime:0.002424s ]
SQL: SHOW COLUMNS FROM `messages` [ RunTime:0.006044s ]
SQL: SELECT * FROM `messages` ORDER BY created_at  [ RunTime:0.000401s ]

[ 2017-09-15T14:21:52+08:00 ] ::1 /couldbookmarks/index.php?m=home&c=index&a=getAllMsg
INFO: [ app_init ] --START--
INFO: Run Behavior\BuildLiteBehavior [ RunTime:0.000020s ]
INFO: [ app_init ] --END-- [ RunTime:0.000769s ]
INFO: [ app_begin ] --START--
INFO: Run Behavior\ReadHtmlCacheBehavior [ RunTime:0.011845s ]
INFO: [ app_begin ] --END-- [ RunTime:0.011953s ]
SQL: SHOW COLUMNS FROM `messages` [ RunTime:0.004825s ]
SQL: SELECT * FROM `messages` ORDER BY created_at  [ RunTime:0.000377s ]

[ 2017-09-15T14:23:58+08:00 ] ::1 /couldbookmarks/index.php?m=home&c=index&a=getAllMsg
INFO: [ app_init ] --START--
INFO: Run Behavior\BuildLiteBehavior [ RunTime:0.000023s ]
INFO: [ app_init ] --END-- [ RunTime:0.000828s ]
INFO: [ app_begin ] --START--
INFO: Run Behavior\ReadHtmlCacheBehavior [ RunTime:0.005078s ]
INFO: [ app_begin ] --END-- [ RunTime:0.005221s ]
SQL: SHOW COLUMNS FROM `messages` [ RunTime:0.006551s ]
SQL: SELECT * FROM `messages` ORDER BY created_at  [ RunTime:0.000376s ]

[ 2017-09-15T14:24:05+08:00 ] ::1 /couldbookmarks/index.php?m=home&c=index&a=getAllMsg
INFO: [ app_init ] --START--
INFO: Run Behavior\BuildLiteBehavior [ RunTime:0.000020s ]
INFO: [ app_init ] --END-- [ RunTime:0.000729s ]
INFO: [ app_begin ] --START--
INFO: Run Behavior\ReadHtmlCacheBehavior [ RunTime:0.002289s ]
INFO: [ app_begin ] --END-- [ RunTime:0.002413s ]
SQL: SHOW COLUMNS FROM `messages` [ RunTime:0.005417s ]
SQL: SELECT * FROM `messages` ORDER BY created_at  [ RunTime:0.000362s ]

[ 2017-09-15T14:24:08+08:00 ] ::1 /couldbookmarks/index.php?m=home&c=index&a=getClassify
INFO: [ app_init ] --START--
INFO: Run Behavior\BuildLiteBehavior [ RunTime:0.000024s ]
INFO: [ app_init ] --END-- [ RunTime:0.000795s ]
INFO: [ app_begin ] --START--
INFO: Run Behavior\ReadHtmlCacheBehavior [ RunTime:0.001454s ]
INFO: [ app_begin ] --END-- [ RunTime:0.001536s ]
NOTIC: [8] Undefined index: classify E:\Program Files\phpstudy\WWW\Couldbookmarks\Application\Home\Controller\IndexController.class.php 第 91 行.
SQL: SHOW COLUMNS FROM `classify` [ RunTime:0.004782s ]
SQL: SELECT * FROM `classify`  [ RunTime:0.000480s ]

[ 2017-09-15T14:24:25+08:00 ] ::1 /couldbookmarks/index.php?m=home&c=index&a=login
INFO: [ app_init ] --START--
INFO: Run Behavior\BuildLiteBehavior [ RunTime:0.000016s ]
INFO: [ app_init ] --END-- [ RunTime:0.000545s ]
INFO: [ app_begin ] --START--
INFO: Run Behavior\ReadHtmlCacheBehavior [ RunTime:0.001305s ]
INFO: [ app_begin ] --END-- [ RunTime:0.001355s ]
SQL: SHOW COLUMNS FROM `users` [ RunTime:0.005835s ]
SQL: SELECT `password` FROM `users` WHERE `username` = 'admin' LIMIT 1   [ RunTime:0.000333s ]

[ 2017-09-15T14:24:28+08:00 ] ::1 /couldbookmarks/index.php?m=home&c=index&a=login
INFO: [ app_init ] --START--
INFO: Run Behavior\BuildLiteBehavior [ RunTime:0.000016s ]
INFO: [ app_init ] --END-- [ RunTime:0.000580s ]
INFO: [ app_begin ] --START--
INFO: Run Behavior\ReadHtmlCacheBehavior [ RunTime:0.001384s ]
INFO: [ app_begin ] --END-- [ RunTime:0.001463s ]
SQL: SHOW COLUMNS FROM `users` [ RunTime:0.005421s ]
SQL: SELECT `password` FROM `users` WHERE `username` = 'admin' LIMIT 1   [ RunTime:0.000608s ]

[ 2017-09-15T14:27:09+08:00 ] ::1 /couldbookmarks/index.php?m=home&c=index&a=getClassify
INFO: [ app_init ] --START--
INFO: Run Behavior\BuildLiteBehavior [ RunTime:0.000015s ]
INFO: [ app_init ] --END-- [ RunTime:0.000522s ]
INFO: [ app_begin ] --START--
INFO: Run Behavior\ReadHtmlCacheBehavior [ RunTime:0.001437s ]
INFO: [ app_begin ] --END-- [ RunTime:0.001525s ]
NOTIC: [8] Undefined index: classify E:\Program Files\phpstudy\WWW\Couldbookmarks\Application\Home\Controller\IndexController.class.php 第 91 行.
SQL: SHOW COLUMNS FROM `classify` [ RunTime:0.004911s ]
SQL: SELECT * FROM `classify`  [ RunTime:0.000369s ]

