[ 2017-09-13T18:08:49+08:00 ] ::1 /couldbookmarks/
INFO: [ app_init ] --START--
INFO: Run Behavior\BuildLiteBehavior [ RunTime:0.000019s ]
INFO: [ app_init ] --END-- [ RunTime:0.000973s ]
INFO: [ app_begin ] --START--
INFO: Run Behavior\ReadHtmlCacheBehavior [ RunTime:0.001138s ]
INFO: [ app_begin ] --END-- [ RunTime:0.001206s ]
SQL: SHOW COLUMNS FROM `messages` [ RunTime:0.005584s ]
SQL: SHOW COLUMNS FROM `classify` [ RunTime:0.004827s ]
SQL: SELECT * FROM `classify`  [ RunTime:0.000486s ]
SQL: SELECT * FROM `messages` ORDER BY created_at  [ RunTime:0.000396s ]
INFO: [ view_parse ] --START--
INFO: [ template_filter ] --START--
INFO: Run Behavior\ContentReplaceBehavior [ RunTime:0.000049s ]
INFO: [ template_filter ] --END-- [ RunTime:0.000105s ]
INFO: Run Behavior\ParseTemplateBehavior [ RunTime:0.013340s ]
INFO: [ view_parse ] --END-- [ RunTime:0.013405s ]
INFO: [ view_filter ] --START--
INFO: Run Behavior\WriteHtmlCacheBehavior [ RunTime:0.000710s ]
INFO: [ view_filter ] --END-- [ RunTime:0.000747s ]
NOTIC: [8] Undefined variable: res E:\Program Files\phpstudy\WWW\Couldbookmarks\Application\Home\Controller\IndexController.class.php 第 45 行.

[ 2017-09-13T18:10:35+08:00 ] ::1 /couldbookmarks/index.php?m=home&c=index&a=getAllMsg
INFO: [ app_init ] --START--
INFO: Run Behavior\BuildLiteBehavior [ RunTime:0.000054s ]
INFO: [ app_init ] --END-- [ RunTime:0.001037s ]
INFO: [ app_begin ] --START--
INFO: Run Behavior\ReadHtmlCacheBehavior [ RunTime:0.001390s ]
INFO: [ app_begin ] --END-- [ RunTime:0.001478s ]
ERR: 非法操作:getAllMsg

[ 2017-09-13T18:12:19+08:00 ] ::1 /couldbookmarks/index.php?m=home&c=index&a=getAllMsg
INFO: [ app_init ] --START--
INFO: Run Behavior\BuildLiteBehavior [ RunTime:0.000026s ]
INFO: [ app_init ] --END-- [ RunTime:0.000695s ]
INFO: [ app_begin ] --START--
INFO: Run Behavior\ReadHtmlCacheBehavior [ RunTime:0.001759s ]
INFO: [ app_begin ] --END-- [ RunTime:0.001886s ]
SQL: SHOW COLUMNS FROM `messages` [ RunTime:0.004952s ]
SQL: SHOW COLUMNS FROM `addclassify` [ RunTime:0.005294s ]
ERR: 1146:Table 'couldbookmarks.addclassify' doesn't exist
 [ SQL语句 ] : SHOW COLUMNS FROM `addclassify`
SQL: SHOW COLUMNS FROM `classify` [ RunTime:0.004409s ]
SQL: INSERT INTO `classify` (`cname`) VALUES ('123') [ RunTime:0.000386s ]
SQL: SELECT * FROM `messages` ORDER BY created_at  [ RunTime:0.000343s ]

[ 2017-09-13T18:12:23+08:00 ] ::1 /couldbookmarks/index.php?m=home&c=index&a=getClassify
INFO: [ app_init ] --START--
INFO: Run Behavior\BuildLiteBehavior [ RunTime:0.000030s ]
INFO: [ app_init ] --END-- [ RunTime:0.000848s ]
INFO: [ app_begin ] --START--
INFO: Run Behavior\ReadHtmlCacheBehavior [ RunTime:0.001649s ]
INFO: [ app_begin ] --END-- [ RunTime:0.001748s ]
NOTIC: [8] Undefined index: classify E:\Program Files\phpstudy\WWW\Couldbookmarks\Application\Home\Controller\IndexController.class.php 第 92 行.
SQL: SHOW COLUMNS FROM `classify` [ RunTime:0.004949s ]
SQL: SELECT * FROM `classify`  [ RunTime:0.000436s ]

[ 2017-09-13T18:12:28+08:00 ] ::1 /couldbookmarks/index.php?m=home&c=index&a=addMsg
INFO: [ app_init ] --START--
INFO: Run Behavior\BuildLiteBehavior [ RunTime:0.000019s ]
INFO: [ app_init ] --END-- [ RunTime:0.000720s ]
INFO: [ app_begin ] --START--
INFO: Run Behavior\ReadHtmlCacheBehavior [ RunTime:0.001310s ]
INFO: [ app_begin ] --END-- [ RunTime:0.001406s ]
SQL: SHOW COLUMNS FROM `messages` [ RunTime:0.005456s ]
SQL: INSERT INTO `messages` (`name`,`content`,`classify`,`created_at`) VALUES ('213','123123','123','2017-09-13 18:12:28') [ RunTime:0.000461s ]

[ 2017-09-13T18:12:30+08:00 ] ::1 /couldbookmarks/index.php?m=home&c=index&a=getAllMsg
INFO: [ app_init ] --START--
INFO: Run Behavior\BuildLiteBehavior [ RunTime:0.000020s ]
INFO: [ app_init ] --END-- [ RunTime:0.000639s ]
INFO: [ app_begin ] --START--
INFO: Run Behavior\ReadHtmlCacheBehavior [ RunTime:0.001414s ]
INFO: [ app_begin ] --END-- [ RunTime:0.001536s ]
SQL: SHOW COLUMNS FROM `messages` [ RunTime:0.006178s ]
SQL: SHOW COLUMNS FROM `addclassify` [ RunTime:0.004635s ]
ERR: 1146:Table 'couldbookmarks.addclassify' doesn't exist
 [ SQL语句 ] : SHOW COLUMNS FROM `addclassify`
SQL: SHOW COLUMNS FROM `classify` [ RunTime:0.004155s ]
SQL: INSERT INTO `classify` (`cname`) VALUES ('123') [ RunTime:0.000437s ]
SQL: SELECT * FROM `messages` ORDER BY created_at  [ RunTime:0.000498s ]

[ 2017-09-13T18:13:31+08:00 ] ::1 /couldbookmarks/index.php
INFO: [ app_init ] --START--
INFO: Run Behavior\BuildLiteBehavior [ RunTime:0.000014s ]
INFO: [ app_init ] --END-- [ RunTime:0.000409s ]
INFO: [ app_begin ] --START--
INFO: Run Behavior\ReadHtmlCacheBehavior [ RunTime:0.001184s ]
INFO: [ app_begin ] --END-- [ RunTime:0.001256s ]
SQL: SHOW COLUMNS FROM `messages` [ RunTime:0.006069s ]
SQL: SHOW COLUMNS FROM `classify` [ RunTime:0.004967s ]
SQL: SELECT * FROM `classify`  [ RunTime:0.000656s ]
SQL: SELECT * FROM `messages` ORDER BY created_at  [ RunTime:0.000613s ]
INFO: [ view_parse ] --START--
INFO: [ template_filter ] --START--
INFO: Run Behavior\ContentReplaceBehavior [ RunTime:0.000050s ]
INFO: [ template_filter ] --END-- [ RunTime:0.000109s ]
INFO: Run Behavior\ParseTemplateBehavior [ RunTime:0.012086s ]
INFO: [ view_parse ] --END-- [ RunTime:0.012160s ]
INFO: [ view_filter ] --START--
INFO: Run Behavior\WriteHtmlCacheBehavior [ RunTime:0.000992s ]
INFO: [ view_filter ] --END-- [ RunTime:0.001054s ]
NOTIC: [8] Undefined variable: res E:\Program Files\phpstudy\WWW\Couldbookmarks\Application\Home\Controller\IndexController.class.php 第 45 行.

