[ 2017-04-16T22:46:28+08:00 ] ::1 /couldbookmarks/index.php?m=home&c=index&a=index
INFO: [ app_init ] --START--
INFO: Run Behavior\BuildLiteBehavior [ RunTime:0.000008s ]
INFO: [ app_init ] --END-- [ RunTime:0.000243s ]
INFO: [ app_begin ] --START--
INFO: Run Behavior\ReadHtmlCacheBehavior [ RunTime:0.000353s ]
INFO: [ app_begin ] --END-- [ RunTime:0.000384s ]
SQL: SHOW COLUMNS FROM `messages` [ RunTime:0.002451s ]
SQL: SHOW COLUMNS FROM `classify` [ RunTime:0.001998s ]
SQL: SELECT * FROM `classify`  [ RunTime:0.000206s ]
SQL: SELECT * FROM `messages` ORDER BY created_at  [ RunTime:0.000264s ]
INFO: [ view_parse ] --START--
INFO: [ template_filter ] --START--
INFO: Run Behavior\ContentReplaceBehavior [ RunTime:0.000031s ]
INFO: [ template_filter ] --END-- [ RunTime:0.000097s ]
INFO: Run Behavior\ParseTemplateBehavior [ RunTime:0.006227s ]
INFO: [ view_parse ] --END-- [ RunTime:0.006276s ]
INFO: [ view_filter ] --START--
INFO: Run Behavior\WriteHtmlCacheBehavior [ RunTime:0.000249s ]
INFO: [ view_filter ] --END-- [ RunTime:0.000275s ]
NOTIC: [8] Undefined variable: res D:\OfficeSoftware\phpstudy\WWW\Couldbookmarks\Application\Home\Controller\IndexController.class.php 第 45 行.

[ 2017-04-16T22:48:13+08:00 ] ::1 /couldbookmarks/index.php?m=home&c=index&a=index
INFO: [ app_init ] --START--
INFO: Run Behavior\BuildLiteBehavior [ RunTime:0.000012s ]
INFO: [ app_init ] --END-- [ RunTime:0.000319s ]
INFO: [ app_begin ] --START--
INFO: Run Behavior\ReadHtmlCacheBehavior [ RunTime:0.000435s ]
INFO: [ app_begin ] --END-- [ RunTime:0.000479s ]
SQL: SHOW COLUMNS FROM `messages` [ RunTime:0.003360s ]
SQL: SHOW COLUMNS FROM `classify` [ RunTime:0.002216s ]
SQL: SELECT * FROM `classify`  [ RunTime:0.000185s ]
SQL: SELECT * FROM `messages` ORDER BY created_at  [ RunTime:0.000161s ]
INFO: [ view_parse ] --START--
INFO: [ template_filter ] --START--
INFO: Run Behavior\ContentReplaceBehavior [ RunTime:0.000030s ]
INFO: [ template_filter ] --END-- [ RunTime:0.000063s ]
INFO: Run Behavior\ParseTemplateBehavior [ RunTime:0.005409s ]
INFO: [ view_parse ] --END-- [ RunTime:0.005445s ]
INFO: [ view_filter ] --START--
INFO: Run Behavior\WriteHtmlCacheBehavior [ RunTime:0.000228s ]
INFO: [ view_filter ] --END-- [ RunTime:0.000250s ]
NOTIC: [8] Undefined variable: res D:\OfficeSoftware\phpstudy\WWW\Couldbookmarks\Application\Home\Controller\IndexController.class.php 第 45 行.

[ 2017-04-16T22:48:46+08:00 ] ::1 /couldbookmarks/index.php?m=home&c=index&a=index
INFO: [ app_init ] --START--
INFO: Run Behavior\BuildLiteBehavior [ RunTime:0.000010s ]
INFO: [ app_init ] --END-- [ RunTime:0.000287s ]
INFO: [ app_begin ] --START--
INFO: Run Behavior\ReadHtmlCacheBehavior [ RunTime:0.000359s ]
INFO: [ app_begin ] --END-- [ RunTime:0.000396s ]
SQL: SHOW COLUMNS FROM `messages` [ RunTime:0.004553s ]
SQL: SHOW COLUMNS FROM `classify` [ RunTime:0.003009s ]
SQL: SELECT * FROM `classify`  [ RunTime:0.000327s ]
SQL: SELECT * FROM `messages` ORDER BY created_at  [ RunTime:0.000315s ]
INFO: [ view_parse ] --START--
INFO: [ template_filter ] --START--
INFO: Run Behavior\ContentReplaceBehavior [ RunTime:0.000028s ]
INFO: [ template_filter ] --END-- [ RunTime:0.000060s ]
INFO: Run Behavior\ParseTemplateBehavior [ RunTime:0.006798s ]
INFO: [ view_parse ] --END-- [ RunTime:0.006836s ]
INFO: [ view_filter ] --START--
INFO: Run Behavior\WriteHtmlCacheBehavior [ RunTime:0.000167s ]
INFO: [ view_filter ] --END-- [ RunTime:0.000188s ]
NOTIC: [8] Undefined variable: res D:\OfficeSoftware\phpstudy\WWW\Couldbookmarks\Application\Home\Controller\IndexController.class.php 第 45 行.

