[ 2017-04-19T19:45:04+08:00 ] ::1 /couldbookmarks/index.php?m=home&c=index&a=index
INFO: [ app_init ] --START--
INFO: Run Behavior\BuildLiteBehavior [ RunTime:0.000008s ]
INFO: [ app_init ] --END-- [ RunTime:0.000291s ]
INFO: [ app_begin ] --START--
INFO: Run Behavior\ReadHtmlCacheBehavior [ RunTime:0.000442s ]
INFO: [ app_begin ] --END-- [ RunTime:0.000472s ]
SQL: SHOW COLUMNS FROM `messages` [ RunTime:0.008431s ]
SQL: SHOW COLUMNS FROM `classify` [ RunTime:0.006921s ]
SQL: SELECT * FROM `classify`  [ RunTime:0.000585s ]
SQL: SELECT * FROM `messages` ORDER BY created_at  [ RunTime:0.000673s ]
INFO: [ view_parse ] --START--
INFO: [ template_filter ] --START--
INFO: Run Behavior\ContentReplaceBehavior [ RunTime:0.000104s ]
INFO: [ template_filter ] --END-- [ RunTime:0.000218s ]
INFO: Run Behavior\ParseTemplateBehavior [ RunTime:0.021569s ]
INFO: [ view_parse ] --END-- [ RunTime:0.021693s ]
INFO: [ view_filter ] --START--
INFO: Run Behavior\WriteHtmlCacheBehavior [ RunTime:0.001193s ]
INFO: [ view_filter ] --END-- [ RunTime:0.001286s ]
NOTIC: [8] Undefined variable: res D:\OfficeSoftware\phpstudy\WWW\Couldbookmarks\Application\Home\Controller\IndexController.class.php 第 45 行.

