[ 2017-03-12T21:33:33+08:00 ] ::1 /Couldbookmarks/
INFO: [ app_init ] --START--
INFO: Run Behavior\BuildLiteBehavior [ RunTime:0.000007s ]
INFO: [ app_init ] --END-- [ RunTime:0.000729s ]
INFO: [ app_begin ] --START--
INFO: Run Behavior\ReadHtmlCacheBehavior [ RunTime:0.000302s ]
INFO: [ app_begin ] --END-- [ RunTime:0.000335s ]
SQL: SHOW COLUMNS FROM `messages` [ RunTime:0.012385s ]
SQL: SHOW COLUMNS FROM `classify` [ RunTime:0.006807s ]
SQL: SELECT * FROM `classify`  [ RunTime:0.000520s ]
SQL: SELECT * FROM `messages` ORDER BY created_at  [ RunTime:0.001777s ]
INFO: [ view_parse ] --START--
INFO: [ template_filter ] --START--
INFO: Run Behavior\ContentReplaceBehavior [ RunTime:0.000043s ]
INFO: [ template_filter ] --END-- [ RunTime:0.000089s ]
INFO: Run Behavior\ParseTemplateBehavior [ RunTime:0.018661s ]
INFO: [ view_parse ] --END-- [ RunTime:0.018719s ]
INFO: [ view_filter ] --START--
INFO: Run Behavior\WriteHtmlCacheBehavior [ RunTime:0.000243s ]
INFO: [ view_filter ] --END-- [ RunTime:0.000274s ]
NOTIC: [8] Undefined variable: res D:\OfficeSoftware\phpstudy\WWW\Couldbookmarks\Application\Home\Controller\IndexController.class.php 第 45 行.

[ 2017-03-12T21:33:36+08:00 ] ::1 /couldbookmarks/index.php?m=home&c=index&a=delMsg
INFO: [ app_init ] --START--
INFO: Run Behavior\BuildLiteBehavior [ RunTime:0.000008s ]
INFO: [ app_init ] --END-- [ RunTime:0.000210s ]
INFO: [ app_begin ] --START--
INFO: Run Behavior\ReadHtmlCacheBehavior [ RunTime:0.000296s ]
INFO: [ app_begin ] --END-- [ RunTime:0.000326s ]
NOTIC: [2048] Declaration of Common\Model\DeleteMessageModel::delete() should be compatible with Think\Model::delete($options = Array) D:\OfficeSoftware\phpstudy\WWW\Couldbookmarks\Application\Common\Model\DeleteMessageModel.class.php 第 9 行.
SQL: SHOW COLUMNS FROM `delete_message` [ RunTime:0.008130s ]
ERR: 1146:Table 'couldbookmarks.delete_message' doesn't exist
 [ SQL语句 ] : SHOW COLUMNS FROM `delete_message`
SQL: SHOW COLUMNS FROM `messages` [ RunTime:0.007450s ]
SQL: DELETE FROM `messages` WHERE `id` = 27 [ RunTime:0.002486s ]

[ 2017-03-12T21:33:39+08:00 ] ::1 /couldbookmarks/index.php?m=home&c=index&a=index
INFO: [ app_init ] --START--
INFO: Run Behavior\BuildLiteBehavior [ RunTime:0.000007s ]
INFO: [ app_init ] --END-- [ RunTime:0.000200s ]
INFO: [ app_begin ] --START--
INFO: Run Behavior\ReadHtmlCacheBehavior [ RunTime:0.000256s ]
INFO: [ app_begin ] --END-- [ RunTime:0.000285s ]
SQL: SHOW COLUMNS FROM `messages` [ RunTime:0.003177s ]
SQL: SHOW COLUMNS FROM `classify` [ RunTime:0.001703s ]
SQL: SELECT * FROM `classify`  [ RunTime:0.000186s ]
SQL: SELECT * FROM `messages` ORDER BY created_at  [ RunTime:0.000175s ]
INFO: [ view_parse ] --START--
INFO: [ template_filter ] --START--
INFO: Run Behavior\ContentReplaceBehavior [ RunTime:0.000033s ]
INFO: [ template_filter ] --END-- [ RunTime:0.000070s ]
INFO: Run Behavior\ParseTemplateBehavior [ RunTime:0.004969s ]
INFO: [ view_parse ] --END-- [ RunTime:0.005003s ]
INFO: [ view_filter ] --START--
INFO: Run Behavior\WriteHtmlCacheBehavior [ RunTime:0.000122s ]
INFO: [ view_filter ] --END-- [ RunTime:0.000142s ]
NOTIC: [8] Undefined variable: res D:\OfficeSoftware\phpstudy\WWW\Couldbookmarks\Application\Home\Controller\IndexController.class.php 第 45 行.

[ 2017-03-12T21:34:01+08:00 ] ::1 /couldbookmarks/index.php?m=home&c=index&a=index
INFO: [ app_init ] --START--
INFO: Run Behavior\BuildLiteBehavior [ RunTime:0.000007s ]
INFO: [ app_init ] --END-- [ RunTime:0.000216s ]
INFO: [ app_begin ] --START--
INFO: Run Behavior\ReadHtmlCacheBehavior [ RunTime:0.000259s ]
INFO: [ app_begin ] --END-- [ RunTime:0.000288s ]
SQL: SHOW COLUMNS FROM `messages` [ RunTime:0.009634s ]
SQL: SHOW COLUMNS FROM `classify` [ RunTime:0.006916s ]
SQL: SELECT * FROM `classify`  [ RunTime:0.000748s ]
SQL: SELECT * FROM `messages` ORDER BY created_at  [ RunTime:0.000709s ]
INFO: [ view_parse ] --START--
INFO: [ template_filter ] --START--
INFO: Run Behavior\ContentReplaceBehavior [ RunTime:0.000111s ]
INFO: [ template_filter ] --END-- [ RunTime:0.000226s ]
INFO: Run Behavior\ParseTemplateBehavior [ RunTime:0.017168s ]
INFO: [ view_parse ] --END-- [ RunTime:0.017298s ]
INFO: [ view_filter ] --START--
INFO: Run Behavior\WriteHtmlCacheBehavior [ RunTime:0.000484s ]
INFO: [ view_filter ] --END-- [ RunTime:0.000568s ]
NOTIC: [8] Undefined variable: res D:\OfficeSoftware\phpstudy\WWW\Couldbookmarks\Application\Home\Controller\IndexController.class.php 第 45 行.

[ 2017-03-12T21:34:05+08:00 ] ::1 /couldbookmarks/index.php?m=home&c=index&a=check
INFO: [ app_init ] --START--
INFO: Run Behavior\BuildLiteBehavior [ RunTime:0.000006s ]
INFO: [ app_init ] --END-- [ RunTime:0.000198s ]
INFO: [ app_begin ] --START--
INFO: Run Behavior\ReadHtmlCacheBehavior [ RunTime:0.000250s ]
INFO: [ app_begin ] --END-- [ RunTime:0.000275s ]
SQL: SHOW COLUMNS FROM `addclassify` [ RunTime:0.007673s ]
ERR: 1146:Table 'couldbookmarks.addclassify' doesn't exist
 [ SQL语句 ] : SHOW COLUMNS FROM `addclassify`
SQL: SHOW COLUMNS FROM `classify` [ RunTime:0.006470s ]
SQL: INSERT INTO `classify` (`cname`) VALUES ('213') [ RunTime:0.001551s ]

[ 2017-03-12T21:34:07+08:00 ] ::1 /couldbookmarks/index.php?m=home&c=index&a=index
INFO: [ app_init ] --START--
INFO: Run Behavior\BuildLiteBehavior [ RunTime:0.000008s ]
INFO: [ app_init ] --END-- [ RunTime:0.000212s ]
INFO: [ app_begin ] --START--
INFO: Run Behavior\ReadHtmlCacheBehavior [ RunTime:0.000257s ]
INFO: [ app_begin ] --END-- [ RunTime:0.000286s ]
SQL: SHOW COLUMNS FROM `messages` [ RunTime:0.003470s ]
SQL: SHOW COLUMNS FROM `classify` [ RunTime:0.001734s ]
SQL: SELECT * FROM `classify`  [ RunTime:0.000179s ]
SQL: SELECT * FROM `messages` ORDER BY created_at  [ RunTime:0.000179s ]
INFO: [ view_parse ] --START--
INFO: [ template_filter ] --START--
INFO: Run Behavior\ContentReplaceBehavior [ RunTime:0.000029s ]
INFO: [ template_filter ] --END-- [ RunTime:0.000060s ]
INFO: Run Behavior\ParseTemplateBehavior [ RunTime:0.004480s ]
INFO: [ view_parse ] --END-- [ RunTime:0.004512s ]
INFO: [ view_filter ] --START--
INFO: Run Behavior\WriteHtmlCacheBehavior [ RunTime:0.000132s ]
INFO: [ view_filter ] --END-- [ RunTime:0.000154s ]
NOTIC: [8] Undefined variable: res D:\OfficeSoftware\phpstudy\WWW\Couldbookmarks\Application\Home\Controller\IndexController.class.php 第 45 行.

