[ 2017-02-26T20:31:14+08:00 ] 127.0.0.1 /index.php?m=home&c=index&a=index
INFO: [ app_init ] --START--
INFO: Run Behavior\BuildLiteBehavior [ RunTime:0.000009s ]
INFO: [ app_init ] --END-- [ RunTime:0.000217s ]
INFO: [ app_begin ] --START--
INFO: Run Behavior\ReadHtmlCacheBehavior [ RunTime:0.000278s ]
INFO: [ app_begin ] --END-- [ RunTime:0.000311s ]
NOTIC: [8192] mysql_connect(): The mysql extension is deprecated and will be removed in the future: use mysqli or PDO instead D:\OfficeSoftware\phpstudy\WWW\couldbookmarks\ThinkPHP\Library\Think\Db\Driver\Mysql.class.php Á¨¨ 52 Ë°å.
NOTIC: [2] mysql_connect(): ÔøΩÔøΩÔøΩÔøΩƒøÔøΩÔøΩÔøΩÔøΩÔøΩÔøΩÔøΩÔøΩÔøΩÔøΩ‹æÔøΩÔøΩÔøΩÔøΩﬁ∑ÔøΩÔøΩÔøΩÔøΩ”°ÔøΩ
 D:\OfficeSoftware\phpstudy\WWW\couldbookmarks\ThinkPHP\Library\Think\Db\Driver\Mysql.class.php Á¨¨ 52 Ë°å.
ERR: ”…”⁄ƒø±Íº∆À„ª˙ª˝º´æ‹æ¯£¨Œﬁ∑®¡¨Ω”°£


[ 2017-02-26T20:31:35+08:00 ] 127.0.0.1 /index.php?m=home&c=index&a=index
INFO: [ app_init ] --START--
INFO: Run Behavior\BuildLiteBehavior [ RunTime:0.000008s ]
INFO: [ app_init ] --END-- [ RunTime:0.000373s ]
INFO: [ app_begin ] --START--
INFO: Run Behavior\ReadHtmlCacheBehavior [ RunTime:0.000280s ]
INFO: [ app_begin ] --END-- [ RunTime:0.000308s ]
NOTIC: [8192] mysql_connect(): The mysql extension is deprecated and will be removed in the future: use mysqli or PDO instead D:\OfficeSoftware\phpstudy\WWW\couldbookmarks\ThinkPHP\Library\Think\Db\Driver\Mysql.class.php Á¨¨ 52 Ë°å.
SQL: SHOW COLUMNS FROM `messages` [ RunTime:0.003814s ]
SQL: SHOW COLUMNS FROM `classify` [ RunTime:0.003361s ]
SQL: SELECT * FROM `classify`  [ RunTime:0.000291s ]
SQL: SELECT * FROM `messages` ORDER BY created_at  [ RunTime:0.000337s ]
INFO: [ view_parse ] --START--
INFO: [ template_filter ] --START--
INFO: Run Behavior\ContentReplaceBehavior [ RunTime:0.000035s ]
INFO: [ template_filter ] --END-- [ RunTime:0.000072s ]
INFO: Run Behavior\ParseTemplateBehavior [ RunTime:0.015884s ]
INFO: [ view_parse ] --END-- [ RunTime:0.015929s ]
INFO: [ view_filter ] --START--
INFO: Run Behavior\WriteHtmlCacheBehavior [ RunTime:0.000218s ]
INFO: [ view_filter ] --END-- [ RunTime:0.000245s ]
NOTIC: [8] Undefined variable: res D:\OfficeSoftware\phpstudy\WWW\couldbookmarks\Application\Home\Controller\IndexController.class.php Á¨¨ 45 Ë°å.

[ 2017-02-26T20:31:39+08:00 ] 127.0.0.1 /index.php?m=home&c=index&a=del
INFO: [ app_init ] --START--
INFO: Run Behavior\BuildLiteBehavior [ RunTime:0.000007s ]
INFO: [ app_init ] --END-- [ RunTime:0.000205s ]
INFO: [ app_begin ] --START--
INFO: Run Behavior\ReadHtmlCacheBehavior [ RunTime:0.000254s ]
INFO: [ app_begin ] --END-- [ RunTime:0.000282s ]
NOTIC: [2048] Declaration of Common\Model\DeleteMessageModel::delete() should be compatible with Think\Model::delete($options = Array) D:\OfficeSoftware\phpstudy\WWW\couldbookmarks\Application\Common\Model\DeleteMessageModel.class.php Á¨¨ 9 Ë°å.
NOTIC: [8192] mysql_connect(): The mysql extension is deprecated and will be removed in the future: use mysqli or PDO instead D:\OfficeSoftware\phpstudy\WWW\couldbookmarks\ThinkPHP\Library\Think\Db\Driver\Mysql.class.php Á¨¨ 52 Ë°å.
SQL: SHOW COLUMNS FROM `delete_message` [ RunTime:0.002883s ]
ERR: 1146:Table 'couldbookmarks.delete_message' doesn't exist
 [ SQLËØ≠Âè• ] : SHOW COLUMNS FROM `delete_message`
SQL: SHOW COLUMNS FROM `messages` [ RunTime:0.001913s ]
SQL: DELETE FROM `messages` WHERE ( id = 1 ) [ RunTime:0.000151s ]

[ 2017-02-26T20:31:45+08:00 ] 127.0.0.1 /index.php?m=home&c=index&a=del
INFO: [ app_init ] --START--
INFO: Run Behavior\BuildLiteBehavior [ RunTime:0.000008s ]
INFO: [ app_init ] --END-- [ RunTime:0.000198s ]
INFO: [ app_begin ] --START--
INFO: Run Behavior\ReadHtmlCacheBehavior [ RunTime:0.000303s ]
INFO: [ app_begin ] --END-- [ RunTime:0.000330s ]
NOTIC: [2048] Declaration of Common\Model\DeleteMessageModel::delete() should be compatible with Think\Model::delete($options = Array) D:\OfficeSoftware\phpstudy\WWW\couldbookmarks\Application\Common\Model\DeleteMessageModel.class.php Á¨¨ 9 Ë°å.
NOTIC: [8192] mysql_connect(): The mysql extension is deprecated and will be removed in the future: use mysqli or PDO instead D:\OfficeSoftware\phpstudy\WWW\couldbookmarks\ThinkPHP\Library\Think\Db\Driver\Mysql.class.php Á¨¨ 52 Ë°å.
SQL: SHOW COLUMNS FROM `delete_message` [ RunTime:0.005395s ]
ERR: 1146:Table 'couldbookmarks.delete_message' doesn't exist
 [ SQLËØ≠Âè• ] : SHOW COLUMNS FROM `delete_message`
SQL: SHOW COLUMNS FROM `messages` [ RunTime:0.003151s ]
SQL: DELETE FROM `messages` WHERE ( id = 1 ) [ RunTime:0.000257s ]

[ 2017-02-26T20:31:49+08:00 ] 127.0.0.1 /index.php?m=home&c=index&a=del
INFO: [ app_init ] --START--
INFO: Run Behavior\BuildLiteBehavior [ RunTime:0.000008s ]
INFO: [ app_init ] --END-- [ RunTime:0.000210s ]
INFO: [ app_begin ] --START--
INFO: Run Behavior\ReadHtmlCacheBehavior [ RunTime:0.000259s ]
INFO: [ app_begin ] --END-- [ RunTime:0.000288s ]
NOTIC: [2048] Declaration of Common\Model\DeleteMessageModel::delete() should be compatible with Think\Model::delete($options = Array) D:\OfficeSoftware\phpstudy\WWW\couldbookmarks\Application\Common\Model\DeleteMessageModel.class.php Á¨¨ 9 Ë°å.
NOTIC: [8192] mysql_connect(): The mysql extension is deprecated and will be removed in the future: use mysqli or PDO instead D:\OfficeSoftware\phpstudy\WWW\couldbookmarks\ThinkPHP\Library\Think\Db\Driver\Mysql.class.php Á¨¨ 52 Ë°å.
SQL: SHOW COLUMNS FROM `delete_message` [ RunTime:0.003897s ]
ERR: 1146:Table 'couldbookmarks.delete_message' doesn't exist
 [ SQLËØ≠Âè• ] : SHOW COLUMNS FROM `delete_message`
SQL: SHOW COLUMNS FROM `messages` [ RunTime:0.002863s ]
SQL: DELETE FROM `messages` WHERE ( id = 1 ) [ RunTime:0.000200s ]

[ 2017-02-26T20:31:52+08:00 ] 127.0.0.1 /index.php?m=home&c=index&a=del
INFO: [ app_init ] --START--
INFO: Run Behavior\BuildLiteBehavior [ RunTime:0.000008s ]
INFO: [ app_init ] --END-- [ RunTime:0.000225s ]
INFO: [ app_begin ] --START--
INFO: Run Behavior\ReadHtmlCacheBehavior [ RunTime:0.000264s ]
INFO: [ app_begin ] --END-- [ RunTime:0.000291s ]
NOTIC: [2048] Declaration of Common\Model\DeleteMessageModel::delete() should be compatible with Think\Model::delete($options = Array) D:\OfficeSoftware\phpstudy\WWW\couldbookmarks\Application\Common\Model\DeleteMessageModel.class.php Á¨¨ 9 Ë°å.
NOTIC: [8192] mysql_connect(): The mysql extension is deprecated and will be removed in the future: use mysqli or PDO instead D:\OfficeSoftware\phpstudy\WWW\couldbookmarks\ThinkPHP\Library\Think\Db\Driver\Mysql.class.php Á¨¨ 52 Ë°å.
SQL: SHOW COLUMNS FROM `delete_message` [ RunTime:0.003381s ]
ERR: 1146:Table 'couldbookmarks.delete_message' doesn't exist
 [ SQLËØ≠Âè• ] : SHOW COLUMNS FROM `delete_message`
SQL: SHOW COLUMNS FROM `messages` [ RunTime:0.002158s ]
SQL: DELETE FROM `messages` WHERE ( id = 1 ) [ RunTime:0.000133s ]

[ 2017-02-26T21:03:55+08:00 ] 127.0.0.1 /index.php?m=home&c=index&a=index
INFO: [ app_init ] --START--
INFO: Run Behavior\BuildLiteBehavior [ RunTime:0.000008s ]
INFO: [ app_init ] --END-- [ RunTime:0.000304s ]
INFO: [ app_begin ] --START--
INFO: Run Behavior\ReadHtmlCacheBehavior [ RunTime:0.000338s ]
INFO: [ app_begin ] --END-- [ RunTime:0.000369s ]
NOTIC: [8192] mysql_connect(): The mysql extension is deprecated and will be removed in the future: use mysqli or PDO instead D:\OfficeSoftware\phpstudy\WWW\couldbookmarks\ThinkPHP\Library\Think\Db\Driver\Mysql.class.php Á¨¨ 52 Ë°å.
SQL: SHOW COLUMNS FROM `messages` [ RunTime:0.008888s ]
SQL: SHOW COLUMNS FROM `classify` [ RunTime:0.005941s ]
SQL: SELECT * FROM `classify`  [ RunTime:0.000641s ]
SQL: SELECT * FROM `messages` ORDER BY created_at  [ RunTime:0.000675s ]
INFO: [ view_parse ] --START--
INFO: [ template_filter ] --START--
INFO: Run Behavior\ContentReplaceBehavior [ RunTime:0.000047s ]
INFO: [ template_filter ] --END-- [ RunTime:0.000098s ]
INFO: Run Behavior\ParseTemplateBehavior [ RunTime:0.025385s ]
INFO: [ view_parse ] --END-- [ RunTime:0.025455s ]
INFO: [ view_filter ] --START--
INFO: Run Behavior\WriteHtmlCacheBehavior [ RunTime:0.000287s ]
INFO: [ view_filter ] --END-- [ RunTime:0.000325s ]
NOTIC: [8] Undefined variable: res D:\OfficeSoftware\phpstudy\WWW\couldbookmarks\Application\Home\Controller\IndexController.class.php Á¨¨ 45 Ë°å.

[ 2017-02-26T21:06:29+08:00 ] 127.0.0.1 /index.php?m=home&c=index&a=index
INFO: [ app_init ] --START--
INFO: Run Behavior\BuildLiteBehavior [ RunTime:0.000010s ]
INFO: [ app_init ] --END-- [ RunTime:0.000291s ]
INFO: [ app_begin ] --START--
INFO: Run Behavior\ReadHtmlCacheBehavior [ RunTime:0.000352s ]
INFO: [ app_begin ] --END-- [ RunTime:0.000390s ]
NOTIC: [8192] mysql_connect(): The mysql extension is deprecated and will be removed in the future: use mysqli or PDO instead D:\OfficeSoftware\phpstudy\WWW\couldbookmarks\ThinkPHP\Library\Think\Db\Driver\Mysql.class.php Á¨¨ 52 Ë°å.
SQL: SHOW COLUMNS FROM `messages` [ RunTime:0.004957s ]
SQL: SHOW COLUMNS FROM `classify` [ RunTime:0.003506s ]
SQL: SELECT * FROM `classify`  [ RunTime:0.000333s ]
SQL: SELECT * FROM `messages` ORDER BY created_at  [ RunTime:0.000372s ]
INFO: [ view_parse ] --START--
INFO: [ template_filter ] --START--
INFO: Run Behavior\ContentReplaceBehavior [ RunTime:0.000049s ]
INFO: [ template_filter ] --END-- [ RunTime:0.000104s ]
INFO: Run Behavior\ParseTemplateBehavior [ RunTime:0.008383s ]
INFO: [ view_parse ] --END-- [ RunTime:0.008444s ]
INFO: [ view_filter ] --START--
INFO: Run Behavior\WriteHtmlCacheBehavior [ RunTime:0.000298s ]
INFO: [ view_filter ] --END-- [ RunTime:0.000338s ]
NOTIC: [8] Undefined variable: res D:\OfficeSoftware\phpstudy\WWW\couldbookmarks\Application\Home\Controller\IndexController.class.php Á¨¨ 45 Ë°å.

[ 2017-02-26T21:07:14+08:00 ] 127.0.0.1 /index.php?m=home&c=index&a=index
INFO: [ app_init ] --START--
INFO: Run Behavior\BuildLiteBehavior [ RunTime:0.000010s ]
INFO: [ app_init ] --END-- [ RunTime:0.000310s ]
INFO: [ app_begin ] --START--
INFO: Run Behavior\ReadHtmlCacheBehavior [ RunTime:0.000326s ]
INFO: [ app_begin ] --END-- [ RunTime:0.000500s ]
NOTIC: [8192] mysql_connect(): The mysql extension is deprecated and will be removed in the future: use mysqli or PDO instead D:\OfficeSoftware\phpstudy\WWW\couldbookmarks\ThinkPHP\Library\Think\Db\Driver\Mysql.class.php Á¨¨ 52 Ë°å.
SQL: SHOW COLUMNS FROM `messages` [ RunTime:0.003665s ]
SQL: SHOW COLUMNS FROM `classify` [ RunTime:0.002277s ]
SQL: SELECT * FROM `classify`  [ RunTime:0.000159s ]
SQL: SELECT * FROM `messages` ORDER BY created_at  [ RunTime:0.000148s ]
INFO: [ view_parse ] --START--
INFO: [ template_filter ] --START--
INFO: Run Behavior\ContentReplaceBehavior [ RunTime:0.000028s ]
INFO: [ template_filter ] --END-- [ RunTime:0.000060s ]
INFO: Run Behavior\ParseTemplateBehavior [ RunTime:0.004877s ]
INFO: [ view_parse ] --END-- [ RunTime:0.004926s ]
INFO: [ view_filter ] --START--
INFO: Run Behavior\WriteHtmlCacheBehavior [ RunTime:0.000161s ]
INFO: [ view_filter ] --END-- [ RunTime:0.000185s ]
NOTIC: [8] Undefined variable: res D:\OfficeSoftware\phpstudy\WWW\couldbookmarks\Application\Home\Controller\IndexController.class.php Á¨¨ 45 Ë°å.

[ 2017-02-26T21:08:27+08:00 ] 127.0.0.1 /index.php?m=home&c=index&a=index
INFO: [ app_init ] --START--
INFO: Run Behavior\BuildLiteBehavior [ RunTime:0.000007s ]
INFO: [ app_init ] --END-- [ RunTime:0.000248s ]
INFO: [ app_begin ] --START--
INFO: Run Behavior\ReadHtmlCacheBehavior [ RunTime:0.000361s ]
INFO: [ app_begin ] --END-- [ RunTime:0.000413s ]
NOTIC: [8192] mysql_connect(): The mysql extension is deprecated and will be removed in the future: use mysqli or PDO instead D:\OfficeSoftware\phpstudy\WWW\couldbookmarks\ThinkPHP\Library\Think\Db\Driver\Mysql.class.php Á¨¨ 52 Ë°å.
SQL: SHOW COLUMNS FROM `messages` [ RunTime:0.006688s ]
SQL: SHOW COLUMNS FROM `classify` [ RunTime:0.002361s ]
SQL: SELECT * FROM `classify`  [ RunTime:0.000163s ]
SQL: SELECT * FROM `messages` ORDER BY created_at  [ RunTime:0.000165s ]
INFO: [ view_parse ] --START--
INFO: [ template_filter ] --START--
INFO: Run Behavior\ContentReplaceBehavior [ RunTime:0.000037s ]
INFO: [ template_filter ] --END-- [ RunTime:0.000080s ]
INFO: Run Behavior\ParseTemplateBehavior [ RunTime:0.005230s ]
INFO: [ view_parse ] --END-- [ RunTime:0.005282s ]
INFO: [ view_filter ] --START--
INFO: Run Behavior\WriteHtmlCacheBehavior [ RunTime:0.000177s ]
INFO: [ view_filter ] --END-- [ RunTime:0.000198s ]
NOTIC: [8] Undefined variable: res D:\OfficeSoftware\phpstudy\WWW\couldbookmarks\Application\Home\Controller\IndexController.class.php Á¨¨ 45 Ë°å.

[ 2017-02-26T21:08:40+08:00 ] 127.0.0.1 /index.php?m=home&c=index&a=index
INFO: [ app_init ] --START--
INFO: Run Behavior\BuildLiteBehavior [ RunTime:0.000008s ]
INFO: [ app_init ] --END-- [ RunTime:0.000225s ]
INFO: [ app_begin ] --START--
INFO: Run Behavior\ReadHtmlCacheBehavior [ RunTime:0.000284s ]
INFO: [ app_begin ] --END-- [ RunTime:0.000315s ]
NOTIC: [8192] mysql_connect(): The mysql extension is deprecated and will be removed in the future: use mysqli or PDO instead D:\OfficeSoftware\phpstudy\WWW\couldbookmarks\ThinkPHP\Library\Think\Db\Driver\Mysql.class.php Á¨¨ 52 Ë°å.
SQL: SHOW COLUMNS FROM `messages` [ RunTime:0.003880s ]
SQL: SHOW COLUMNS FROM `classify` [ RunTime:0.002980s ]
SQL: SELECT * FROM `classify`  [ RunTime:0.000269s ]
SQL: SELECT * FROM `messages` ORDER BY created_at  [ RunTime:0.000260s ]
INFO: [ view_parse ] --START--
INFO: [ template_filter ] --START--
INFO: Run Behavior\ContentReplaceBehavior [ RunTime:0.000029s ]
INFO: [ template_filter ] --END-- [ RunTime:0.000057s ]
INFO: Run Behavior\ParseTemplateBehavior [ RunTime:0.004510s ]
INFO: [ view_parse ] --END-- [ RunTime:0.004546s ]
INFO: [ view_filter ] --START--
INFO: Run Behavior\WriteHtmlCacheBehavior [ RunTime:0.000169s ]
INFO: [ view_filter ] --END-- [ RunTime:0.000190s ]
NOTIC: [8] Undefined variable: res D:\OfficeSoftware\phpstudy\WWW\couldbookmarks\Application\Home\Controller\IndexController.class.php Á¨¨ 45 Ë°å.

[ 2017-02-26T21:08:41+08:00 ] 127.0.0.1 /index.php?m=home&c=index&a=check
INFO: [ app_init ] --START--
INFO: Run Behavior\BuildLiteBehavior [ RunTime:0.000007s ]
INFO: [ app_init ] --END-- [ RunTime:0.000192s ]
INFO: [ app_begin ] --START--
INFO: Run Behavior\ReadHtmlCacheBehavior [ RunTime:0.000252s ]
INFO: [ app_begin ] --END-- [ RunTime:0.000289s ]

[ 2017-02-26T21:09:58+08:00 ] 127.0.0.1 /index.php?m=home&c=index&a=index
INFO: [ app_init ] --START--
INFO: Run Behavior\BuildLiteBehavior [ RunTime:0.000008s ]
INFO: [ app_init ] --END-- [ RunTime:0.000210s ]
INFO: [ app_begin ] --START--
INFO: Run Behavior\ReadHtmlCacheBehavior [ RunTime:0.000267s ]
INFO: [ app_begin ] --END-- [ RunTime:0.000299s ]
NOTIC: [8192] mysql_connect(): The mysql extension is deprecated and will be removed in the future: use mysqli or PDO instead D:\OfficeSoftware\phpstudy\WWW\couldbookmarks\ThinkPHP\Library\Think\Db\Driver\Mysql.class.php Á¨¨ 52 Ë°å.
SQL: SHOW COLUMNS FROM `messages` [ RunTime:0.008044s ]
SQL: SHOW COLUMNS FROM `classify` [ RunTime:0.003359s ]
SQL: SELECT * FROM `classify`  [ RunTime:0.000252s ]
SQL: SELECT * FROM `messages` ORDER BY created_at  [ RunTime:0.000234s ]
INFO: [ view_parse ] --START--
INFO: [ template_filter ] --START--
INFO: Run Behavior\ContentReplaceBehavior [ RunTime:0.000045s ]
INFO: [ template_filter ] --END-- [ RunTime:0.000096s ]
INFO: Run Behavior\ParseTemplateBehavior [ RunTime:0.006773s ]
INFO: [ view_parse ] --END-- [ RunTime:0.006824s ]
INFO: [ view_filter ] --START--
INFO: Run Behavior\WriteHtmlCacheBehavior [ RunTime:0.000196s ]
INFO: [ view_filter ] --END-- [ RunTime:0.000228s ]
NOTIC: [8] Undefined variable: res D:\OfficeSoftware\phpstudy\WWW\couldbookmarks\Application\Home\Controller\IndexController.class.php Á¨¨ 45 Ë°å.

[ 2017-02-26T21:10:19+08:00 ] 127.0.0.1 /index.php?m=home&c=index&a=index
INFO: [ app_init ] --START--
INFO: Run Behavior\BuildLiteBehavior [ RunTime:0.000013s ]
INFO: [ app_init ] --END-- [ RunTime:0.000283s ]
INFO: [ app_begin ] --START--
INFO: Run Behavior\ReadHtmlCacheBehavior [ RunTime:0.000376s ]
INFO: [ app_begin ] --END-- [ RunTime:0.000415s ]
NOTIC: [8192] mysql_connect(): The mysql extension is deprecated and will be removed in the future: use mysqli or PDO instead D:\OfficeSoftware\phpstudy\WWW\couldbookmarks\ThinkPHP\Library\Think\Db\Driver\Mysql.class.php Á¨¨ 52 Ë°å.
SQL: SHOW COLUMNS FROM `messages` [ RunTime:0.002322s ]
SQL: SHOW COLUMNS FROM `classify` [ RunTime:0.002261s ]
SQL: SELECT * FROM `classify`  [ RunTime:0.000234s ]
SQL: SELECT * FROM `messages` ORDER BY created_at  [ RunTime:0.000170s ]
INFO: [ view_parse ] --START--
INFO: [ template_filter ] --START--
INFO: Run Behavior\ContentReplaceBehavior [ RunTime:0.000036s ]
INFO: [ template_filter ] --END-- [ RunTime:0.000074s ]
INFO: Run Behavior\ParseTemplateBehavior [ RunTime:0.004496s ]
INFO: [ view_parse ] --END-- [ RunTime:0.004538s ]
INFO: [ view_filter ] --START--
INFO: Run Behavior\WriteHtmlCacheBehavior [ RunTime:0.000158s ]
INFO: [ view_filter ] --END-- [ RunTime:0.000180s ]
NOTIC: [8] Undefined variable: res D:\OfficeSoftware\phpstudy\WWW\couldbookmarks\Application\Home\Controller\IndexController.class.php Á¨¨ 45 Ë°å.

[ 2017-02-26T21:10:25+08:00 ] 127.0.0.1 /index.php?m=home&c=index&a=index
INFO: [ app_init ] --START--
INFO: Run Behavior\BuildLiteBehavior [ RunTime:0.000010s ]
INFO: [ app_init ] --END-- [ RunTime:0.000239s ]
INFO: [ app_begin ] --START--
INFO: Run Behavior\ReadHtmlCacheBehavior [ RunTime:0.000279s ]
INFO: [ app_begin ] --END-- [ RunTime:0.000310s ]
NOTIC: [8192] mysql_connect(): The mysql extension is deprecated and will be removed in the future: use mysqli or PDO instead D:\OfficeSoftware\phpstudy\WWW\couldbookmarks\ThinkPHP\Library\Think\Db\Driver\Mysql.class.php Á¨¨ 52 Ë°å.
SQL: SHOW COLUMNS FROM `messages` [ RunTime:0.004200s ]
SQL: SHOW COLUMNS FROM `classify` [ RunTime:0.002177s ]
SQL: SELECT * FROM `classify`  [ RunTime:0.000215s ]
SQL: SELECT * FROM `messages` ORDER BY created_at  [ RunTime:0.000147s ]
INFO: [ view_parse ] --START--
INFO: [ template_filter ] --START--
INFO: Run Behavior\ContentReplaceBehavior [ RunTime:0.000030s ]
INFO: [ template_filter ] --END-- [ RunTime:0.000063s ]
INFO: Run Behavior\ParseTemplateBehavior [ RunTime:0.004759s ]
INFO: [ view_parse ] --END-- [ RunTime:0.004805s ]
INFO: [ view_filter ] --START--
INFO: Run Behavior\WriteHtmlCacheBehavior [ RunTime:0.000128s ]
INFO: [ view_filter ] --END-- [ RunTime:0.000149s ]
NOTIC: [8] Undefined variable: res D:\OfficeSoftware\phpstudy\WWW\couldbookmarks\Application\Home\Controller\IndexController.class.php Á¨¨ 45 Ë°å.

[ 2017-02-26T21:14:06+08:00 ] 127.0.0.1 /index.php?m=home&c=index&a=index
INFO: [ app_init ] --START--
INFO: Run Behavior\BuildLiteBehavior [ RunTime:0.000008s ]
INFO: [ app_init ] --END-- [ RunTime:0.000223s ]
INFO: [ app_begin ] --START--
INFO: Run Behavior\ReadHtmlCacheBehavior [ RunTime:0.000446s ]
INFO: [ app_begin ] --END-- [ RunTime:0.000489s ]
NOTIC: [8192] mysql_connect(): The mysql extension is deprecated and will be removed in the future: use mysqli or PDO instead D:\OfficeSoftware\phpstudy\WWW\couldbookmarks\ThinkPHP\Library\Think\Db\Driver\Mysql.class.php Á¨¨ 52 Ë°å.
SQL: SHOW COLUMNS FROM `messages` [ RunTime:0.003833s ]
SQL: SHOW COLUMNS FROM `classify` [ RunTime:0.002375s ]
SQL: SELECT * FROM `classify`  [ RunTime:0.000287s ]
SQL: SELECT * FROM `messages` ORDER BY created_at  [ RunTime:0.000260s ]
INFO: [ view_parse ] --START--
INFO: [ template_filter ] --START--
INFO: Run Behavior\ContentReplaceBehavior [ RunTime:0.000027s ]
INFO: [ template_filter ] --END-- [ RunTime:0.000058s ]
INFO: Run Behavior\ParseTemplateBehavior [ RunTime:0.004803s ]
INFO: [ view_parse ] --END-- [ RunTime:0.004840s ]
INFO: [ view_filter ] --START--
INFO: Run Behavior\WriteHtmlCacheBehavior [ RunTime:0.000126s ]
INFO: [ view_filter ] --END-- [ RunTime:0.000147s ]
NOTIC: [8] Undefined variable: res D:\OfficeSoftware\phpstudy\WWW\couldbookmarks\Application\Home\Controller\IndexController.class.php Á¨¨ 45 Ë°å.

[ 2017-02-26T21:54:50+08:00 ] 127.0.0.1 /index.php?m=home&c=index&a=index
INFO: [ app_init ] --START--
INFO: Run Behavior\BuildLiteBehavior [ RunTime:0.000008s ]
INFO: [ app_init ] --END-- [ RunTime:0.000271s ]
INFO: [ app_begin ] --START--
INFO: Run Behavior\ReadHtmlCacheBehavior [ RunTime:0.000307s ]
INFO: [ app_begin ] --END-- [ RunTime:0.000336s ]
NOTIC: [8192] mysql_connect(): The mysql extension is deprecated and will be removed in the future: use mysqli or PDO instead D:\OfficeSoftware\phpstudy\WWW\couldbookmarks\ThinkPHP\Library\Think\Db\Driver\Mysql.class.php Á¨¨ 52 Ë°å.
SQL: SHOW COLUMNS FROM `messages` [ RunTime:0.007015s ]
SQL: SHOW COLUMNS FROM `classify` [ RunTime:0.004709s ]
SQL: SELECT * FROM `classify`  [ RunTime:0.000422s ]
SQL: SELECT * FROM `messages` ORDER BY created_at  [ RunTime:0.000515s ]
INFO: [ view_parse ] --START--
INFO: [ template_filter ] --START--
INFO: Run Behavior\ContentReplaceBehavior [ RunTime:0.000066s ]
INFO: [ template_filter ] --END-- [ RunTime:0.000136s ]
INFO: Run Behavior\ParseTemplateBehavior [ RunTime:0.027192s ]
INFO: [ view_parse ] --END-- [ RunTime:0.027272s ]
INFO: [ view_filter ] --START--
INFO: Run Behavior\WriteHtmlCacheBehavior [ RunTime:0.000418s ]
INFO: [ view_filter ] --END-- [ RunTime:0.000470s ]
NOTIC: [8] Undefined variable: res D:\OfficeSoftware\phpstudy\WWW\couldbookmarks\Application\Home\Controller\IndexController.class.php Á¨¨ 45 Ë°å.

[ 2017-02-26T21:55:44+08:00 ] 127.0.0.1 /index.php?m=home&c=index&a=index
INFO: [ app_init ] --START--
INFO: Run Behavior\BuildLiteBehavior [ RunTime:0.000008s ]
INFO: [ app_init ] --END-- [ RunTime:0.000206s ]
INFO: [ app_begin ] --START--
INFO: Run Behavior\ReadHtmlCacheBehavior [ RunTime:0.000252s ]
INFO: [ app_begin ] --END-- [ RunTime:0.000282s ]
NOTIC: [8192] mysql_connect(): The mysql extension is deprecated and will be removed in the future: use mysqli or PDO instead D:\OfficeSoftware\phpstudy\WWW\couldbookmarks\ThinkPHP\Library\Think\Db\Driver\Mysql.class.php Á¨¨ 52 Ë°å.
SQL: SHOW COLUMNS FROM `messages` [ RunTime:0.004826s ]
SQL: SHOW COLUMNS FROM `classify` [ RunTime:0.004455s ]
SQL: SELECT * FROM `classify`  [ RunTime:0.000405s ]
SQL: SELECT * FROM `messages` ORDER BY created_at  [ RunTime:0.000435s ]
INFO: [ view_parse ] --START--
INFO: [ template_filter ] --START--
INFO: Run Behavior\ContentReplaceBehavior [ RunTime:0.000064s ]
INFO: [ template_filter ] --END-- [ RunTime:0.000132s ]
INFO: Run Behavior\ParseTemplateBehavior [ RunTime:0.010315s ]
INFO: [ view_parse ] --END-- [ RunTime:0.010389s ]
INFO: [ view_filter ] --START--
INFO: Run Behavior\WriteHtmlCacheBehavior [ RunTime:0.000305s ]
INFO: [ view_filter ] --END-- [ RunTime:0.000355s ]
NOTIC: [8] Undefined variable: res D:\OfficeSoftware\phpstudy\WWW\couldbookmarks\Application\Home\Controller\IndexController.class.php Á¨¨ 45 Ë°å.

[ 2017-02-26T22:00:18+08:00 ] 127.0.0.1 /index.php?m=home&c=index&a=index
INFO: [ app_init ] --START--
INFO: Run Behavior\BuildLiteBehavior [ RunTime:0.000007s ]
INFO: [ app_init ] --END-- [ RunTime:0.000231s ]
INFO: [ app_begin ] --START--
INFO: Run Behavior\ReadHtmlCacheBehavior [ RunTime:0.000276s ]
INFO: [ app_begin ] --END-- [ RunTime:0.000306s ]
NOTIC: [8192] mysql_connect(): The mysql extension is deprecated and will be removed in the future: use mysqli or PDO instead D:\OfficeSoftware\phpstudy\WWW\couldbookmarks\ThinkPHP\Library\Think\Db\Driver\Mysql.class.php Á¨¨ 52 Ë°å.
SQL: SHOW COLUMNS FROM `messages` [ RunTime:0.005980s ]
SQL: SHOW COLUMNS FROM `classify` [ RunTime:0.004344s ]
SQL: SELECT * FROM `classify`  [ RunTime:0.000388s ]
SQL: SELECT * FROM `messages` ORDER BY created_at  [ RunTime:0.000434s ]
INFO: [ view_parse ] --START--
INFO: [ template_filter ] --START--
INFO: Run Behavior\ContentReplaceBehavior [ RunTime:0.000071s ]
INFO: [ template_filter ] --END-- [ RunTime:0.000143s ]
INFO: Run Behavior\ParseTemplateBehavior [ RunTime:0.011291s ]
INFO: [ view_parse ] --END-- [ RunTime:0.011367s ]
INFO: [ view_filter ] --START--
INFO: Run Behavior\WriteHtmlCacheBehavior [ RunTime:0.000389s ]
INFO: [ view_filter ] --END-- [ RunTime:0.000441s ]
NOTIC: [8] Undefined variable: res D:\OfficeSoftware\phpstudy\WWW\couldbookmarks\Application\Home\Controller\IndexController.class.php Á¨¨ 45 Ë°å.

[ 2017-02-26T22:03:16+08:00 ] 127.0.0.1 /index.php?m=home&c=index&a=index
INFO: [ app_init ] --START--
INFO: Run Behavior\BuildLiteBehavior [ RunTime:0.000008s ]
INFO: [ app_init ] --END-- [ RunTime:0.000252s ]
INFO: [ app_begin ] --START--
INFO: Run Behavior\ReadHtmlCacheBehavior [ RunTime:0.000382s ]
INFO: [ app_begin ] --END-- [ RunTime:0.000430s ]
NOTIC: [8192] mysql_connect(): The mysql extension is deprecated and will be removed in the future: use mysqli or PDO instead D:\OfficeSoftware\phpstudy\WWW\couldbookmarks\ThinkPHP\Library\Think\Db\Driver\Mysql.class.php Á¨¨ 52 Ë°å.
SQL: SHOW COLUMNS FROM `messages` [ RunTime:0.004192s ]
SQL: SHOW COLUMNS FROM `classify` [ RunTime:0.002437s ]
SQL: SELECT * FROM `classify`  [ RunTime:0.000263s ]
SQL: SELECT * FROM `messages` ORDER BY created_at  [ RunTime:0.000293s ]
INFO: [ view_parse ] --START--
INFO: [ template_filter ] --START--
INFO: Run Behavior\ContentReplaceBehavior [ RunTime:0.000034s ]
INFO: [ template_filter ] --END-- [ RunTime:0.000071s ]
INFO: Run Behavior\ParseTemplateBehavior [ RunTime:0.014054s ]
INFO: [ view_parse ] --END-- [ RunTime:0.014102s ]
INFO: [ view_filter ] --START--
INFO: Run Behavior\WriteHtmlCacheBehavior [ RunTime:0.000210s ]
INFO: [ view_filter ] --END-- [ RunTime:0.000237s ]
NOTIC: [8] Undefined variable: res D:\OfficeSoftware\phpstudy\WWW\couldbookmarks\Application\Home\Controller\IndexController.class.php Á¨¨ 45 Ë°å.

[ 2017-02-26T22:03:18+08:00 ] 127.0.0.1 /index.php?m=home&c=index&a=index
INFO: [ app_init ] --START--
INFO: Run Behavior\BuildLiteBehavior [ RunTime:0.000009s ]
INFO: [ app_init ] --END-- [ RunTime:0.000325s ]
INFO: [ app_begin ] --START--
INFO: Run Behavior\ReadHtmlCacheBehavior [ RunTime:0.000408s ]
INFO: [ app_begin ] --END-- [ RunTime:0.000437s ]
NOTIC: [8192] mysql_connect(): The mysql extension is deprecated and will be removed in the future: use mysqli or PDO instead D:\OfficeSoftware\phpstudy\WWW\couldbookmarks\ThinkPHP\Library\Think\Db\Driver\Mysql.class.php Á¨¨ 52 Ë°å.
SQL: SHOW COLUMNS FROM `messages` [ RunTime:0.007602s ]
SQL: SHOW COLUMNS FROM `classify` [ RunTime:0.007023s ]
SQL: SELECT * FROM `classify`  [ RunTime:0.000441s ]
SQL: SELECT * FROM `messages` ORDER BY created_at  [ RunTime:0.000475s ]
INFO: [ view_parse ] --START--
INFO: [ template_filter ] --START--
INFO: Run Behavior\ContentReplaceBehavior [ RunTime:0.000070s ]
INFO: [ template_filter ] --END-- [ RunTime:0.000140s ]
INFO: Run Behavior\ParseTemplateBehavior [ RunTime:0.010988s ]
INFO: [ view_parse ] --END-- [ RunTime:0.011069s ]
INFO: [ view_filter ] --START--
INFO: Run Behavior\WriteHtmlCacheBehavior [ RunTime:0.000326s ]
INFO: [ view_filter ] --END-- [ RunTime:0.000380s ]
NOTIC: [8] Undefined variable: res D:\OfficeSoftware\phpstudy\WWW\couldbookmarks\Application\Home\Controller\IndexController.class.php Á¨¨ 45 Ë°å.

[ 2017-02-26T22:12:18+08:00 ] 127.0.0.1 /index.php?m=home&c=index&a=index
INFO: [ app_init ] --START--
INFO: Run Behavior\BuildLiteBehavior [ RunTime:0.000012s ]
INFO: [ app_init ] --END-- [ RunTime:0.000425s ]
INFO: [ app_begin ] --START--
INFO: Run Behavior\ReadHtmlCacheBehavior [ RunTime:0.000487s ]
INFO: [ app_begin ] --END-- [ RunTime:0.000536s ]
NOTIC: [8192] mysql_connect(): The mysql extension is deprecated and will be removed in the future: use mysqli or PDO instead D:\OfficeSoftware\phpstudy\WWW\couldbookmarks\ThinkPHP\Library\Think\Db\Driver\Mysql.class.php Á¨¨ 52 Ë°å.
SQL: SHOW COLUMNS FROM `messages` [ RunTime:0.006639s ]
SQL: SHOW COLUMNS FROM `classify` [ RunTime:0.004502s ]
SQL: SELECT * FROM `classify`  [ RunTime:0.000412s ]
SQL: SELECT * FROM `messages` ORDER BY created_at  [ RunTime:0.000443s ]
INFO: [ view_parse ] --START--
INFO: [ template_filter ] --START--
INFO: Run Behavior\ContentReplaceBehavior [ RunTime:0.000037s ]
INFO: [ template_filter ] --END-- [ RunTime:0.000076s ]
INFO: Run Behavior\ParseTemplateBehavior [ RunTime:0.020845s ]
INFO: [ view_parse ] --END-- [ RunTime:0.020900s ]
INFO: [ view_filter ] --START--
INFO: Run Behavior\WriteHtmlCacheBehavior [ RunTime:0.000205s ]
INFO: [ view_filter ] --END-- [ RunTime:0.000232s ]
NOTIC: [8] Undefined variable: res D:\OfficeSoftware\phpstudy\WWW\couldbookmarks\Application\Home\Controller\IndexController.class.php Á¨¨ 45 Ë°å.

[ 2017-02-26T22:12:19+08:00 ] 127.0.0.1 /index.php?m=home&c=index&a=del
INFO: [ app_init ] --START--
INFO: Run Behavior\BuildLiteBehavior [ RunTime:0.000008s ]
INFO: [ app_init ] --END-- [ RunTime:0.000219s ]
INFO: [ app_begin ] --START--
INFO: Run Behavior\ReadHtmlCacheBehavior [ RunTime:0.000280s ]
INFO: [ app_begin ] --END-- [ RunTime:0.000309s ]
NOTIC: [2] session_start(): Cannot send session cache limiter - headers already sent D:\OfficeSoftware\phpstudy\WWW\couldbookmarks\ThinkPHP\Common\functions.php Á¨¨ 1190 Ë°å.

[ 2017-02-26T22:12:51+08:00 ] 127.0.0.1 /index.php?m=home&c=index&a=index
INFO: [ app_init ] --START--
INFO: Run Behavior\BuildLiteBehavior [ RunTime:0.000015s ]
INFO: [ app_init ] --END-- [ RunTime:0.000408s ]
INFO: [ app_begin ] --START--
INFO: Run Behavior\ReadHtmlCacheBehavior [ RunTime:0.000506s ]
INFO: [ app_begin ] --END-- [ RunTime:0.000566s ]
NOTIC: [8192] mysql_connect(): The mysql extension is deprecated and will be removed in the future: use mysqli or PDO instead D:\OfficeSoftware\phpstudy\WWW\couldbookmarks\ThinkPHP\Library\Think\Db\Driver\Mysql.class.php Á¨¨ 52 Ë°å.
SQL: SHOW COLUMNS FROM `messages` [ RunTime:0.008726s ]
SQL: SHOW COLUMNS FROM `classify` [ RunTime:0.007145s ]
SQL: SELECT * FROM `classify`  [ RunTime:0.000648s ]
SQL: SELECT * FROM `messages` ORDER BY created_at  [ RunTime:0.000673s ]
INFO: [ view_parse ] --START--
INFO: [ template_filter ] --START--
INFO: Run Behavior\ContentReplaceBehavior [ RunTime:0.000067s ]
INFO: [ template_filter ] --END-- [ RunTime:0.000134s ]
INFO: Run Behavior\ParseTemplateBehavior [ RunTime:0.012996s ]
INFO: [ view_parse ] --END-- [ RunTime:0.013090s ]
INFO: [ view_filter ] --START--
INFO: Run Behavior\WriteHtmlCacheBehavior [ RunTime:0.000304s ]
INFO: [ view_filter ] --END-- [ RunTime:0.000354s ]
NOTIC: [8] Undefined variable: res D:\OfficeSoftware\phpstudy\WWW\couldbookmarks\Application\Home\Controller\IndexController.class.php Á¨¨ 45 Ë°å.

[ 2017-02-26T22:12:52+08:00 ] 127.0.0.1 /index.php?m=home&c=index&a=del
INFO: [ app_init ] --START--
INFO: Run Behavior\BuildLiteBehavior [ RunTime:0.000009s ]
INFO: [ app_init ] --END-- [ RunTime:0.000221s ]
INFO: [ app_begin ] --START--
INFO: Run Behavior\ReadHtmlCacheBehavior [ RunTime:0.000265s ]
INFO: [ app_begin ] --END-- [ RunTime:0.000291s ]
NOTIC: [2] session_start(): Cannot send session cache limiter - headers already sent D:\OfficeSoftware\phpstudy\WWW\couldbookmarks\ThinkPHP\Common\functions.php Á¨¨ 1190 Ë°å.

[ 2017-02-26T22:13:20+08:00 ] 127.0.0.1 /index.php?m=home&c=index&a=index
INFO: [ app_init ] --START--
INFO: Run Behavior\BuildLiteBehavior [ RunTime:0.000018s ]
INFO: [ app_init ] --END-- [ RunTime:0.000582s ]
INFO: [ app_begin ] --START--
INFO: Run Behavior\ReadHtmlCacheBehavior [ RunTime:0.000748s ]
INFO: [ app_begin ] --END-- [ RunTime:0.000828s ]
NOTIC: [8192] mysql_connect(): The mysql extension is deprecated and will be removed in the future: use mysqli or PDO instead D:\OfficeSoftware\phpstudy\WWW\couldbookmarks\ThinkPHP\Library\Think\Db\Driver\Mysql.class.php Á¨¨ 52 Ë°å.
SQL: SHOW COLUMNS FROM `messages` [ RunTime:0.004664s ]
SQL: SHOW COLUMNS FROM `classify` [ RunTime:0.002945s ]
SQL: SELECT * FROM `classify`  [ RunTime:0.000290s ]
SQL: SELECT * FROM `messages` ORDER BY created_at  [ RunTime:0.000303s ]
INFO: [ view_parse ] --START--
INFO: [ template_filter ] --START--
INFO: Run Behavior\ContentReplaceBehavior [ RunTime:0.000045s ]
INFO: [ template_filter ] --END-- [ RunTime:0.000090s ]
INFO: Run Behavior\ParseTemplateBehavior [ RunTime:0.006786s ]
INFO: [ view_parse ] --END-- [ RunTime:0.006839s ]
INFO: [ view_filter ] --START--
INFO: Run Behavior\WriteHtmlCacheBehavior [ RunTime:0.000212s ]
INFO: [ view_filter ] --END-- [ RunTime:0.000247s ]
NOTIC: [8] Undefined variable: res D:\OfficeSoftware\phpstudy\WWW\couldbookmarks\Application\Home\Controller\IndexController.class.php Á¨¨ 45 Ë°å.

[ 2017-02-26T22:13:20+08:00 ] 127.0.0.1 /index.php?m=home&c=index&a=del
INFO: [ app_init ] --START--
INFO: Run Behavior\BuildLiteBehavior [ RunTime:0.000008s ]
INFO: [ app_init ] --END-- [ RunTime:0.000202s ]
INFO: [ app_begin ] --START--
INFO: Run Behavior\ReadHtmlCacheBehavior [ RunTime:0.000250s ]
INFO: [ app_begin ] --END-- [ RunTime:0.000276s ]
NOTIC: [2] session_start(): Cannot send session cache limiter - headers already sent D:\OfficeSoftware\phpstudy\WWW\couldbookmarks\ThinkPHP\Common\functions.php Á¨¨ 1190 Ë°å.

[ 2017-02-26T22:13:25+08:00 ] 127.0.0.1 /index.php?m=home&c=index&a=check
INFO: [ app_init ] --START--
INFO: Run Behavior\BuildLiteBehavior [ RunTime:0.000016s ]
INFO: [ app_init ] --END-- [ RunTime:0.000263s ]
INFO: [ app_begin ] --START--
INFO: Run Behavior\ReadHtmlCacheBehavior [ RunTime:0.000367s ]
INFO: [ app_begin ] --END-- [ RunTime:0.000408s ]

[ 2017-02-26T22:13:29+08:00 ] 127.0.0.1 /index.php?m=home&c=index&a=del
INFO: [ app_init ] --START--
INFO: Run Behavior\BuildLiteBehavior [ RunTime:0.000009s ]
INFO: [ app_init ] --END-- [ RunTime:0.000208s ]
INFO: [ app_begin ] --START--
INFO: Run Behavior\ReadHtmlCacheBehavior [ RunTime:0.000288s ]
INFO: [ app_begin ] --END-- [ RunTime:0.000320s ]
NOTIC: [2] session_start(): Cannot send session cache limiter - headers already sent D:\OfficeSoftware\phpstudy\WWW\couldbookmarks\ThinkPHP\Common\functions.php Á¨¨ 1190 Ë°å.

[ 2017-02-26T22:14:28+08:00 ] 127.0.0.1 /index.php?m=home&c=index&a=index
INFO: [ app_init ] --START--
INFO: Run Behavior\BuildLiteBehavior [ RunTime:0.000013s ]
INFO: [ app_init ] --END-- [ RunTime:0.000421s ]
INFO: [ app_begin ] --START--
INFO: Run Behavior\ReadHtmlCacheBehavior [ RunTime:0.000283s ]
INFO: [ app_begin ] --END-- [ RunTime:0.000313s ]

[ 2017-02-26T22:14:35+08:00 ] 127.0.0.1 /index.php?m=home&c=index&a=index
INFO: [ app_init ] --START--
INFO: Run Behavior\BuildLiteBehavior [ RunTime:0.000015s ]
INFO: [ app_init ] --END-- [ RunTime:0.000377s ]
INFO: [ app_begin ] --START--
INFO: Run Behavior\ReadHtmlCacheBehavior [ RunTime:0.000490s ]
INFO: [ app_begin ] --END-- [ RunTime:0.000550s ]
NOTIC: [8192] mysql_connect(): The mysql extension is deprecated and will be removed in the future: use mysqli or PDO instead D:\OfficeSoftware\phpstudy\WWW\couldbookmarks\ThinkPHP\Library\Think\Db\Driver\Mysql.class.php Á¨¨ 52 Ë°å.
SQL: SHOW COLUMNS FROM `messages` [ RunTime:0.007652s ]
SQL: SHOW COLUMNS FROM `classify` [ RunTime:0.005773s ]
SQL: SELECT * FROM `classify`  [ RunTime:0.000507s ]
SQL: SELECT * FROM `messages` ORDER BY created_at  [ RunTime:0.000553s ]
INFO: [ view_parse ] --START--
INFO: [ template_filter ] --START--
INFO: Run Behavior\ContentReplaceBehavior [ RunTime:0.000084s ]
INFO: [ template_filter ] --END-- [ RunTime:0.000171s ]
INFO: Run Behavior\ParseTemplateBehavior [ RunTime:0.013988s ]
INFO: [ view_parse ] --END-- [ RunTime:0.014090s ]
INFO: [ view_filter ] --START--
INFO: Run Behavior\WriteHtmlCacheBehavior [ RunTime:0.000528s ]
INFO: [ view_filter ] --END-- [ RunTime:0.000596s ]
NOTIC: [8] Undefined variable: res D:\OfficeSoftware\phpstudy\WWW\couldbookmarks\Application\Home\Controller\IndexController.class.php Á¨¨ 45 Ë°å.

[ 2017-02-26T22:14:40+08:00 ] 127.0.0.1 /index.php?m=home&c=index&a=del
INFO: [ app_init ] --START--
INFO: Run Behavior\BuildLiteBehavior [ RunTime:0.000009s ]
INFO: [ app_init ] --END-- [ RunTime:0.000214s ]
INFO: [ app_begin ] --START--
INFO: Run Behavior\ReadHtmlCacheBehavior [ RunTime:0.000260s ]
INFO: [ app_begin ] --END-- [ RunTime:0.000287s ]
NOTIC: [2] session_start(): Cannot send session cache limiter - headers already sent D:\OfficeSoftware\phpstudy\WWW\couldbookmarks\ThinkPHP\Common\functions.php Á¨¨ 1190 Ë°å.
NOTIC: [8192] mysql_connect(): The mysql extension is deprecated and will be removed in the future: use mysqli or PDO instead D:\OfficeSoftware\phpstudy\WWW\couldbookmarks\ThinkPHP\Library\Think\Db\Driver\Mysql.class.php Á¨¨ 52 Ë°å.
SQL: SHOW COLUMNS FROM `addclassify` [ RunTime:0.005497s ]
ERR: 1146:Table 'couldbookmarks.addclassify' doesn't exist
 [ SQLËØ≠Âè• ] : SHOW COLUMNS FROM `addclassify`
SQL: SHOW COLUMNS FROM `classify` [ RunTime:0.004424s ]
NOTIC: [8] Undefined offset: 0 D:\OfficeSoftware\phpstudy\WWW\couldbookmarks\ThinkPHP\Library\Think\Db.class.php Á¨¨ 687 Ë°å.
SQL: INSERT INTO `classify` () VALUES () [ RunTime:0.000589s ]

[ 2017-02-26T22:20:57+08:00 ] 127.0.0.1 /index.php?m=home&c=index&a=index
INFO: [ app_init ] --START--
INFO: Run Behavior\BuildLiteBehavior [ RunTime:0.000009s ]
INFO: [ app_init ] --END-- [ RunTime:0.000270s ]
INFO: [ app_begin ] --START--
INFO: Run Behavior\ReadHtmlCacheBehavior [ RunTime:0.000401s ]
INFO: [ app_begin ] --END-- [ RunTime:0.000434s ]
NOTIC: [8192] mysql_connect(): The mysql extension is deprecated and will be removed in the future: use mysqli or PDO instead D:\OfficeSoftware\phpstudy\WWW\couldbookmarks\ThinkPHP\Library\Think\Db\Driver\Mysql.class.php Á¨¨ 52 Ë°å.
SQL: SHOW COLUMNS FROM `messages` [ RunTime:0.005773s ]
SQL: SHOW COLUMNS FROM `classify` [ RunTime:0.003822s ]
SQL: SELECT * FROM `classify`  [ RunTime:0.000329s ]
SQL: SELECT * FROM `messages` ORDER BY created_at  [ RunTime:0.000369s ]
INFO: [ view_parse ] --START--
INFO: [ template_filter ] --START--
INFO: Run Behavior\ContentReplaceBehavior [ RunTime:0.000036s ]
INFO: [ template_filter ] --END-- [ RunTime:0.000071s ]
INFO: Run Behavior\ParseTemplateBehavior [ RunTime:0.020335s ]
INFO: [ view_parse ] --END-- [ RunTime:0.020391s ]
INFO: [ view_filter ] --START--
INFO: Run Behavior\WriteHtmlCacheBehavior [ RunTime:0.000219s ]
INFO: [ view_filter ] --END-- [ RunTime:0.000246s ]
NOTIC: [8] Undefined variable: res D:\OfficeSoftware\phpstudy\WWW\couldbookmarks\Application\Home\Controller\IndexController.class.php Á¨¨ 45 Ë°å.

[ 2017-02-26T22:21:00+08:00 ] 127.0.0.1 /index.php?m=home&c=index&a=index
INFO: [ app_init ] --START--
INFO: Run Behavior\BuildLiteBehavior [ RunTime:0.000012s ]
INFO: [ app_init ] --END-- [ RunTime:0.000355s ]
INFO: [ app_begin ] --START--
INFO: Run Behavior\ReadHtmlCacheBehavior [ RunTime:0.000786s ]
INFO: [ app_begin ] --END-- [ RunTime:0.000829s ]
NOTIC: [8192] mysql_connect(): The mysql extension is deprecated and will be removed in the future: use mysqli or PDO instead D:\OfficeSoftware\phpstudy\WWW\couldbookmarks\ThinkPHP\Library\Think\Db\Driver\Mysql.class.php Á¨¨ 52 Ë°å.
SQL: SHOW COLUMNS FROM `messages` [ RunTime:0.006439s ]
SQL: SHOW COLUMNS FROM `classify` [ RunTime:0.004998s ]
SQL: SELECT * FROM `classify`  [ RunTime:0.000425s ]
SQL: SELECT * FROM `messages` ORDER BY created_at  [ RunTime:0.000433s ]
INFO: [ view_parse ] --START--
INFO: [ template_filter ] --START--
INFO: Run Behavior\ContentReplaceBehavior [ RunTime:0.000063s ]
INFO: [ template_filter ] --END-- [ RunTime:0.000127s ]
INFO: Run Behavior\ParseTemplateBehavior [ RunTime:0.010118s ]
INFO: [ view_parse ] --END-- [ RunTime:0.010213s ]
INFO: [ view_filter ] --START--
INFO: Run Behavior\WriteHtmlCacheBehavior [ RunTime:0.000318s ]
INFO: [ view_filter ] --END-- [ RunTime:0.000369s ]
NOTIC: [8] Undefined variable: res D:\OfficeSoftware\phpstudy\WWW\couldbookmarks\Application\Home\Controller\IndexController.class.php Á¨¨ 45 Ë°å.

[ 2017-02-26T22:21:04+08:00 ] 127.0.0.1 /index.php?m=home&c=index&a=index
INFO: [ app_init ] --START--
INFO: Run Behavior\BuildLiteBehavior [ RunTime:0.000015s ]
INFO: [ app_init ] --END-- [ RunTime:0.000333s ]
INFO: [ app_begin ] --START--
INFO: Run Behavior\ReadHtmlCacheBehavior [ RunTime:0.000384s ]
INFO: [ app_begin ] --END-- [ RunTime:0.000430s ]
NOTIC: [8192] mysql_connect(): The mysql extension is deprecated and will be removed in the future: use mysqli or PDO instead D:\OfficeSoftware\phpstudy\WWW\couldbookmarks\ThinkPHP\Library\Think\Db\Driver\Mysql.class.php Á¨¨ 52 Ë°å.
SQL: SHOW COLUMNS FROM `messages` [ RunTime:0.008991s ]
SQL: SHOW COLUMNS FROM `classify` [ RunTime:0.005064s ]
SQL: SELECT * FROM `classify`  [ RunTime:0.000270s ]
SQL: SELECT * FROM `messages` ORDER BY created_at  [ RunTime:0.000239s ]
INFO: [ view_parse ] --START--
INFO: [ template_filter ] --START--
INFO: Run Behavior\ContentReplaceBehavior [ RunTime:0.000048s ]
INFO: [ template_filter ] --END-- [ RunTime:0.000096s ]
INFO: Run Behavior\ParseTemplateBehavior [ RunTime:0.007046s ]
INFO: [ view_parse ] --END-- [ RunTime:0.007099s ]
INFO: [ view_filter ] --START--
INFO: Run Behavior\WriteHtmlCacheBehavior [ RunTime:0.000216s ]
INFO: [ view_filter ] --END-- [ RunTime:0.000250s ]
NOTIC: [8] Undefined variable: res D:\OfficeSoftware\phpstudy\WWW\couldbookmarks\Application\Home\Controller\IndexController.class.php Á¨¨ 45 Ë°å.

[ 2017-02-26T22:21:05+08:00 ] 127.0.0.1 /index.php?m=home&c=index&a=del
INFO: [ app_init ] --START--
INFO: Run Behavior\BuildLiteBehavior [ RunTime:0.000008s ]
INFO: [ app_init ] --END-- [ RunTime:0.000208s ]
INFO: [ app_begin ] --START--
INFO: Run Behavior\ReadHtmlCacheBehavior [ RunTime:0.000265s ]
INFO: [ app_begin ] --END-- [ RunTime:0.000291s ]

[ 2017-02-26T22:24:00+08:00 ] 127.0.0.1 /index.php?m=home&c=index&a=index
INFO: [ app_init ] --START--
INFO: Run Behavior\BuildLiteBehavior [ RunTime:0.000011s ]
INFO: [ app_init ] --END-- [ RunTime:0.000305s ]
INFO: [ app_begin ] --START--
INFO: Run Behavior\ReadHtmlCacheBehavior [ RunTime:0.000355s ]
INFO: [ app_begin ] --END-- [ RunTime:0.000401s ]
NOTIC: [8192] mysql_connect(): The mysql extension is deprecated and will be removed in the future: use mysqli or PDO instead D:\OfficeSoftware\phpstudy\WWW\couldbookmarks\ThinkPHP\Library\Think\Db\Driver\Mysql.class.php Á¨¨ 52 Ë°å.
SQL: SHOW COLUMNS FROM `messages` [ RunTime:0.009328s ]
SQL: SHOW COLUMNS FROM `classify` [ RunTime:0.007423s ]
SQL: SELECT * FROM `classify`  [ RunTime:0.000684s ]
SQL: SELECT * FROM `messages` ORDER BY created_at  [ RunTime:0.000762s ]
INFO: [ view_parse ] --START--
INFO: [ template_filter ] --START--
INFO: Run Behavior\ContentReplaceBehavior [ RunTime:0.000051s ]
INFO: [ template_filter ] --END-- [ RunTime:0.000103s ]
INFO: Run Behavior\ParseTemplateBehavior [ RunTime:0.012646s ]
INFO: [ view_parse ] --END-- [ RunTime:0.012731s ]
INFO: [ view_filter ] --START--
INFO: Run Behavior\WriteHtmlCacheBehavior [ RunTime:0.000306s ]
INFO: [ view_filter ] --END-- [ RunTime:0.000345s ]
NOTIC: [8] Undefined variable: res D:\OfficeSoftware\phpstudy\WWW\couldbookmarks\Application\Home\Controller\IndexController.class.php Á¨¨ 45 Ë°å.

[ 2017-02-26T22:24:03+08:00 ] 127.0.0.1 /index.php?m=home&c=index&a=del
INFO: [ app_init ] --START--
INFO: Run Behavior\BuildLiteBehavior [ RunTime:0.000009s ]
INFO: [ app_init ] --END-- [ RunTime:0.000283s ]
INFO: [ app_begin ] --START--
INFO: Run Behavior\ReadHtmlCacheBehavior [ RunTime:0.000241s ]
INFO: [ app_begin ] --END-- [ RunTime:0.000265s ]
NOTIC: [2048] Declaration of Common\Model\DeleteMessageModel::delete() should be compatible with Think\Model::delete($options = Array) D:\OfficeSoftware\phpstudy\WWW\couldbookmarks\Application\Common\Model\DeleteMessageModel.class.php Á¨¨ 9 Ë°å.
NOTIC: [8192] mysql_connect(): The mysql extension is deprecated and will be removed in the future: use mysqli or PDO instead D:\OfficeSoftware\phpstudy\WWW\couldbookmarks\ThinkPHP\Library\Think\Db\Driver\Mysql.class.php Á¨¨ 52 Ë°å.
SQL: SHOW COLUMNS FROM `delete_message` [ RunTime:0.008010s ]
ERR: 1146:Table 'couldbookmarks.delete_message' doesn't exist
 [ SQLËØ≠Âè• ] : SHOW COLUMNS FROM `delete_message`
SQL: SHOW COLUMNS FROM `messages` [ RunTime:0.007441s ]
SQL: DELETE FROM `messages` WHERE ( id = 1 ) [ RunTime:0.000522s ]

[ 2017-02-26T22:24:13+08:00 ] 127.0.0.1 /index.php?m=home&c=index&a=del
INFO: [ app_init ] --START--
INFO: Run Behavior\BuildLiteBehavior [ RunTime:0.000008s ]
INFO: [ app_init ] --END-- [ RunTime:0.000208s ]
INFO: [ app_begin ] --START--
INFO: Run Behavior\ReadHtmlCacheBehavior [ RunTime:0.000255s ]
INFO: [ app_begin ] --END-- [ RunTime:0.000280s ]
NOTIC: [2048] Declaration of Common\Model\DeleteMessageModel::delete() should be compatible with Think\Model::delete($options = Array) D:\OfficeSoftware\phpstudy\WWW\couldbookmarks\Application\Common\Model\DeleteMessageModel.class.php Á¨¨ 9 Ë°å.
NOTIC: [8192] mysql_connect(): The mysql extension is deprecated and will be removed in the future: use mysqli or PDO instead D:\OfficeSoftware\phpstudy\WWW\couldbookmarks\ThinkPHP\Library\Think\Db\Driver\Mysql.class.php Á¨¨ 52 Ë°å.
SQL: SHOW COLUMNS FROM `delete_message` [ RunTime:0.008074s ]
ERR: 1146:Table 'couldbookmarks.delete_message' doesn't exist
 [ SQLËØ≠Âè• ] : SHOW COLUMNS FROM `delete_message`
SQL: SHOW COLUMNS FROM `messages` [ RunTime:0.007730s ]
SQL: DELETE FROM `messages` WHERE ( id = 1 ) [ RunTime:0.000515s ]

