[ 2017-02-25T12:04:58+08:00 ] 127.0.0.1 /index.php?m=home&c=index&a=index
INFO: [ app_init ] --START--
INFO: Run Behavior\BuildLiteBehavior [ RunTime:0.000007s ]
INFO: [ app_init ] --END-- [ RunTime:0.000202s ]
INFO: [ app_begin ] --START--
INFO: Run Behavior\ReadHtmlCacheBehavior [ RunTime:0.000251s ]
INFO: [ app_begin ] --END-- [ RunTime:0.000282s ]
NOTIC: [8192] mysql_connect(): The mysql extension is deprecated and will be removed in the future: use mysqli or PDO instead D:\OfficeSoftware\phpstudy\WWW\couldbookmarks\ThinkPHP\Library\Think\Db\Driver\Mysql.class.php 第 52 行.
SQL: SHOW COLUMNS FROM `messages` [ RunTime:0.017167s ]
SQL: SHOW COLUMNS FROM `classify` [ RunTime:0.005922s ]
SQL: SELECT * FROM `classify`  [ RunTime:0.000539s ]
SQL: SELECT * FROM `messages` ORDER BY created_at  [ RunTime:0.001542s ]
INFO: [ view_parse ] --START--
INFO: [ template_filter ] --START--
INFO: Run Behavior\ContentReplaceBehavior [ RunTime:0.000062s ]
INFO: [ template_filter ] --END-- [ RunTime:0.000131s ]
INFO: Run Behavior\ParseTemplateBehavior [ RunTime:0.012275s ]
INFO: [ view_parse ] --END-- [ RunTime:0.012354s ]
INFO: [ view_filter ] --START--
INFO: Run Behavior\WriteHtmlCacheBehavior [ RunTime:0.000300s ]
INFO: [ view_filter ] --END-- [ RunTime:0.000350s ]
NOTIC: [8] Undefined variable: res D:\OfficeSoftware\phpstudy\WWW\couldbookmarks\Application\Home\Controller\IndexController.class.php 第 45 行.

[ 2017-02-25T12:07:24+08:00 ] 127.0.0.1 /index.php?m=home&c=index&a=index
INFO: [ app_init ] --START--
INFO: Run Behavior\BuildLiteBehavior [ RunTime:0.000007s ]
INFO: [ app_init ] --END-- [ RunTime:0.000235s ]
INFO: [ app_begin ] --START--
INFO: Run Behavior\ReadHtmlCacheBehavior [ RunTime:0.000292s ]
INFO: [ app_begin ] --END-- [ RunTime:0.000339s ]
NOTIC: [8192] mysql_connect(): The mysql extension is deprecated and will be removed in the future: use mysqli or PDO instead D:\OfficeSoftware\phpstudy\WWW\couldbookmarks\ThinkPHP\Library\Think\Db\Driver\Mysql.class.php 第 52 行.
SQL: SHOW COLUMNS FROM `messages` [ RunTime:0.009127s ]
SQL: SHOW COLUMNS FROM `classify` [ RunTime:0.006625s ]
SQL: SELECT * FROM `classify`  [ RunTime:0.000587s ]
SQL: SELECT * FROM `messages` ORDER BY created_at  [ RunTime:0.000655s ]
INFO: [ view_parse ] --START--
INFO: [ template_filter ] --START--
INFO: Run Behavior\ContentReplaceBehavior [ RunTime:0.000101s ]
INFO: [ template_filter ] --END-- [ RunTime:0.000208s ]
INFO: Run Behavior\ParseTemplateBehavior [ RunTime:0.017515s ]
INFO: [ view_parse ] --END-- [ RunTime:0.017639s ]
INFO: [ view_filter ] --START--
INFO: Run Behavior\WriteHtmlCacheBehavior [ RunTime:0.000612s ]
INFO: [ view_filter ] --END-- [ RunTime:0.000694s ]
NOTIC: [8] Undefined variable: res D:\OfficeSoftware\phpstudy\WWW\couldbookmarks\Application\Home\Controller\IndexController.class.php 第 45 行.

[ 2017-02-25T12:08:23+08:00 ] 127.0.0.1 /index.php?m=home&c=index&a=index
INFO: [ app_init ] --START--
INFO: Run Behavior\BuildLiteBehavior [ RunTime:0.000013s ]
INFO: [ app_init ] --END-- [ RunTime:0.000334s ]
INFO: [ app_begin ] --START--
INFO: Run Behavior\ReadHtmlCacheBehavior [ RunTime:0.000446s ]
INFO: [ app_begin ] --END-- [ RunTime:0.000496s ]
NOTIC: [8192] mysql_connect(): The mysql extension is deprecated and will be removed in the future: use mysqli or PDO instead D:\OfficeSoftware\phpstudy\WWW\couldbookmarks\ThinkPHP\Library\Think\Db\Driver\Mysql.class.php 第 52 行.
SQL: SHOW COLUMNS FROM `messages` [ RunTime:0.009258s ]
SQL: SHOW COLUMNS FROM `classify` [ RunTime:0.007264s ]
SQL: SELECT * FROM `classify`  [ RunTime:0.000624s ]
SQL: SELECT * FROM `messages` ORDER BY created_at  [ RunTime:0.000655s ]
INFO: [ view_parse ] --START--
INFO: [ template_filter ] --START--
INFO: Run Behavior\ContentReplaceBehavior [ RunTime:0.000058s ]
INFO: [ template_filter ] --END-- [ RunTime:0.000118s ]
INFO: Run Behavior\ParseTemplateBehavior [ RunTime:0.012084s ]
INFO: [ view_parse ] --END-- [ RunTime:0.012172s ]
INFO: [ view_filter ] --START--
INFO: Run Behavior\WriteHtmlCacheBehavior [ RunTime:0.000298s ]
INFO: [ view_filter ] --END-- [ RunTime:0.000546s ]
NOTIC: [8] Undefined variable: res D:\OfficeSoftware\phpstudy\WWW\couldbookmarks\Application\Home\Controller\IndexController.class.php 第 45 行.

[ 2017-02-25T12:10:34+08:00 ] 127.0.0.1 /index.php?m=home&c=index&a=index
INFO: [ app_init ] --START--
INFO: Run Behavior\BuildLiteBehavior [ RunTime:0.000011s ]
INFO: [ app_init ] --END-- [ RunTime:0.000383s ]
INFO: [ app_begin ] --START--
INFO: Run Behavior\ReadHtmlCacheBehavior [ RunTime:0.000472s ]
INFO: [ app_begin ] --END-- [ RunTime:0.000524s ]
NOTIC: [8192] mysql_connect(): The mysql extension is deprecated and will be removed in the future: use mysqli or PDO instead D:\OfficeSoftware\phpstudy\WWW\couldbookmarks\ThinkPHP\Library\Think\Db\Driver\Mysql.class.php 第 52 行.
SQL: SHOW COLUMNS FROM `messages` [ RunTime:0.008807s ]
SQL: SHOW COLUMNS FROM `classify` [ RunTime:0.006856s ]
SQL: SELECT * FROM `classify`  [ RunTime:0.000604s ]
SQL: SELECT * FROM `messages` ORDER BY created_at  [ RunTime:0.000654s ]
INFO: [ view_parse ] --START--
INFO: [ template_filter ] --START--
INFO: Run Behavior\ContentReplaceBehavior [ RunTime:0.000100s ]
INFO: [ template_filter ] --END-- [ RunTime:0.000202s ]
INFO: Run Behavior\ParseTemplateBehavior [ RunTime:0.017198s ]
INFO: [ view_parse ] --END-- [ RunTime:0.017317s ]
INFO: [ view_filter ] --START--
INFO: Run Behavior\WriteHtmlCacheBehavior [ RunTime:0.000682s ]
INFO: [ view_filter ] --END-- [ RunTime:0.000769s ]
NOTIC: [8] Undefined variable: res D:\OfficeSoftware\phpstudy\WWW\couldbookmarks\Application\Home\Controller\IndexController.class.php 第 45 行.

[ 2017-02-25T12:11:25+08:00 ] 127.0.0.1 /index.php?m=home&c=index&a=index
INFO: [ app_init ] --START--
INFO: Run Behavior\BuildLiteBehavior [ RunTime:0.000007s ]
INFO: [ app_init ] --END-- [ RunTime:0.000213s ]
INFO: [ app_begin ] --START--
INFO: Run Behavior\ReadHtmlCacheBehavior [ RunTime:0.000243s ]
INFO: [ app_begin ] --END-- [ RunTime:0.000270s ]
NOTIC: [8192] mysql_connect(): The mysql extension is deprecated and will be removed in the future: use mysqli or PDO instead D:\OfficeSoftware\phpstudy\WWW\couldbookmarks\ThinkPHP\Library\Think\Db\Driver\Mysql.class.php 第 52 行.
SQL: SHOW COLUMNS FROM `messages` [ RunTime:0.007203s ]
SQL: SHOW COLUMNS FROM `classify` [ RunTime:0.006485s ]
SQL: SELECT * FROM `classify`  [ RunTime:0.000619s ]
SQL: SELECT * FROM `messages` ORDER BY created_at  [ RunTime:0.000661s ]
INFO: [ view_parse ] --START--
INFO: [ template_filter ] --START--
INFO: Run Behavior\ContentReplaceBehavior [ RunTime:0.000107s ]
INFO: [ template_filter ] --END-- [ RunTime:0.000217s ]
INFO: Run Behavior\ParseTemplateBehavior [ RunTime:0.016111s ]
INFO: [ view_parse ] --END-- [ RunTime:0.016243s ]
INFO: [ view_filter ] --START--
INFO: Run Behavior\WriteHtmlCacheBehavior [ RunTime:0.000494s ]
INFO: [ view_filter ] --END-- [ RunTime:0.000574s ]
NOTIC: [8] Undefined variable: res D:\OfficeSoftware\phpstudy\WWW\couldbookmarks\Application\Home\Controller\IndexController.class.php 第 45 行.

[ 2017-02-25T12:11:31+08:00 ] 127.0.0.1 /index.php?m=home&c=index&a=index
INFO: [ app_init ] --START--
INFO: Run Behavior\BuildLiteBehavior [ RunTime:0.000013s ]
INFO: [ app_init ] --END-- [ RunTime:0.000347s ]
INFO: [ app_begin ] --START--
INFO: Run Behavior\ReadHtmlCacheBehavior [ RunTime:0.000428s ]
INFO: [ app_begin ] --END-- [ RunTime:0.000477s ]
NOTIC: [8192] mysql_connect(): The mysql extension is deprecated and will be removed in the future: use mysqli or PDO instead D:\OfficeSoftware\phpstudy\WWW\couldbookmarks\ThinkPHP\Library\Think\Db\Driver\Mysql.class.php 第 52 行.
SQL: SHOW COLUMNS FROM `messages` [ RunTime:0.008661s ]
SQL: SHOW COLUMNS FROM `classify` [ RunTime:0.006849s ]
SQL: SELECT * FROM `classify`  [ RunTime:0.000624s ]
SQL: SELECT * FROM `messages` ORDER BY created_at  [ RunTime:0.000653s ]
INFO: [ view_parse ] --START--
INFO: [ template_filter ] --START--
INFO: Run Behavior\ContentReplaceBehavior [ RunTime:0.000054s ]
INFO: [ template_filter ] --END-- [ RunTime:0.000110s ]
INFO: Run Behavior\ParseTemplateBehavior [ RunTime:0.011278s ]
INFO: [ view_parse ] --END-- [ RunTime:0.011361s ]
INFO: [ view_filter ] --START--
INFO: Run Behavior\WriteHtmlCacheBehavior [ RunTime:0.000244s ]
INFO: [ view_filter ] --END-- [ RunTime:0.000284s ]
NOTIC: [8] Undefined variable: res D:\OfficeSoftware\phpstudy\WWW\couldbookmarks\Application\Home\Controller\IndexController.class.php 第 45 行.

[ 2017-02-25T12:55:36+08:00 ] 127.0.0.1 /index.php?m=home&c=index&a=index
INFO: [ app_init ] --START--
INFO: Run Behavior\BuildLiteBehavior [ RunTime:0.000008s ]
INFO: [ app_init ] --END-- [ RunTime:0.000249s ]
INFO: [ app_begin ] --START--
INFO: Run Behavior\ReadHtmlCacheBehavior [ RunTime:0.000285s ]
INFO: [ app_begin ] --END-- [ RunTime:0.000317s ]
NOTIC: [8192] mysql_connect(): The mysql extension is deprecated and will be removed in the future: use mysqli or PDO instead D:\OfficeSoftware\phpstudy\WWW\couldbookmarks\ThinkPHP\Library\Think\Db\Driver\Mysql.class.php 第 52 行.
SQL: SHOW COLUMNS FROM `messages` [ RunTime:0.009688s ]
SQL: SHOW COLUMNS FROM `classify` [ RunTime:0.007494s ]
SQL: SELECT * FROM `classify`  [ RunTime:0.000650s ]
SQL: SELECT * FROM `messages` ORDER BY created_at  [ RunTime:0.000713s ]
INFO: [ view_parse ] --START--
INFO: [ template_filter ] --START--
INFO: Run Behavior\ContentReplaceBehavior [ RunTime:0.000051s ]
INFO: [ template_filter ] --END-- [ RunTime:0.000107s ]
INFO: Run Behavior\ParseTemplateBehavior [ RunTime:0.037510s ]
INFO: [ view_parse ] --END-- [ RunTime:0.037595s ]
INFO: [ view_filter ] --START--
INFO: Run Behavior\WriteHtmlCacheBehavior [ RunTime:0.000456s ]
INFO: [ view_filter ] --END-- [ RunTime:0.000502s ]
NOTIC: [8] Undefined variable: res D:\OfficeSoftware\phpstudy\WWW\couldbookmarks\Application\Home\Controller\IndexController.class.php 第 45 行.

[ 2017-02-25T12:56:56+08:00 ] 127.0.0.1 /index.php?m=home&c=index&a=index
INFO: [ app_init ] --START--
INFO: Run Behavior\BuildLiteBehavior [ RunTime:0.000008s ]
INFO: [ app_init ] --END-- [ RunTime:0.000227s ]
INFO: [ app_begin ] --START--
INFO: Run Behavior\ReadHtmlCacheBehavior [ RunTime:0.000285s ]
INFO: [ app_begin ] --END-- [ RunTime:0.000318s ]
NOTIC: [8192] mysql_connect(): The mysql extension is deprecated and will be removed in the future: use mysqli or PDO instead D:\OfficeSoftware\phpstudy\WWW\couldbookmarks\ThinkPHP\Library\Think\Db\Driver\Mysql.class.php 第 52 行.
SQL: SHOW COLUMNS FROM `messages` [ RunTime:0.008461s ]
SQL: SHOW COLUMNS FROM `classify` [ RunTime:0.006796s ]
SQL: SELECT * FROM `classify`  [ RunTime:0.000599s ]
SQL: SELECT * FROM `messages` ORDER BY created_at  [ RunTime:0.000652s ]
INFO: [ view_parse ] --START--
INFO: [ template_filter ] --START--
INFO: Run Behavior\ContentReplaceBehavior [ RunTime:0.000073s ]
INFO: [ template_filter ] --END-- [ RunTime:0.000150s ]
INFO: Run Behavior\ParseTemplateBehavior [ RunTime:0.013461s ]
INFO: [ view_parse ] --END-- [ RunTime:0.013556s ]
INFO: [ view_filter ] --START--
INFO: Run Behavior\WriteHtmlCacheBehavior [ RunTime:0.000318s ]
INFO: [ view_filter ] --END-- [ RunTime:0.000376s ]
NOTIC: [8] Undefined variable: res D:\OfficeSoftware\phpstudy\WWW\couldbookmarks\Application\Home\Controller\IndexController.class.php 第 45 行.

[ 2017-02-25T12:57:30+08:00 ] 127.0.0.1 /index.php?m=home&c=index&a=index
INFO: [ app_init ] --START--
INFO: Run Behavior\BuildLiteBehavior [ RunTime:0.000014s ]
INFO: [ app_init ] --END-- [ RunTime:0.000380s ]
INFO: [ app_begin ] --START--
INFO: Run Behavior\ReadHtmlCacheBehavior [ RunTime:0.000484s ]
INFO: [ app_begin ] --END-- [ RunTime:0.000537s ]
NOTIC: [8192] mysql_connect(): The mysql extension is deprecated and will be removed in the future: use mysqli or PDO instead D:\OfficeSoftware\phpstudy\WWW\couldbookmarks\ThinkPHP\Library\Think\Db\Driver\Mysql.class.php 第 52 行.
SQL: SHOW COLUMNS FROM `messages` [ RunTime:0.008565s ]
SQL: SHOW COLUMNS FROM `classify` [ RunTime:0.006378s ]
SQL: SELECT * FROM `classify`  [ RunTime:0.000617s ]
SQL: SELECT * FROM `messages` ORDER BY created_at  [ RunTime:0.000652s ]
INFO: [ view_parse ] --START--
INFO: [ template_filter ] --START--
INFO: Run Behavior\ContentReplaceBehavior [ RunTime:0.000107s ]
INFO: [ template_filter ] --END-- [ RunTime:0.000215s ]
INFO: Run Behavior\ParseTemplateBehavior [ RunTime:0.016385s ]
INFO: [ view_parse ] --END-- [ RunTime:0.016504s ]
INFO: [ view_filter ] --START--
INFO: Run Behavior\WriteHtmlCacheBehavior [ RunTime:0.000468s ]
INFO: [ view_filter ] --END-- [ RunTime:0.000547s ]
NOTIC: [8] Undefined variable: res D:\OfficeSoftware\phpstudy\WWW\couldbookmarks\Application\Home\Controller\IndexController.class.php 第 45 行.

[ 2017-02-25T12:58:05+08:00 ] 127.0.0.1 /index.php?m=home&c=index&a=index
INFO: [ app_init ] --START--
INFO: Run Behavior\BuildLiteBehavior [ RunTime:0.000013s ]
INFO: [ app_init ] --END-- [ RunTime:0.000441s ]
INFO: [ app_begin ] --START--
INFO: Run Behavior\ReadHtmlCacheBehavior [ RunTime:0.000518s ]
INFO: [ app_begin ] --END-- [ RunTime:0.000574s ]
NOTIC: [8192] mysql_connect(): The mysql extension is deprecated and will be removed in the future: use mysqli or PDO instead D:\OfficeSoftware\phpstudy\WWW\couldbookmarks\ThinkPHP\Library\Think\Db\Driver\Mysql.class.php 第 52 行.
SQL: SHOW COLUMNS FROM `messages` [ RunTime:0.008607s ]
SQL: SHOW COLUMNS FROM `classify` [ RunTime:0.006848s ]
SQL: SELECT * FROM `classify`  [ RunTime:0.000595s ]
SQL: SELECT * FROM `messages` ORDER BY created_at  [ RunTime:0.000660s ]
INFO: [ view_parse ] --START--
INFO: [ template_filter ] --START--
INFO: Run Behavior\ContentReplaceBehavior [ RunTime:0.000099s ]
INFO: [ template_filter ] --END-- [ RunTime:0.000211s ]
INFO: Run Behavior\ParseTemplateBehavior [ RunTime:0.017598s ]
INFO: [ view_parse ] --END-- [ RunTime:0.017724s ]
INFO: [ view_filter ] --START--
INFO: Run Behavior\WriteHtmlCacheBehavior [ RunTime:0.000966s ]
INFO: [ view_filter ] --END-- [ RunTime:0.001076s ]
NOTIC: [8] Undefined variable: res D:\OfficeSoftware\phpstudy\WWW\couldbookmarks\Application\Home\Controller\IndexController.class.php 第 45 行.

[ 2017-02-25T12:58:35+08:00 ] 127.0.0.1 /index.php?m=home&c=index&a=index
INFO: [ app_init ] --START--
INFO: Run Behavior\BuildLiteBehavior [ RunTime:0.000018s ]
INFO: [ app_init ] --END-- [ RunTime:0.000480s ]
INFO: [ app_begin ] --START--
INFO: Run Behavior\ReadHtmlCacheBehavior [ RunTime:0.000604s ]
INFO: [ app_begin ] --END-- [ RunTime:0.000676s ]
NOTIC: [8192] mysql_connect(): The mysql extension is deprecated and will be removed in the future: use mysqli or PDO instead D:\OfficeSoftware\phpstudy\WWW\couldbookmarks\ThinkPHP\Library\Think\Db\Driver\Mysql.class.php 第 52 行.
SQL: SHOW COLUMNS FROM `messages` [ RunTime:0.008729s ]
SQL: SHOW COLUMNS FROM `classify` [ RunTime:0.006555s ]
SQL: SELECT * FROM `classify`  [ RunTime:0.000632s ]
SQL: SELECT * FROM `messages` ORDER BY created_at  [ RunTime:0.000656s ]
INFO: [ view_parse ] --START--
INFO: [ template_filter ] --START--
INFO: Run Behavior\ContentReplaceBehavior [ RunTime:0.000103s ]
INFO: [ template_filter ] --END-- [ RunTime:0.000208s ]
INFO: Run Behavior\ParseTemplateBehavior [ RunTime:0.016032s ]
INFO: [ view_parse ] --END-- [ RunTime:0.016157s ]
INFO: [ view_filter ] --START--
INFO: Run Behavior\WriteHtmlCacheBehavior [ RunTime:0.000468s ]
INFO: [ view_filter ] --END-- [ RunTime:0.000551s ]
NOTIC: [8] Undefined variable: res D:\OfficeSoftware\phpstudy\WWW\couldbookmarks\Application\Home\Controller\IndexController.class.php 第 45 行.

[ 2017-02-25T12:59:43+08:00 ] 127.0.0.1 /index.php?m=home&c=index&a=index
INFO: [ app_init ] --START--
INFO: Run Behavior\BuildLiteBehavior [ RunTime:0.000015s ]
INFO: [ app_init ] --END-- [ RunTime:0.000420s ]
INFO: [ app_begin ] --START--
INFO: Run Behavior\ReadHtmlCacheBehavior [ RunTime:0.000535s ]
INFO: [ app_begin ] --END-- [ RunTime:0.000598s ]
NOTIC: [8192] mysql_connect(): The mysql extension is deprecated and will be removed in the future: use mysqli or PDO instead D:\OfficeSoftware\phpstudy\WWW\couldbookmarks\ThinkPHP\Library\Think\Db\Driver\Mysql.class.php 第 52 行.
SQL: SHOW COLUMNS FROM `messages` [ RunTime:0.010375s ]
SQL: SHOW COLUMNS FROM `classify` [ RunTime:0.006396s ]
SQL: SELECT * FROM `classify`  [ RunTime:0.000582s ]
SQL: SELECT * FROM `messages` ORDER BY created_at  [ RunTime:0.000673s ]
INFO: [ view_parse ] --START--
INFO: [ template_filter ] --START--
INFO: Run Behavior\ContentReplaceBehavior [ RunTime:0.000111s ]
INFO: [ template_filter ] --END-- [ RunTime:0.000231s ]
INFO: Run Behavior\ParseTemplateBehavior [ RunTime:0.016548s ]
INFO: [ view_parse ] --END-- [ RunTime:0.016680s ]
INFO: [ view_filter ] --START--
INFO: Run Behavior\WriteHtmlCacheBehavior [ RunTime:0.000490s ]
INFO: [ view_filter ] --END-- [ RunTime:0.000574s ]
NOTIC: [8] Undefined variable: res D:\OfficeSoftware\phpstudy\WWW\couldbookmarks\Application\Home\Controller\IndexController.class.php 第 45 行.

[ 2017-02-25T13:08:11+08:00 ] 127.0.0.1 /index.php?m=home&c=index&a=index
INFO: [ app_init ] --START--
INFO: Run Behavior\BuildLiteBehavior [ RunTime:0.000009s ]
INFO: [ app_init ] --END-- [ RunTime:0.000269s ]
INFO: [ app_begin ] --START--
INFO: Run Behavior\ReadHtmlCacheBehavior [ RunTime:0.000384s ]
INFO: [ app_begin ] --END-- [ RunTime:0.000423s ]
NOTIC: [8192] mysql_connect(): The mysql extension is deprecated and will be removed in the future: use mysqli or PDO instead D:\OfficeSoftware\phpstudy\WWW\couldbookmarks\ThinkPHP\Library\Think\Db\Driver\Mysql.class.php 第 52 行.
SQL: SHOW COLUMNS FROM `messages` [ RunTime:0.008940s ]
SQL: SHOW COLUMNS FROM `classify` [ RunTime:0.007041s ]
SQL: SELECT * FROM `classify`  [ RunTime:0.000641s ]
SQL: SELECT * FROM `messages` ORDER BY created_at  [ RunTime:0.000657s ]
INFO: [ view_parse ] --START--
INFO: [ template_filter ] --START--
INFO: Run Behavior\ContentReplaceBehavior [ RunTime:0.000071s ]
INFO: [ template_filter ] --END-- [ RunTime:0.000144s ]
INFO: Run Behavior\ParseTemplateBehavior [ RunTime:0.031449s ]
INFO: [ view_parse ] --END-- [ RunTime:0.031550s ]
INFO: [ view_filter ] --START--
INFO: Run Behavior\WriteHtmlCacheBehavior [ RunTime:0.000622s ]
INFO: [ view_filter ] --END-- [ RunTime:0.000681s ]
NOTIC: [8] Undefined variable: res D:\OfficeSoftware\phpstudy\WWW\couldbookmarks\Application\Home\Controller\IndexController.class.php 第 45 行.

[ 2017-02-25T13:11:03+08:00 ] 127.0.0.1 /index.php?m=home&c=index&a=index
INFO: [ app_init ] --START--
INFO: Run Behavior\BuildLiteBehavior [ RunTime:0.000007s ]
INFO: [ app_init ] --END-- [ RunTime:0.000540s ]
INFO: [ app_begin ] --START--
INFO: Run Behavior\ReadHtmlCacheBehavior [ RunTime:0.000434s ]
INFO: [ app_begin ] --END-- [ RunTime:0.000467s ]
NOTIC: [8192] mysql_connect(): The mysql extension is deprecated and will be removed in the future: use mysqli or PDO instead D:\OfficeSoftware\phpstudy\WWW\couldbookmarks\ThinkPHP\Library\Think\Db\Driver\Mysql.class.php 第 52 行.
SQL: SHOW COLUMNS FROM `messages` [ RunTime:0.010563s ]
SQL: SHOW COLUMNS FROM `classify` [ RunTime:0.006831s ]
SQL: SELECT * FROM `classify`  [ RunTime:0.000417s ]
SQL: SELECT * FROM `messages` ORDER BY created_at  [ RunTime:0.000455s ]
INFO: [ view_parse ] --START--
INFO: [ template_filter ] --START--
INFO: Run Behavior\ContentReplaceBehavior [ RunTime:0.000073s ]
INFO: [ template_filter ] --END-- [ RunTime:0.000147s ]
INFO: Run Behavior\ParseTemplateBehavior [ RunTime:0.012844s ]
INFO: [ view_parse ] --END-- [ RunTime:0.012925s ]
INFO: [ view_filter ] --START--
INFO: Run Behavior\WriteHtmlCacheBehavior [ RunTime:0.000638s ]
INFO: [ view_filter ] --END-- [ RunTime:0.000697s ]
NOTIC: [8] Undefined variable: res D:\OfficeSoftware\phpstudy\WWW\couldbookmarks\Application\Home\Controller\IndexController.class.php 第 45 行.

[ 2017-02-25T13:12:03+08:00 ] 127.0.0.1 /index.php?m=home&c=index&a=index
INFO: [ app_init ] --START--
INFO: Run Behavior\BuildLiteBehavior [ RunTime:0.000015s ]
INFO: [ app_init ] --END-- [ RunTime:0.000520s ]
INFO: [ app_begin ] --START--
INFO: Run Behavior\ReadHtmlCacheBehavior [ RunTime:0.000608s ]
INFO: [ app_begin ] --END-- [ RunTime:0.000674s ]
NOTIC: [8192] mysql_connect(): The mysql extension is deprecated and will be removed in the future: use mysqli or PDO instead D:\OfficeSoftware\phpstudy\WWW\couldbookmarks\ThinkPHP\Library\Think\Db\Driver\Mysql.class.php 第 52 行.
SQL: SHOW COLUMNS FROM `messages` [ RunTime:0.009281s ]
SQL: SHOW COLUMNS FROM `classify` [ RunTime:0.006746s ]
SQL: SELECT * FROM `classify`  [ RunTime:0.000625s ]
SQL: SELECT * FROM `messages` ORDER BY created_at  [ RunTime:0.000652s ]
INFO: [ view_parse ] --START--
INFO: [ template_filter ] --START--
INFO: Run Behavior\ContentReplaceBehavior [ RunTime:0.000064s ]
INFO: [ template_filter ] --END-- [ RunTime:0.000137s ]
INFO: Run Behavior\ParseTemplateBehavior [ RunTime:0.028388s ]
INFO: [ view_parse ] --END-- [ RunTime:0.028482s ]
INFO: [ view_filter ] --START--
INFO: Run Behavior\WriteHtmlCacheBehavior [ RunTime:0.000391s ]
INFO: [ view_filter ] --END-- [ RunTime:0.000445s ]
NOTIC: [8] Undefined variable: res D:\OfficeSoftware\phpstudy\WWW\couldbookmarks\Application\Home\Controller\IndexController.class.php 第 45 行.

[ 2017-02-25T13:12:47+08:00 ] 127.0.0.1 /index.php?m=home&c=index&a=index
INFO: [ app_init ] --START--
INFO: Run Behavior\BuildLiteBehavior [ RunTime:0.000012s ]
INFO: [ app_init ] --END-- [ RunTime:0.000344s ]
INFO: [ app_begin ] --START--
INFO: Run Behavior\ReadHtmlCacheBehavior [ RunTime:0.000430s ]
INFO: [ app_begin ] --END-- [ RunTime:0.000478s ]
NOTIC: [8192] mysql_connect(): The mysql extension is deprecated and will be removed in the future: use mysqli or PDO instead D:\OfficeSoftware\phpstudy\WWW\couldbookmarks\ThinkPHP\Library\Think\Db\Driver\Mysql.class.php 第 52 行.
SQL: SHOW COLUMNS FROM `messages` [ RunTime:0.004100s ]
SQL: SHOW COLUMNS FROM `classify` [ RunTime:0.002820s ]
SQL: SELECT * FROM `classify`  [ RunTime:0.000311s ]
SQL: SELECT * FROM `messages` ORDER BY created_at  [ RunTime:0.000336s ]
INFO: [ view_parse ] --START--
INFO: [ template_filter ] --START--
INFO: Run Behavior\ContentReplaceBehavior [ RunTime:0.000039s ]
INFO: [ template_filter ] --END-- [ RunTime:0.000082s ]
INFO: Run Behavior\ParseTemplateBehavior [ RunTime:0.006059s ]
INFO: [ view_parse ] --END-- [ RunTime:0.006104s ]
INFO: [ view_filter ] --START--
INFO: Run Behavior\WriteHtmlCacheBehavior [ RunTime:0.000177s ]
INFO: [ view_filter ] --END-- [ RunTime:0.000206s ]
NOTIC: [8] Undefined variable: res D:\OfficeSoftware\phpstudy\WWW\couldbookmarks\Application\Home\Controller\IndexController.class.php 第 45 行.

[ 2017-02-25T13:13:21+08:00 ] 127.0.0.1 /index.php?m=home&c=index&a=index
INFO: [ app_init ] --START--
INFO: Run Behavior\BuildLiteBehavior [ RunTime:0.000013s ]
INFO: [ app_init ] --END-- [ RunTime:0.000364s ]
INFO: [ app_begin ] --START--
INFO: Run Behavior\ReadHtmlCacheBehavior [ RunTime:0.000445s ]
INFO: [ app_begin ] --END-- [ RunTime:0.000498s ]
NOTIC: [8192] mysql_connect(): The mysql extension is deprecated and will be removed in the future: use mysqli or PDO instead D:\OfficeSoftware\phpstudy\WWW\couldbookmarks\ThinkPHP\Library\Think\Db\Driver\Mysql.class.php 第 52 行.
SQL: SHOW COLUMNS FROM `messages` [ RunTime:0.008992s ]
SQL: SHOW COLUMNS FROM `classify` [ RunTime:0.006676s ]
SQL: SELECT * FROM `classify`  [ RunTime:0.000619s ]
SQL: SELECT * FROM `messages` ORDER BY created_at  [ RunTime:0.000676s ]
INFO: [ view_parse ] --START--
INFO: [ template_filter ] --START--
INFO: Run Behavior\ContentReplaceBehavior [ RunTime:0.000064s ]
INFO: [ template_filter ] --END-- [ RunTime:0.000137s ]
INFO: Run Behavior\ParseTemplateBehavior [ RunTime:0.014892s ]
INFO: [ view_parse ] --END-- [ RunTime:0.014982s ]
INFO: [ view_filter ] --START--
INFO: Run Behavior\WriteHtmlCacheBehavior [ RunTime:0.000280s ]
INFO: [ view_filter ] --END-- [ RunTime:0.000326s ]
NOTIC: [8] Undefined variable: res D:\OfficeSoftware\phpstudy\WWW\couldbookmarks\Application\Home\Controller\IndexController.class.php 第 45 行.

[ 2017-02-25T13:13:22+08:00 ] 127.0.0.1 /index.php?m=home&c=index&a=check
INFO: [ app_init ] --START--
INFO: Run Behavior\BuildLiteBehavior [ RunTime:0.000007s ]
INFO: [ app_init ] --END-- [ RunTime:0.000205s ]
INFO: [ app_begin ] --START--
INFO: Run Behavior\ReadHtmlCacheBehavior [ RunTime:0.000249s ]
INFO: [ app_begin ] --END-- [ RunTime:0.000274s ]

[ 2017-02-25T13:13:25+08:00 ] 127.0.0.1 /index.php?m=home&c=index&a=check
INFO: [ app_init ] --START--
INFO: Run Behavior\BuildLiteBehavior [ RunTime:0.000008s ]
INFO: [ app_init ] --END-- [ RunTime:0.000204s ]
INFO: [ app_begin ] --START--
INFO: Run Behavior\ReadHtmlCacheBehavior [ RunTime:0.000250s ]
INFO: [ app_begin ] --END-- [ RunTime:0.000275s ]

[ 2017-02-25T13:17:44+08:00 ] 127.0.0.1 /index.php?m=home&c=index&a=index
INFO: [ app_init ] --START--
INFO: Run Behavior\BuildLiteBehavior [ RunTime:0.000013s ]
INFO: [ app_init ] --END-- [ RunTime:0.000398s ]
INFO: [ app_begin ] --START--
INFO: Run Behavior\ReadHtmlCacheBehavior [ RunTime:0.000481s ]
INFO: [ app_begin ] --END-- [ RunTime:0.000534s ]
NOTIC: [8192] mysql_connect(): The mysql extension is deprecated and will be removed in the future: use mysqli or PDO instead D:\OfficeSoftware\phpstudy\WWW\couldbookmarks\ThinkPHP\Library\Think\Db\Driver\Mysql.class.php 第 52 行.
SQL: SHOW COLUMNS FROM `messages` [ RunTime:0.008786s ]
SQL: SHOW COLUMNS FROM `classify` [ RunTime:0.006649s ]
SQL: SELECT * FROM `classify`  [ RunTime:0.000550s ]
SQL: SELECT * FROM `messages` ORDER BY created_at  [ RunTime:0.000654s ]
INFO: [ view_parse ] --START--
INFO: [ template_filter ] --START--
INFO: Run Behavior\ContentReplaceBehavior [ RunTime:0.000104s ]
INFO: [ template_filter ] --END-- [ RunTime:0.000219s ]
INFO: Run Behavior\ParseTemplateBehavior [ RunTime:0.018208s ]
INFO: [ view_parse ] --END-- [ RunTime:0.018354s ]
INFO: [ view_filter ] --START--
INFO: Run Behavior\WriteHtmlCacheBehavior [ RunTime:0.000634s ]
INFO: [ view_filter ] --END-- [ RunTime:0.000721s ]
NOTIC: [8] Undefined variable: res D:\OfficeSoftware\phpstudy\WWW\couldbookmarks\Application\Home\Controller\IndexController.class.php 第 45 行.

[ 2017-02-25T13:18:14+08:00 ] 127.0.0.1 /index.php?m=home&c=index&a=index
INFO: [ app_init ] --START--
INFO: Run Behavior\BuildLiteBehavior [ RunTime:0.000019s ]
INFO: [ app_init ] --END-- [ RunTime:0.000507s ]
INFO: [ app_begin ] --START--
INFO: Run Behavior\ReadHtmlCacheBehavior [ RunTime:0.000651s ]
INFO: [ app_begin ] --END-- [ RunTime:0.000726s ]
NOTIC: [8192] mysql_connect(): The mysql extension is deprecated and will be removed in the future: use mysqli or PDO instead D:\OfficeSoftware\phpstudy\WWW\couldbookmarks\ThinkPHP\Library\Think\Db\Driver\Mysql.class.php 第 52 行.
SQL: SHOW COLUMNS FROM `messages` [ RunTime:0.009079s ]
SQL: SHOW COLUMNS FROM `classify` [ RunTime:0.007451s ]
SQL: SELECT * FROM `classify`  [ RunTime:0.000656s ]
SQL: SELECT * FROM `messages` ORDER BY created_at  [ RunTime:0.000691s ]
INFO: [ view_parse ] --START--
INFO: [ template_filter ] --START--
INFO: Run Behavior\ContentReplaceBehavior [ RunTime:0.000107s ]
INFO: [ template_filter ] --END-- [ RunTime:0.000231s ]
INFO: Run Behavior\ParseTemplateBehavior [ RunTime:0.017587s ]
INFO: [ view_parse ] --END-- [ RunTime:0.017725s ]
INFO: [ view_filter ] --START--
INFO: Run Behavior\WriteHtmlCacheBehavior [ RunTime:0.000731s ]
INFO: [ view_filter ] --END-- [ RunTime:0.000807s ]
NOTIC: [8] Undefined variable: res D:\OfficeSoftware\phpstudy\WWW\couldbookmarks\Application\Home\Controller\IndexController.class.php 第 45 行.

[ 2017-02-25T13:19:09+08:00 ] 127.0.0.1 /index.php?m=home&c=index&a=index
INFO: [ app_init ] --START--
INFO: Run Behavior\BuildLiteBehavior [ RunTime:0.000008s ]
INFO: [ app_init ] --END-- [ RunTime:0.000217s ]
INFO: [ app_begin ] --START--
INFO: Run Behavior\ReadHtmlCacheBehavior [ RunTime:0.000269s ]
INFO: [ app_begin ] --END-- [ RunTime:0.000300s ]
NOTIC: [8192] mysql_connect(): The mysql extension is deprecated and will be removed in the future: use mysqli or PDO instead D:\OfficeSoftware\phpstudy\WWW\couldbookmarks\ThinkPHP\Library\Think\Db\Driver\Mysql.class.php 第 52 行.
SQL: SHOW COLUMNS FROM `messages` [ RunTime:0.009294s ]
SQL: SHOW COLUMNS FROM `classify` [ RunTime:0.006701s ]
SQL: SELECT * FROM `classify`  [ RunTime:0.000595s ]
SQL: SELECT * FROM `messages` ORDER BY created_at  [ RunTime:0.000688s ]
INFO: [ view_parse ] --START--
INFO: [ template_filter ] --START--
INFO: Run Behavior\ContentReplaceBehavior [ RunTime:0.000056s ]
INFO: [ template_filter ] --END-- [ RunTime:0.000117s ]
INFO: Run Behavior\ParseTemplateBehavior [ RunTime:0.015462s ]
INFO: [ view_parse ] --END-- [ RunTime:0.015551s ]
INFO: [ view_filter ] --START--
INFO: Run Behavior\WriteHtmlCacheBehavior [ RunTime:0.000252s ]
INFO: [ view_filter ] --END-- [ RunTime:0.000294s ]
NOTIC: [8] Undefined variable: res D:\OfficeSoftware\phpstudy\WWW\couldbookmarks\Application\Home\Controller\IndexController.class.php 第 45 行.

[ 2017-02-25T13:19:53+08:00 ] 127.0.0.1 /index.php?m=home&c=index&a=index
INFO: [ app_init ] --START--
INFO: Run Behavior\BuildLiteBehavior [ RunTime:0.000012s ]
INFO: [ app_init ] --END-- [ RunTime:0.000625s ]
INFO: [ app_begin ] --START--
INFO: Run Behavior\ReadHtmlCacheBehavior [ RunTime:0.000948s ]
INFO: [ app_begin ] --END-- [ RunTime:0.000997s ]
NOTIC: [8192] mysql_connect(): The mysql extension is deprecated and will be removed in the future: use mysqli or PDO instead D:\OfficeSoftware\phpstudy\WWW\couldbookmarks\ThinkPHP\Library\Think\Db\Driver\Mysql.class.php 第 52 行.
SQL: SHOW COLUMNS FROM `messages` [ RunTime:0.008650s ]
SQL: SHOW COLUMNS FROM `classify` [ RunTime:0.006771s ]
SQL: SELECT * FROM `classify`  [ RunTime:0.000595s ]
SQL: SELECT * FROM `messages` ORDER BY created_at  [ RunTime:0.000654s ]
INFO: [ view_parse ] --START--
INFO: [ template_filter ] --START--
INFO: Run Behavior\ContentReplaceBehavior [ RunTime:0.000058s ]
INFO: [ template_filter ] --END-- [ RunTime:0.000128s ]
INFO: Run Behavior\ParseTemplateBehavior [ RunTime:0.027686s ]
INFO: [ view_parse ] --END-- [ RunTime:0.027775s ]
INFO: [ view_filter ] --START--
INFO: Run Behavior\WriteHtmlCacheBehavior [ RunTime:0.001034s ]
INFO: [ view_filter ] --END-- [ RunTime:0.001092s ]
NOTIC: [8] Undefined variable: res D:\OfficeSoftware\phpstudy\WWW\couldbookmarks\Application\Home\Controller\IndexController.class.php 第 45 行.

[ 2017-02-25T13:28:16+08:00 ] 127.0.0.1 /index.php?m=home&c=index&a=index
INFO: [ app_init ] --START--
INFO: Run Behavior\BuildLiteBehavior [ RunTime:0.000022s ]
INFO: [ app_init ] --END-- [ RunTime:0.000331s ]
INFO: [ app_begin ] --START--
INFO: Run Behavior\ReadHtmlCacheBehavior [ RunTime:0.000307s ]
INFO: [ app_begin ] --END-- [ RunTime:0.000338s ]
NOTIC: [8192] mysql_connect(): The mysql extension is deprecated and will be removed in the future: use mysqli or PDO instead D:\OfficeSoftware\phpstudy\WWW\couldbookmarks\ThinkPHP\Library\Think\Db\Driver\Mysql.class.php 第 52 行.
SQL: SHOW COLUMNS FROM `messages` [ RunTime:0.009175s ]
SQL: SHOW COLUMNS FROM `classify` [ RunTime:0.007137s ]
SQL: SELECT * FROM `classify`  [ RunTime:0.000617s ]
SQL: SELECT * FROM `messages` ORDER BY created_at  [ RunTime:0.000450s ]
INFO: [ view_parse ] --START--
INFO: [ template_filter ] --START--
INFO: Run Behavior\ContentReplaceBehavior [ RunTime:0.000065s ]
INFO: [ template_filter ] --END-- [ RunTime:0.000136s ]
INFO: Run Behavior\ParseTemplateBehavior [ RunTime:0.027674s ]
INFO: [ view_parse ] --END-- [ RunTime:0.027752s ]
INFO: [ view_filter ] --START--
INFO: Run Behavior\WriteHtmlCacheBehavior [ RunTime:0.000409s ]
INFO: [ view_filter ] --END-- [ RunTime:0.000460s ]
NOTIC: [8] Undefined variable: res D:\OfficeSoftware\phpstudy\WWW\couldbookmarks\Application\Home\Controller\IndexController.class.php 第 45 行.

[ 2017-02-25T13:28:30+08:00 ] 127.0.0.1 /index.php?m=home&c=index&a=index
INFO: [ app_init ] --START--
INFO: Run Behavior\BuildLiteBehavior [ RunTime:0.000008s ]
INFO: [ app_init ] --END-- [ RunTime:0.000210s ]
INFO: [ app_begin ] --START--
INFO: Run Behavior\ReadHtmlCacheBehavior [ RunTime:0.000263s ]
INFO: [ app_begin ] --END-- [ RunTime:0.000294s ]
NOTIC: [8192] mysql_connect(): The mysql extension is deprecated and will be removed in the future: use mysqli or PDO instead D:\OfficeSoftware\phpstudy\WWW\couldbookmarks\ThinkPHP\Library\Think\Db\Driver\Mysql.class.php 第 52 行.
SQL: SHOW COLUMNS FROM `messages` [ RunTime:0.008982s ]
SQL: SHOW COLUMNS FROM `classify` [ RunTime:0.006695s ]
SQL: SELECT * FROM `classify`  [ RunTime:0.000633s ]
SQL: SELECT * FROM `messages` ORDER BY created_at  [ RunTime:0.000747s ]
INFO: [ view_parse ] --START--
INFO: [ template_filter ] --START--
INFO: Run Behavior\ContentReplaceBehavior [ RunTime:0.000065s ]
INFO: [ template_filter ] --END-- [ RunTime:0.000135s ]
INFO: Run Behavior\ParseTemplateBehavior [ RunTime:0.014249s ]
INFO: [ view_parse ] --END-- [ RunTime:0.014342s ]
INFO: [ view_filter ] --START--
INFO: Run Behavior\WriteHtmlCacheBehavior [ RunTime:0.000305s ]
INFO: [ view_filter ] --END-- [ RunTime:0.000358s ]
NOTIC: [8] Undefined variable: res D:\OfficeSoftware\phpstudy\WWW\couldbookmarks\Application\Home\Controller\IndexController.class.php 第 45 行.

[ 2017-02-25T13:29:03+08:00 ] 127.0.0.1 /index.php?m=home&c=index&a=index
INFO: [ app_init ] --START--
INFO: Run Behavior\BuildLiteBehavior [ RunTime:0.000013s ]
INFO: [ app_init ] --END-- [ RunTime:0.000361s ]
INFO: [ app_begin ] --START--
INFO: Run Behavior\ReadHtmlCacheBehavior [ RunTime:0.000447s ]
INFO: [ app_begin ] --END-- [ RunTime:0.000497s ]
NOTIC: [8192] mysql_connect(): The mysql extension is deprecated and will be removed in the future: use mysqli or PDO instead D:\OfficeSoftware\phpstudy\WWW\couldbookmarks\ThinkPHP\Library\Think\Db\Driver\Mysql.class.php 第 52 行.
SQL: SHOW COLUMNS FROM `messages` [ RunTime:0.006729s ]
SQL: SHOW COLUMNS FROM `classify` [ RunTime:0.005067s ]
SQL: SELECT * FROM `classify`  [ RunTime:0.000457s ]
SQL: SELECT * FROM `messages` ORDER BY created_at  [ RunTime:0.000493s ]
INFO: [ view_parse ] --START--
INFO: [ template_filter ] --START--
INFO: Run Behavior\ContentReplaceBehavior [ RunTime:0.000077s ]
INFO: [ template_filter ] --END-- [ RunTime:0.000160s ]
INFO: Run Behavior\ParseTemplateBehavior [ RunTime:0.012455s ]
INFO: [ view_parse ] --END-- [ RunTime:0.012546s ]
INFO: [ view_filter ] --START--
INFO: Run Behavior\WriteHtmlCacheBehavior [ RunTime:0.000458s ]
INFO: [ view_filter ] --END-- [ RunTime:0.000531s ]
NOTIC: [8] Undefined variable: res D:\OfficeSoftware\phpstudy\WWW\couldbookmarks\Application\Home\Controller\IndexController.class.php 第 45 行.

[ 2017-02-25T13:29:30+08:00 ] 127.0.0.1 /index.php?m=home&c=index&a=index
INFO: [ app_init ] --START--
INFO: Run Behavior\BuildLiteBehavior [ RunTime:0.000016s ]
INFO: [ app_init ] --END-- [ RunTime:0.000456s ]
INFO: [ app_begin ] --START--
INFO: Run Behavior\ReadHtmlCacheBehavior [ RunTime:0.000586s ]
INFO: [ app_begin ] --END-- [ RunTime:0.000654s ]
NOTIC: [8192] mysql_connect(): The mysql extension is deprecated and will be removed in the future: use mysqli or PDO instead D:\OfficeSoftware\phpstudy\WWW\couldbookmarks\ThinkPHP\Library\Think\Db\Driver\Mysql.class.php 第 52 行.
SQL: SHOW COLUMNS FROM `messages` [ RunTime:0.008508s ]
SQL: SHOW COLUMNS FROM `classify` [ RunTime:0.006424s ]
SQL: SELECT * FROM `classify`  [ RunTime:0.000576s ]
SQL: SELECT * FROM `messages` ORDER BY created_at  [ RunTime:0.000417s ]
INFO: [ view_parse ] --START--
INFO: [ template_filter ] --START--
INFO: Run Behavior\ContentReplaceBehavior [ RunTime:0.000067s ]
INFO: [ template_filter ] --END-- [ RunTime:0.000140s ]
INFO: Run Behavior\ParseTemplateBehavior [ RunTime:0.010079s ]
INFO: [ view_parse ] --END-- [ RunTime:0.010158s ]
INFO: [ view_filter ] --START--
INFO: Run Behavior\WriteHtmlCacheBehavior [ RunTime:0.000301s ]
INFO: [ view_filter ] --END-- [ RunTime:0.000351s ]
NOTIC: [8] Undefined variable: res D:\OfficeSoftware\phpstudy\WWW\couldbookmarks\Application\Home\Controller\IndexController.class.php 第 45 行.

[ 2017-02-25T13:29:43+08:00 ] 127.0.0.1 /index.php?m=home&c=index&a=del
INFO: [ app_init ] --START--
INFO: Run Behavior\BuildLiteBehavior [ RunTime:0.000008s ]
INFO: [ app_init ] --END-- [ RunTime:0.000201s ]
INFO: [ app_begin ] --START--
INFO: Run Behavior\ReadHtmlCacheBehavior [ RunTime:0.000255s ]
INFO: [ app_begin ] --END-- [ RunTime:0.000283s ]

[ 2017-02-25T13:30:35+08:00 ] 127.0.0.1 /index.php?m=home&c=index&a=del
INFO: [ app_init ] --START--
INFO: Run Behavior\BuildLiteBehavior [ RunTime:0.000012s ]
INFO: [ app_init ] --END-- [ RunTime:0.000379s ]
INFO: [ app_begin ] --START--
INFO: Run Behavior\ReadHtmlCacheBehavior [ RunTime:0.000476s ]
INFO: [ app_begin ] --END-- [ RunTime:0.000528s ]
NOTIC: [2048] Declaration of Common\Model\DeleteMessageModel::delete() should be compatible with Think\Model::delete($options = Array) D:\OfficeSoftware\phpstudy\WWW\couldbookmarks\Application\Common\Model\DeleteMessageModel.class.php 第 9 行.
NOTIC: [8192] mysql_connect(): The mysql extension is deprecated and will be removed in the future: use mysqli or PDO instead D:\OfficeSoftware\phpstudy\WWW\couldbookmarks\ThinkPHP\Library\Think\Db\Driver\Mysql.class.php 第 52 行.
SQL: SHOW COLUMNS FROM `delete_message` [ RunTime:0.005919s ]
ERR: 1146:Table 'couldbookmarks.delete_message' doesn't exist
 [ SQL语句 ] : SHOW COLUMNS FROM `delete_message`
SQL: SHOW COLUMNS FROM `messages` [ RunTime:0.003737s ]
SQL: DELETE FROM `messages` WHERE ( id = 1 ) [ RunTime:0.000784s ]
INFO: [ app_end ] --START--
INFO: Run Behavior\ShowPageTraceBehavior [ RunTime:0.000693s ]
INFO: [ app_end ] --END-- [ RunTime:0.000745s ]

[ 2017-02-25T13:30:40+08:00 ] 127.0.0.1 /index.php?m=home&c=index&a=index
INFO: [ app_init ] --START--
INFO: Run Behavior\BuildLiteBehavior [ RunTime:0.000012s ]
INFO: [ app_init ] --END-- [ RunTime:0.000319s ]
INFO: [ app_begin ] --START--
INFO: Run Behavior\ReadHtmlCacheBehavior [ RunTime:0.000413s ]
INFO: [ app_begin ] --END-- [ RunTime:0.000460s ]
NOTIC: [8192] mysql_connect(): The mysql extension is deprecated and will be removed in the future: use mysqli or PDO instead D:\OfficeSoftware\phpstudy\WWW\couldbookmarks\ThinkPHP\Library\Think\Db\Driver\Mysql.class.php 第 52 行.
SQL: SHOW COLUMNS FROM `messages` [ RunTime:0.010953s ]
SQL: SHOW COLUMNS FROM `classify` [ RunTime:0.006789s ]
SQL: SELECT * FROM `classify`  [ RunTime:0.000632s ]
SQL: SELECT * FROM `messages` ORDER BY created_at  [ RunTime:0.000695s ]
INFO: [ view_parse ] --START--
INFO: [ template_filter ] --START--
INFO: Run Behavior\ContentReplaceBehavior [ RunTime:0.000060s ]
INFO: [ template_filter ] --END-- [ RunTime:0.000126s ]
INFO: Run Behavior\ParseTemplateBehavior [ RunTime:0.011760s ]
INFO: [ view_parse ] --END-- [ RunTime:0.011856s ]
INFO: [ view_filter ] --START--
INFO: Run Behavior\WriteHtmlCacheBehavior [ RunTime:0.000360s ]
INFO: [ view_filter ] --END-- [ RunTime:0.000410s ]
NOTIC: [8] Undefined variable: res D:\OfficeSoftware\phpstudy\WWW\couldbookmarks\Application\Home\Controller\IndexController.class.php 第 45 行.

[ 2017-02-25T13:30:42+08:00 ] 127.0.0.1 /index.php?m=home&c=index&a=del
INFO: [ app_init ] --START--
INFO: Run Behavior\BuildLiteBehavior [ RunTime:0.000008s ]
INFO: [ app_init ] --END-- [ RunTime:0.000192s ]
INFO: [ app_begin ] --START--
INFO: Run Behavior\ReadHtmlCacheBehavior [ RunTime:0.000295s ]
INFO: [ app_begin ] --END-- [ RunTime:0.000323s ]
NOTIC: [2048] Declaration of Common\Model\DeleteMessageModel::delete() should be compatible with Think\Model::delete($options = Array) D:\OfficeSoftware\phpstudy\WWW\couldbookmarks\Application\Common\Model\DeleteMessageModel.class.php 第 9 行.
NOTIC: [8192] mysql_connect(): The mysql extension is deprecated and will be removed in the future: use mysqli or PDO instead D:\OfficeSoftware\phpstudy\WWW\couldbookmarks\ThinkPHP\Library\Think\Db\Driver\Mysql.class.php 第 52 行.
SQL: SHOW COLUMNS FROM `delete_message` [ RunTime:0.006230s ]
ERR: 1146:Table 'couldbookmarks.delete_message' doesn't exist
 [ SQL语句 ] : SHOW COLUMNS FROM `delete_message`
SQL: SHOW COLUMNS FROM `messages` [ RunTime:0.007205s ]
SQL: DELETE FROM `messages` WHERE ( id = 1 ) [ RunTime:0.000474s ]
INFO: [ app_end ] --START--
INFO: Run Behavior\ShowPageTraceBehavior [ RunTime:0.001221s ]
INFO: [ app_end ] --END-- [ RunTime:0.001332s ]

[ 2017-02-25T13:31:20+08:00 ] 127.0.0.1 /index.php?m=home&c=index&a=index
INFO: [ app_init ] --START--
INFO: Run Behavior\BuildLiteBehavior [ RunTime:0.000007s ]
INFO: [ app_init ] --END-- [ RunTime:0.000205s ]
INFO: [ app_begin ] --START--
INFO: Run Behavior\ReadHtmlCacheBehavior [ RunTime:0.000241s ]
INFO: [ app_begin ] --END-- [ RunTime:0.000269s ]
NOTIC: [8192] mysql_connect(): The mysql extension is deprecated and will be removed in the future: use mysqli or PDO instead D:\OfficeSoftware\phpstudy\WWW\couldbookmarks\ThinkPHP\Library\Think\Db\Driver\Mysql.class.php 第 52 行.
SQL: SHOW COLUMNS FROM `messages` [ RunTime:0.008524s ]
SQL: SHOW COLUMNS FROM `classify` [ RunTime:0.006625s ]
SQL: SELECT * FROM `classify`  [ RunTime:0.000634s ]
SQL: SELECT * FROM `messages` ORDER BY created_at  [ RunTime:0.000651s ]
INFO: [ view_parse ] --START--
INFO: [ template_filter ] --START--
INFO: Run Behavior\ContentReplaceBehavior [ RunTime:0.000063s ]
INFO: [ template_filter ] --END-- [ RunTime:0.000128s ]
INFO: Run Behavior\ParseTemplateBehavior [ RunTime:0.014410s ]
INFO: [ view_parse ] --END-- [ RunTime:0.014511s ]
INFO: [ view_filter ] --START--
INFO: Run Behavior\WriteHtmlCacheBehavior [ RunTime:0.000299s ]
INFO: [ view_filter ] --END-- [ RunTime:0.000351s ]
NOTIC: [8] Undefined variable: res D:\OfficeSoftware\phpstudy\WWW\couldbookmarks\Application\Home\Controller\IndexController.class.php 第 45 行.

[ 2017-02-25T13:31:24+08:00 ] 127.0.0.1 /index.php?m=home&c=index&a=del
INFO: [ app_init ] --START--
INFO: Run Behavior\BuildLiteBehavior [ RunTime:0.000008s ]
INFO: [ app_init ] --END-- [ RunTime:0.000202s ]
INFO: [ app_begin ] --START--
INFO: Run Behavior\ReadHtmlCacheBehavior [ RunTime:0.000251s ]
INFO: [ app_begin ] --END-- [ RunTime:0.000280s ]
NOTIC: [2048] Declaration of Common\Model\DeleteMessageModel::delete() should be compatible with Think\Model::delete($options = Array) D:\OfficeSoftware\phpstudy\WWW\couldbookmarks\Application\Common\Model\DeleteMessageModel.class.php 第 9 行.
NOTIC: [8192] mysql_connect(): The mysql extension is deprecated and will be removed in the future: use mysqli or PDO instead D:\OfficeSoftware\phpstudy\WWW\couldbookmarks\ThinkPHP\Library\Think\Db\Driver\Mysql.class.php 第 52 行.
SQL: SHOW COLUMNS FROM `delete_message` [ RunTime:0.008882s ]
ERR: 1146:Table 'couldbookmarks.delete_message' doesn't exist
 [ SQL语句 ] : SHOW COLUMNS FROM `delete_message`
SQL: SHOW COLUMNS FROM `messages` [ RunTime:0.007208s ]
SQL: DELETE FROM `messages` WHERE ( id = 1 ) [ RunTime:0.000738s ]

