[ 2018-08-28T00:11:18+08:00 ] ::1 /couldbookmarks/index.php?m=home&c=index&a=login
INFO: [ app_init ] --START--
INFO: Run Behavior\BuildLiteBehavior [ RunTime:0.000008s ]
INFO: [ app_init ] --END-- [ RunTime:0.000308s ]
INFO: [ app_begin ] --START--
INFO: Run Behavior\ReadHtmlCacheBehavior [ RunTime:0.000334s ]
INFO: [ app_begin ] --END-- [ RunTime:0.000358s ]
SQL: SHOW COLUMNS FROM `users` [ RunTime:0.013141s ]
NOTIC: [8] Undefined index: name D:\OfficeSoftware\phpstudy\WWW\Couldbookmarks\Application\Home\Controller\IndexController.class.php 第 136 行.
NOTIC: [8] Undefined index: password D:\OfficeSoftware\phpstudy\WWW\Couldbookmarks\Application\Home\Controller\IndexController.class.php 第 137 行.
SQL: SELECT `password` FROM `users` WHERE `username` = null LIMIT 1   [ RunTime:0.001822s ]
SQL: SELECT * FROM `users` WHERE `username` = null LIMIT 1   [ RunTime:0.000403s ]

[ 2018-08-28T00:11:47+08:00 ] ::1 /couldbookmarks/index.php?m=home&c=index&a=login
INFO: [ app_init ] --START--
INFO: Run Behavior\BuildLiteBehavior [ RunTime:0.000007s ]
INFO: [ app_init ] --END-- [ RunTime:0.000432s ]
INFO: [ app_begin ] --START--
INFO: Run Behavior\ReadHtmlCacheBehavior [ RunTime:0.000708s ]
INFO: [ app_begin ] --END-- [ RunTime:0.000742s ]
SQL: SHOW COLUMNS FROM `users` [ RunTime:0.013215s ]
SQL: SELECT `password` FROM `users` WHERE `username` = 'admin' LIMIT 1   [ RunTime:0.001305s ]
SQL: SELECT * FROM `users` WHERE `username` = 'admin' LIMIT 1   [ RunTime:0.001442s ]

[ 2018-08-28T00:11:48+08:00 ] ::1 /couldbookmarks/index.php?m=home&c=index&a=getAllMsg
INFO: [ app_init ] --START--
INFO: Run Behavior\BuildLiteBehavior [ RunTime:0.000009s ]
INFO: [ app_init ] --END-- [ RunTime:0.000541s ]
INFO: [ app_begin ] --START--
INFO: Run Behavior\ReadHtmlCacheBehavior [ RunTime:0.000750s ]
INFO: [ app_begin ] --END-- [ RunTime:0.000784s ]
SQL: SHOW COLUMNS FROM `messages` [ RunTime:0.005178s ]
SQL: SELECT * FROM `messages` ORDER BY created_at  [ RunTime:0.001054s ]

[ 2018-08-28T00:15:24+08:00 ] ::1 /couldbookmarks/index.php?m=home&c=index&a=getAllMsg
INFO: [ app_init ] --START--
INFO: Run Behavior\BuildLiteBehavior [ RunTime:0.000009s ]
INFO: [ app_init ] --END-- [ RunTime:0.001029s ]
INFO: [ app_begin ] --START--
INFO: Run Behavior\ReadHtmlCacheBehavior [ RunTime:0.000486s ]
INFO: [ app_begin ] --END-- [ RunTime:0.000521s ]
SQL: SHOW COLUMNS FROM `messages` [ RunTime:0.010128s ]
SQL: SELECT * FROM `messages` ORDER BY created_at  [ RunTime:0.001033s ]

[ 2018-08-28T00:20:43+08:00 ] ::1 /couldbookmarks/index.php?m=home&c=index&a=getAllMsg
INFO: [ app_init ] --START--
INFO: Run Behavior\BuildLiteBehavior [ RunTime:0.000009s ]
INFO: [ app_init ] --END-- [ RunTime:0.000307s ]
INFO: [ app_begin ] --START--
INFO: Run Behavior\ReadHtmlCacheBehavior [ RunTime:0.000396s ]
INFO: [ app_begin ] --END-- [ RunTime:0.000425s ]
SQL: SHOW COLUMNS FROM `messages` [ RunTime:0.011774s ]
SQL: SELECT * FROM `messages` ORDER BY created_at  [ RunTime:0.001180s ]

[ 2018-08-28T00:21:19+08:00 ] ::1 /couldbookmarks/index.php?m=home&c=index&a=getAllMsg
INFO: [ app_init ] --START--
INFO: Run Behavior\BuildLiteBehavior [ RunTime:0.000006s ]
INFO: [ app_init ] --END-- [ RunTime:0.000227s ]
INFO: [ app_begin ] --START--
INFO: Run Behavior\ReadHtmlCacheBehavior [ RunTime:0.000289s ]
INFO: [ app_begin ] --END-- [ RunTime:0.000313s ]
SQL: SHOW COLUMNS FROM `messages` [ RunTime:0.013882s ]
SQL: SELECT * FROM `messages` ORDER BY created_at  [ RunTime:0.001371s ]

[ 2018-08-28T00:22:18+08:00 ] ::1 /couldbookmarks/index.php?m=home&c=index&a=getAllMsg
INFO: [ app_init ] --START--
INFO: Run Behavior\BuildLiteBehavior [ RunTime:0.000007s ]
INFO: [ app_init ] --END-- [ RunTime:0.000258s ]
INFO: [ app_begin ] --START--
INFO: Run Behavior\ReadHtmlCacheBehavior [ RunTime:0.000301s ]
INFO: [ app_begin ] --END-- [ RunTime:0.000327s ]
SQL: SHOW COLUMNS FROM `messages` [ RunTime:0.014062s ]
SQL: SELECT * FROM `messages` ORDER BY created_at  [ RunTime:0.001483s ]

[ 2018-08-28T00:23:31+08:00 ] ::1 /couldbookmarks/index.php?m=home&c=index&a=getAllMsg
INFO: [ app_init ] --START--
INFO: Run Behavior\BuildLiteBehavior [ RunTime:0.000008s ]
INFO: [ app_init ] --END-- [ RunTime:0.000316s ]
INFO: [ app_begin ] --START--
INFO: Run Behavior\ReadHtmlCacheBehavior [ RunTime:0.000343s ]
INFO: [ app_begin ] --END-- [ RunTime:0.000375s ]
SQL: SHOW COLUMNS FROM `messages` [ RunTime:0.014302s ]
SQL: SELECT * FROM `messages` ORDER BY created_at  [ RunTime:0.000849s ]

[ 2018-08-28T00:25:01+08:00 ] ::1 /couldbookmarks/index.php?m=home&c=index&a=getAllMsg
INFO: [ app_init ] --START--
INFO: Run Behavior\BuildLiteBehavior [ RunTime:0.000006s ]
INFO: [ app_init ] --END-- [ RunTime:0.000227s ]
INFO: [ app_begin ] --START--
INFO: Run Behavior\ReadHtmlCacheBehavior [ RunTime:0.000277s ]
INFO: [ app_begin ] --END-- [ RunTime:0.000303s ]
SQL: SHOW COLUMNS FROM `messages` [ RunTime:0.013607s ]
SQL: SELECT * FROM `messages` ORDER BY created_at  [ RunTime:0.001490s ]

[ 2018-08-28T00:26:39+08:00 ] ::1 /couldbookmarks/index.php?m=home&c=index&a=getAllMsg
INFO: [ app_init ] --START--
INFO: Run Behavior\BuildLiteBehavior [ RunTime:0.000008s ]
INFO: [ app_init ] --END-- [ RunTime:0.000302s ]
INFO: [ app_begin ] --START--
INFO: Run Behavior\ReadHtmlCacheBehavior [ RunTime:0.000356s ]
INFO: [ app_begin ] --END-- [ RunTime:0.000388s ]
SQL: SHOW COLUMNS FROM `messages` [ RunTime:0.005858s ]
SQL: SELECT * FROM `messages` ORDER BY created_at  [ RunTime:0.000676s ]

[ 2018-08-28T00:28:00+08:00 ] ::1 /couldbookmarks/index.php?m=home&c=index&a=getAllMsg
INFO: [ app_init ] --START--
INFO: Run Behavior\BuildLiteBehavior [ RunTime:0.000008s ]
INFO: [ app_init ] --END-- [ RunTime:0.000349s ]
INFO: [ app_begin ] --START--
INFO: Run Behavior\ReadHtmlCacheBehavior [ RunTime:0.000366s ]
INFO: [ app_begin ] --END-- [ RunTime:0.000390s ]
SQL: SHOW COLUMNS FROM `messages` [ RunTime:0.005245s ]
SQL: SELECT * FROM `messages` ORDER BY created_at  [ RunTime:0.000511s ]

[ 2018-08-28T00:28:43+08:00 ] ::1 /couldbookmarks/index.php?m=home&c=index&a=getAllMsg
INFO: [ app_init ] --START--
INFO: Run Behavior\BuildLiteBehavior [ RunTime:0.000007s ]
INFO: [ app_init ] --END-- [ RunTime:0.000239s ]
INFO: [ app_begin ] --START--
INFO: Run Behavior\ReadHtmlCacheBehavior [ RunTime:0.000301s ]
INFO: [ app_begin ] --END-- [ RunTime:0.000330s ]
SQL: SHOW COLUMNS FROM `messages` [ RunTime:0.013232s ]
SQL: SELECT * FROM `messages` ORDER BY created_at  [ RunTime:0.001050s ]

[ 2018-08-28T00:29:56+08:00 ] ::1 /couldbookmarks/index.php?m=home&c=index&a=getAllMsg
INFO: [ app_init ] --START--
INFO: Run Behavior\BuildLiteBehavior [ RunTime:0.000008s ]
INFO: [ app_init ] --END-- [ RunTime:0.000273s ]
INFO: [ app_begin ] --START--
INFO: Run Behavior\ReadHtmlCacheBehavior [ RunTime:0.000391s ]
INFO: [ app_begin ] --END-- [ RunTime:0.000433s ]
SQL: SHOW COLUMNS FROM `messages` [ RunTime:0.005361s ]
SQL: SELECT * FROM `messages` ORDER BY created_at  [ RunTime:0.000697s ]

[ 2018-08-28T00:30:29+08:00 ] ::1 /couldbookmarks/index.php?m=home&c=index&a=getAllMsg
INFO: [ app_init ] --START--
INFO: Run Behavior\BuildLiteBehavior [ RunTime:0.000009s ]
INFO: [ app_init ] --END-- [ RunTime:0.000321s ]
INFO: [ app_begin ] --START--
INFO: Run Behavior\ReadHtmlCacheBehavior [ RunTime:0.000377s ]
INFO: [ app_begin ] --END-- [ RunTime:0.000411s ]
SQL: SHOW COLUMNS FROM `messages` [ RunTime:0.005361s ]
SQL: SELECT * FROM `messages` ORDER BY created_at  [ RunTime:0.000480s ]

[ 2018-08-28T01:24:00+08:00 ] ::1 /couldbookmarks/index.php?m=home&c=index&a=getAllMsg
INFO: [ app_init ] --START--
INFO: Run Behavior\BuildLiteBehavior [ RunTime:0.000012s ]
INFO: [ app_init ] --END-- [ RunTime:0.000385s ]
INFO: [ app_begin ] --START--
INFO: Run Behavior\ReadHtmlCacheBehavior [ RunTime:0.000413s ]
INFO: [ app_begin ] --END-- [ RunTime:0.000447s ]
SQL: SHOW COLUMNS FROM `messages` [ RunTime:0.004858s ]
NOTIC: [8] Undefined index: classify D:\OfficeSoftware\phpstudy\WWW\Couldbookmarks\Application\Home\Controller\IndexController.class.php 第 81 行.

[ 2018-08-28T01:24:08+08:00 ] ::1 /couldbookmarks/index.php?m=home&c=index&a=getAllMsg
INFO: [ app_init ] --START--
INFO: Run Behavior\BuildLiteBehavior [ RunTime:0.000007s ]
INFO: [ app_init ] --END-- [ RunTime:0.000233s ]
INFO: [ app_begin ] --START--
INFO: Run Behavior\ReadHtmlCacheBehavior [ RunTime:0.000283s ]
INFO: [ app_begin ] --END-- [ RunTime:0.000306s ]
SQL: SHOW COLUMNS FROM `messages` [ RunTime:0.004511s ]
NOTIC: [8] Undefined index: classify D:\OfficeSoftware\phpstudy\WWW\Couldbookmarks\Application\Home\Controller\IndexController.class.php 第 81 行.

[ 2018-08-28T01:25:16+08:00 ] ::1 /couldbookmarks/index.php?m=home&c=index&a=getAllMsg
INFO: [ app_init ] --START--
INFO: Run Behavior\BuildLiteBehavior [ RunTime:0.000008s ]
INFO: [ app_init ] --END-- [ RunTime:0.000247s ]
INFO: [ app_begin ] --START--
INFO: Run Behavior\ReadHtmlCacheBehavior [ RunTime:0.000301s ]
INFO: [ app_begin ] --END-- [ RunTime:0.000328s ]
SQL: SHOW COLUMNS FROM `messages` [ RunTime:0.004007s ]
NOTIC: [8] Undefined index: classify D:\OfficeSoftware\phpstudy\WWW\Couldbookmarks\Application\Home\Controller\IndexController.class.php 第 81 行.

[ 2018-08-28T01:31:35+08:00 ] ::1 /couldbookmarks/index.php?m=home&c=index&a=getAllMsg
INFO: [ app_init ] --START--
INFO: Run Behavior\BuildLiteBehavior [ RunTime:0.000008s ]
INFO: [ app_init ] --END-- [ RunTime:0.001754s ]
INFO: [ app_begin ] --START--
INFO: Run Behavior\ReadHtmlCacheBehavior [ RunTime:0.000491s ]
INFO: [ app_begin ] --END-- [ RunTime:0.000527s ]
SQL: SHOW COLUMNS FROM `messages` [ RunTime:0.009455s ]
NOTIC: [8] Undefined index: classify D:\OfficeSoftware\phpstudy\WWW\Couldbookmarks\Application\Home\Controller\IndexController.class.php 第 81 行.

[ 2018-08-28T01:33:41+08:00 ] ::1 /couldbookmarks/index.php?m=home&c=index&a=getAllMsg
INFO: [ app_init ] --START--
INFO: Run Behavior\BuildLiteBehavior [ RunTime:0.000005s ]
INFO: [ app_init ] --END-- [ RunTime:0.000265s ]
INFO: [ app_begin ] --START--
INFO: Run Behavior\ReadHtmlCacheBehavior [ RunTime:0.000435s ]
INFO: [ app_begin ] --END-- [ RunTime:0.000466s ]
SQL: SHOW COLUMNS FROM `messages` [ RunTime:0.014933s ]
SQL: SELECT * FROM `messages` ORDER BY created_at  [ RunTime:0.001582s ]

[ 2018-08-28T01:34:17+08:00 ] ::1 /couldbookmarks/index.php?m=home&c=index&a=getAllMsg
INFO: [ app_init ] --START--
INFO: Run Behavior\BuildLiteBehavior [ RunTime:0.000005s ]
INFO: [ app_init ] --END-- [ RunTime:0.000261s ]
INFO: [ app_begin ] --START--
INFO: Run Behavior\ReadHtmlCacheBehavior [ RunTime:0.000465s ]
INFO: [ app_begin ] --END-- [ RunTime:0.000499s ]
SQL: SHOW COLUMNS FROM `messages` [ RunTime:0.008494s ]
SQL: SELECT * FROM `messages` ORDER BY created_at  [ RunTime:0.000930s ]

[ 2018-08-28T01:34:32+08:00 ] ::1 /couldbookmarks/index.php?m=home&c=index&a=getAllMsg
INFO: [ app_init ] --START--
INFO: Run Behavior\BuildLiteBehavior [ RunTime:0.000006s ]
INFO: [ app_init ] --END-- [ RunTime:0.000222s ]
INFO: [ app_begin ] --START--
INFO: Run Behavior\ReadHtmlCacheBehavior [ RunTime:0.000281s ]
INFO: [ app_begin ] --END-- [ RunTime:0.000306s ]
SQL: SHOW COLUMNS FROM `messages` [ RunTime:0.005588s ]
SQL: SELECT * FROM `messages` ORDER BY created_at  [ RunTime:0.000827s ]

[ 2018-08-28T01:35:03+08:00 ] ::1 /couldbookmarks/index.php?m=home&c=index&a=getAllMsg
INFO: [ app_init ] --START--
INFO: Run Behavior\BuildLiteBehavior [ RunTime:0.000011s ]
INFO: [ app_init ] --END-- [ RunTime:0.000369s ]
INFO: [ app_begin ] --START--
INFO: Run Behavior\ReadHtmlCacheBehavior [ RunTime:0.000416s ]
INFO: [ app_begin ] --END-- [ RunTime:0.000450s ]
SQL: SHOW COLUMNS FROM `messages` [ RunTime:0.012441s ]
SQL: SELECT * FROM `messages` ORDER BY created_at  [ RunTime:0.001457s ]

[ 2018-08-28T01:35:27+08:00 ] ::1 /couldbookmarks/index.php?m=home&c=index&a=getAllMsg
INFO: [ app_init ] --START--
INFO: Run Behavior\BuildLiteBehavior [ RunTime:0.000006s ]
INFO: [ app_init ] --END-- [ RunTime:0.000229s ]
INFO: [ app_begin ] --START--
INFO: Run Behavior\ReadHtmlCacheBehavior [ RunTime:0.000277s ]
INFO: [ app_begin ] --END-- [ RunTime:0.000301s ]
SQL: SHOW COLUMNS FROM `messages` [ RunTime:0.019992s ]
SQL: SELECT * FROM `messages` ORDER BY created_at  [ RunTime:0.002679s ]

[ 2018-08-28T23:57:44+08:00 ] ::1 /couldbookmarks/
INFO: [ app_init ] --START--
INFO: Run Behavior\BuildLiteBehavior [ RunTime:0.000010s ]
INFO: [ app_init ] --END-- [ RunTime:0.000349s ]
INFO: [ app_begin ] --START--
INFO: Run Behavior\ReadHtmlCacheBehavior [ RunTime:0.000354s ]
INFO: [ app_begin ] --END-- [ RunTime:0.000381s ]
SQL: SHOW COLUMNS FROM `messages` [ RunTime:0.019127s ]
SQL: SHOW COLUMNS FROM `classify` [ RunTime:0.013854s ]
SQL: SELECT * FROM `classify`  [ RunTime:0.001718s ]
SQL: SELECT * FROM `messages` ORDER BY created_at  [ RunTime:0.001886s ]
INFO: [ view_parse ] --START--
INFO: [ template_filter ] --START--
INFO: Run Behavior\ContentReplaceBehavior [ RunTime:0.000060s ]
INFO: [ template_filter ] --END-- [ RunTime:0.000123s ]
INFO: Run Behavior\ParseTemplateBehavior [ RunTime:0.031799s ]
INFO: [ view_parse ] --END-- [ RunTime:0.031884s ]
INFO: [ view_filter ] --START--
INFO: Run Behavior\WriteHtmlCacheBehavior [ RunTime:0.000968s ]
INFO: [ view_filter ] --END-- [ RunTime:0.001044s ]
NOTIC: [8] Undefined variable: res D:\OfficeSoftware\phpstudy\WWW\Couldbookmarks\Application\Home\Controller\IndexController.class.php 第 45 行.

[ 2018-08-28T23:58:20+08:00 ] ::1 /couldbookmarks/index.php?m=home&c=index&a=login
INFO: [ app_init ] --START--
INFO: Run Behavior\BuildLiteBehavior [ RunTime:0.000007s ]
INFO: [ app_init ] --END-- [ RunTime:0.000229s ]
INFO: [ app_begin ] --START--
INFO: Run Behavior\ReadHtmlCacheBehavior [ RunTime:0.000281s ]
INFO: [ app_begin ] --END-- [ RunTime:0.000306s ]
SQL: SHOW COLUMNS FROM `users` [ RunTime:0.005423s ]
SQL: SELECT `password` FROM `users` WHERE `username` = 'test21@timevale.com' LIMIT 1   [ RunTime:0.001025s ]
SQL: SELECT * FROM `users` WHERE `username` = 'test21@timevale.com' LIMIT 1   [ RunTime:0.000528s ]

[ 2018-08-28T23:58:22+08:00 ] ::1 /couldbookmarks/index.php?m=home&c=index&a=getAllMsg
INFO: [ app_init ] --START--
INFO: Run Behavior\BuildLiteBehavior [ RunTime:0.000006s ]
INFO: [ app_init ] --END-- [ RunTime:0.000215s ]
INFO: [ app_begin ] --START--
INFO: Run Behavior\ReadHtmlCacheBehavior [ RunTime:0.000309s ]
INFO: [ app_begin ] --END-- [ RunTime:0.000332s ]
SQL: SHOW COLUMNS FROM `messages` [ RunTime:0.005110s ]
SQL: SELECT * FROM `messages` ORDER BY created_at  [ RunTime:0.000381s ]

[ 2018-08-28T23:58:29+08:00 ] ::1 /couldbookmarks/index.php?m=home&c=index&a=getAllMsg
INFO: [ app_init ] --START--
INFO: Run Behavior\BuildLiteBehavior [ RunTime:0.000008s ]
INFO: [ app_init ] --END-- [ RunTime:0.000262s ]
INFO: [ app_begin ] --START--
INFO: Run Behavior\ReadHtmlCacheBehavior [ RunTime:0.000340s ]
INFO: [ app_begin ] --END-- [ RunTime:0.000373s ]
SQL: SHOW COLUMNS FROM `messages` [ RunTime:0.006110s ]
SQL: SELECT * FROM `messages` ORDER BY created_at  [ RunTime:0.000694s ]

[ 2018-08-28T23:58:34+08:00 ] ::1 /couldbookmarks/index.php?m=home&c=index&a=getAllMsg
INFO: [ app_init ] --START--
INFO: Run Behavior\BuildLiteBehavior [ RunTime:0.000008s ]
INFO: [ app_init ] --END-- [ RunTime:0.000255s ]
INFO: [ app_begin ] --START--
INFO: Run Behavior\ReadHtmlCacheBehavior [ RunTime:0.000331s ]
INFO: [ app_begin ] --END-- [ RunTime:0.000364s ]
SQL: SHOW COLUMNS FROM `messages` [ RunTime:0.005080s ]
SQL: SELECT * FROM `messages` ORDER BY created_at  [ RunTime:0.000455s ]

